2024-08-18T19:44:56.505Z info: Default Logger initialized successfully.
2024-08-18T19:44:56.880Z info: Logger initialized successfully.
2024-08-18T19:44:56.925Z info: MQTT client initialized successfully.
2024-08-18T19:44:56.930Z info: Server is running on port 3000
2024-08-18T19:45:00.477Z info: Successfully wrote OEE metrics for machine ID: 1 to InfluxDB.
2024-08-18T19:45:05.112Z info: Successfully wrote OEE metrics for machine ID: 1 to InfluxDB.
2024-08-18T19:45:10.135Z info: Successfully wrote OEE metrics for machine ID: 1 to InfluxDB.
2024-08-18T19:45:15.104Z info: Successfully wrote OEE metrics for machine ID: 1 to InfluxDB.
2024-08-18T19:45:30.674Z info: Successfully wrote OEE metrics for machine ID: 1 to InfluxDB.
2024-08-18T19:45:40.779Z info: Successfully wrote OEE metrics for machine ID: 1 to InfluxDB.
2024-08-18T19:45:55.744Z info: Successfully wrote OEE metrics for machine ID: 1 to InfluxDB.
2024-08-18T19:46:25.209Z info: Successfully wrote OEE metrics for machine ID: 1 to InfluxDB.
2024-08-18T19:46:30.096Z info: Successfully wrote OEE metrics for machine ID: 1 to InfluxDB.
2024-08-18T19:46:35.142Z info: Successfully wrote OEE metrics for machine ID: 1 to InfluxDB.
2024-08-18T19:46:40.149Z info: Successfully wrote OEE metrics for machine ID: 1 to InfluxDB.
2024-08-18T19:46:45.106Z info: Successfully wrote OEE metrics for machine ID: 1 to InfluxDB.
2024-08-18T19:46:50.105Z info: Successfully wrote OEE metrics for machine ID: 1 to InfluxDB.
2024-08-18T19:46:55.330Z info: Successfully wrote OEE metrics for machine ID: 1 to InfluxDB.
2024-08-18T19:47:00.102Z info: Successfully wrote OEE metrics for machine ID: 1 to InfluxDB.
2024-08-18T19:47:20.735Z info: Successfully wrote OEE metrics for machine ID: 1 to InfluxDB.
2024-08-18T19:47:25.099Z info: Successfully wrote OEE metrics for machine ID: 1 to InfluxDB.
2024-08-18T19:47:30.111Z info: Successfully wrote OEE metrics for machine ID: 1 to InfluxDB.
2024-08-18T19:47:40.131Z info: Successfully wrote OEE metrics for machine ID: 1 to InfluxDB.
2024-08-18T19:47:45.108Z info: Successfully wrote OEE metrics for machine ID: 1 to InfluxDB.
2024-08-18T19:47:50.134Z info: Successfully wrote OEE metrics for machine ID: 1 to InfluxDB.
2024-08-18T19:47:55.136Z info: Successfully wrote OEE metrics for machine ID: 1 to InfluxDB.
2024-08-18T19:48:05.463Z info: Successfully wrote OEE metrics for machine ID: 1 to InfluxDB.
2024-08-18T19:48:15.147Z info: Successfully wrote OEE metrics for machine ID: 1 to InfluxDB.
2024-08-18T19:49:10.139Z info: Successfully wrote OEE metrics for machine ID: 1 to InfluxDB.
2024-08-18T19:49:15.617Z info: Successfully wrote OEE metrics for machine ID: 1 to InfluxDB.
2024-08-18T19:49:25.148Z info: Successfully wrote OEE metrics for machine ID: 1 to InfluxDB.
2024-08-18T19:49:55.465Z info: Successfully wrote OEE metrics for machine ID: 1 to InfluxDB.
2024-08-18T19:50:05.149Z info: Successfully wrote OEE metrics for machine ID: 1 to InfluxDB.
2024-08-18T19:50:11.183Z info: Default Logger initialized successfully.
2024-08-18T19:50:11.762Z info: Logger initialized successfully.
2024-08-18T19:50:11.812Z info: MQTT client initialized successfully.
2024-08-18T19:50:11.818Z info: Server is running on port 3000
2024-08-18T19:50:15.193Z info: Successfully wrote OEE metrics for machine ID: 1 to InfluxDB.
2024-08-18T19:50:25.652Z info: Successfully wrote OEE metrics for machine ID: 1 to InfluxDB.
2024-08-18T19:50:30.158Z info: Successfully wrote OEE metrics for machine ID: 1 to InfluxDB.
2024-08-18T19:50:34.994Z info: Default Logger initialized successfully.
2024-08-18T19:50:35.402Z info: Logger initialized successfully.
2024-08-18T19:50:35.451Z info: MQTT client initialized successfully.
2024-08-18T19:50:35.457Z info: Server is running on port 3000
2024-08-18T19:50:50.167Z info: Successfully wrote OEE metrics for machine ID: 1 to InfluxDB.
2024-08-18T19:51:05.153Z info: Successfully wrote OEE metrics for machine ID: 1 to InfluxDB.
2024-08-18T19:51:10.372Z info: Successfully wrote OEE metrics for machine ID: 1 to InfluxDB.
2024-08-18T19:51:26.777Z info: SIGINT signal received: closing HTTP server
2024-08-18T19:51:26.780Z info: HTTP server closed
2024-08-18T19:51:28.771Z info: Default Logger initialized successfully.
2024-08-18T19:51:29.310Z info: Logger initialized successfully.
2024-08-18T19:51:29.382Z info: MQTT client initialized successfully.
2024-08-18T19:51:29.389Z info: Server is running on port 3000
2024-08-18T19:51:30.215Z info: Successfully wrote OEE metrics for machine ID: 1 to InfluxDB.
2024-08-18T19:51:35.773Z info: Successfully wrote OEE metrics for machine ID: 1 to InfluxDB.
2024-08-18T19:51:45.178Z info: Successfully wrote OEE metrics for machine ID: 1 to InfluxDB.
2024-08-18T19:52:00.179Z info: Successfully wrote OEE metrics for machine ID: 1 to InfluxDB.
2024-08-18T19:52:05.207Z info: Successfully wrote OEE metrics for machine ID: 1 to InfluxDB.
2024-08-18T19:52:10.151Z info: Successfully wrote OEE metrics for machine ID: 1 to InfluxDB.
2024-08-18T19:52:15.144Z info: Successfully wrote OEE metrics for machine ID: 1 to InfluxDB.
2024-08-18T19:52:20.543Z info: Successfully wrote OEE metrics for machine ID: 1 to InfluxDB.
2024-08-18T19:52:30.163Z info: Successfully wrote OEE metrics for machine ID: 1 to InfluxDB.
2024-08-18T19:52:35.158Z info: Successfully wrote OEE metrics for machine ID: 1 to InfluxDB.
2024-08-18T19:52:40.155Z info: Successfully wrote OEE metrics for machine ID: 1 to InfluxDB.
2024-08-18T19:52:43.906Z info: Default Logger initialized successfully.
2024-08-18T19:52:44.293Z info: Logger initialized successfully.
2024-08-18T19:52:44.338Z info: MQTT client initialized successfully.
2024-08-18T19:52:44.344Z info: Server is running on port 3000
2024-08-18T19:52:50.459Z info: Successfully wrote OEE metrics for machine ID: 1 to InfluxDB.
2024-08-18T19:52:53.152Z info: Default Logger initialized successfully.
2024-08-18T19:52:53.577Z info: Logger initialized successfully.
2024-08-18T19:52:53.621Z info: MQTT client initialized successfully.
2024-08-18T19:52:53.627Z info: Server is running on port 3000
2024-08-18T19:52:55.374Z info: Successfully wrote OEE metrics for machine ID: 1 to InfluxDB.
2024-08-18T19:53:05.267Z info: Successfully wrote OEE metrics for machine ID: 1 to InfluxDB.
2024-08-18T19:53:10.270Z info: Successfully wrote OEE metrics for machine ID: 1 to InfluxDB.
2024-08-18T19:53:11.953Z info: SIGINT signal received: closing HTTP server
2024-08-18T19:53:11.954Z info: HTTP server closed
2024-08-18T19:53:13.780Z info: Default Logger initialized successfully.
2024-08-18T19:53:14.169Z info: Logger initialized successfully.
2024-08-18T19:53:14.213Z info: MQTT client initialized successfully.
2024-08-18T19:53:14.220Z info: Server is running on port 3000
2024-08-18T19:53:25.261Z info: Successfully wrote OEE metrics for machine ID: 1 to InfluxDB.
2024-08-18T19:53:35.252Z info: Successfully wrote OEE metrics for machine ID: 1 to InfluxDB.
2024-08-18T19:53:45.543Z info: Successfully wrote OEE metrics for machine ID: 1 to InfluxDB.
2024-08-18T19:53:50.388Z info: Successfully wrote OEE metrics for machine ID: 1 to InfluxDB.
2024-08-18T19:53:55.224Z info: Successfully wrote OEE metrics for machine ID: 1 to InfluxDB.
2024-08-18T19:54:05.247Z info: Successfully wrote OEE metrics for machine ID: 1 to InfluxDB.
2024-08-18T19:54:10.842Z info: Successfully wrote OEE metrics for machine ID: 1 to InfluxDB.
2024-08-18T19:54:20.240Z info: Successfully wrote OEE metrics for machine ID: 1 to InfluxDB.
2024-08-18T19:54:31.795Z info: Default Logger initialized successfully.
2024-08-18T19:54:32.205Z info: Logger initialized successfully.
2024-08-18T19:54:32.262Z info: MQTT client initialized successfully.
2024-08-18T19:54:32.270Z info: Server is running on port 3000
2024-08-18T19:54:40.908Z info: Successfully wrote OEE metrics for machine ID: 1 to InfluxDB.
2024-08-18T19:54:44.760Z info: SIGINT signal received: closing HTTP server
2024-08-18T19:54:44.762Z info: HTTP server closed
