2024-08-19T08:01:15.352Z info: Default Logger initialized successfully.
2024-08-19T08:01:15.793Z info: Logger initialized successfully.
2024-08-19T08:01:15.857Z info: MQTT client initialized successfully.
2024-08-19T08:01:15.866Z info: Server is running on port 3000
2024-08-19T08:01:21.103Z info: Successfully wrote OEE metrics for machine ID: 1 to InfluxDB.
2024-08-19T08:01:25.711Z info: Successfully wrote OEE metrics for machine ID: 1 to InfluxDB.
2024-08-19T08:01:51.050Z info: Successfully wrote OEE metrics for machine ID: 1 to InfluxDB.
2024-08-19T08:01:55.661Z info: Successfully wrote OEE metrics for machine ID: 1 to InfluxDB.
2024-08-19T08:01:55.706Z info: Successfully wrote OEE metrics for machine ID: 1 to InfluxDB.
2024-08-19T08:01:55.786Z info: Successfully wrote OEE metrics for machine ID: 1 to InfluxDB.
2024-08-19T08:02:00.749Z info: Successfully wrote OEE metrics for machine ID: 1 to InfluxDB.
2024-08-19T08:02:05.629Z info: Successfully wrote OEE metrics for machine ID: 1 to InfluxDB.
2024-08-19T08:02:05.688Z info: Successfully wrote OEE metrics for machine ID: 1 to InfluxDB.
2024-08-19T08:02:25.695Z info: Successfully wrote OEE metrics for machine ID: 1 to InfluxDB.
2024-08-19T08:02:25.846Z info: Successfully wrote OEE metrics for machine ID: 1 to InfluxDB.
2024-08-19T08:02:40.637Z info: Successfully wrote OEE metrics for machine ID: 1 to InfluxDB.
2024-08-19T08:02:40.766Z info: Successfully wrote OEE metrics for machine ID: 1 to InfluxDB.
2024-08-19T08:02:50.647Z info: Successfully wrote OEE metrics for machine ID: 1 to InfluxDB.
2024-08-19T08:02:50.722Z info: Successfully wrote OEE metrics for machine ID: 1 to InfluxDB.
2024-08-19T08:02:55.703Z info: Successfully wrote OEE metrics for machine ID: 1 to InfluxDB.
2024-08-19T08:02:55.782Z info: Successfully wrote OEE metrics for machine ID: 1 to InfluxDB.
2024-08-19T08:03:05.982Z info: Successfully wrote OEE metrics for machine ID: 1 to InfluxDB.
2024-08-19T08:03:15.884Z info: Successfully wrote OEE metrics for machine ID: 1 to InfluxDB.
2024-08-19T08:03:26.011Z info: Successfully wrote OEE metrics for machine ID: 1 to InfluxDB.
2024-08-19T08:03:45.657Z info: Successfully wrote OEE metrics for machine ID: 1 to InfluxDB.
2024-08-19T08:03:45.721Z info: Successfully wrote OEE metrics for machine ID: 1 to InfluxDB.
2024-08-19T08:03:55.654Z info: Successfully wrote OEE metrics for machine ID: 1 to InfluxDB.
2024-08-19T08:03:55.895Z info: Successfully wrote OEE metrics for machine ID: 1 to InfluxDB.
2024-08-19T08:04:10.882Z info: Successfully wrote OEE metrics for machine ID: 1 to InfluxDB.
2024-08-19T08:04:13.116Z info: Default Logger initialized successfully.
2024-08-19T08:04:13.650Z info: Logger initialized successfully.
2024-08-19T08:04:13.701Z info: MQTT client initialized successfully.
2024-08-19T08:04:13.708Z info: Server is running on port 3000
2024-08-19T08:04:15.704Z info: Successfully wrote OEE metrics for machine ID: 1 to InfluxDB.
2024-08-19T08:04:25.965Z info: Successfully wrote OEE metrics for machine ID: 1 to InfluxDB.
2024-08-19T08:04:40.957Z info: Successfully wrote OEE metrics for machine ID: 1 to InfluxDB.
2024-08-19T08:04:48.930Z info: Default Logger initialized successfully.
2024-08-19T08:04:49.335Z info: Logger initialized successfully.
2024-08-19T08:04:49.379Z info: MQTT client initialized successfully.
2024-08-19T08:04:49.386Z info: Server is running on port 3000
2024-08-19T08:04:50.811Z info: Successfully wrote OEE metrics for machine ID: 1 to InfluxDB.
2024-08-19T08:04:56.152Z info: Successfully wrote OEE metrics for machine ID: 1 to InfluxDB.
2024-08-19T08:04:58.368Z info: SIGINT signal received: closing HTTP server
2024-08-19T08:04:58.370Z info: HTTP server closed
2024-08-19T08:05:58.784Z info: Default Logger initialized successfully.
2024-08-19T08:05:59.283Z info: Logger initialized successfully.
2024-08-19T08:05:59.339Z info: MQTT client initialized successfully.
2024-08-19T08:05:59.346Z info: Server is running on port 3000
2024-08-19T08:06:00.919Z info: Successfully wrote OEE metrics for machine ID: 1 to InfluxDB.
2024-08-19T08:06:06.057Z info: Successfully wrote OEE metrics for machine ID: 1 to InfluxDB.
2024-08-19T08:06:10.685Z info: Successfully wrote OEE metrics for machine ID: 1 to InfluxDB.
2024-08-19T08:06:10.755Z info: Successfully wrote OEE metrics for machine ID: 1 to InfluxDB.
2024-08-19T08:06:20.976Z info: Successfully wrote OEE metrics for machine ID: 1 to InfluxDB.
2024-08-19T08:06:31.380Z info: Successfully wrote OEE metrics for machine ID: 1 to InfluxDB.
2024-08-19T08:06:35.810Z info: Successfully wrote OEE metrics for machine ID: 1 to InfluxDB.
2024-08-19T08:06:40.678Z info: Successfully wrote OEE metrics for machine ID: 1 to InfluxDB.
2024-08-19T08:06:40.755Z info: Successfully wrote OEE metrics for machine ID: 1 to InfluxDB.
2024-08-19T08:06:46.189Z info: Successfully wrote OEE metrics for machine ID: 1 to InfluxDB.
2024-08-19T08:06:56.030Z info: Successfully wrote OEE metrics for machine ID: 1 to InfluxDB.
2024-08-19T08:07:01.217Z info: Successfully wrote OEE metrics for machine ID: 1 to InfluxDB.
2024-08-19T08:07:06.176Z info: Successfully wrote OEE metrics for machine ID: 1 to InfluxDB.
2024-08-19T08:07:06.676Z info: Successfully wrote OEE metrics for machine ID: 1 to InfluxDB.
2024-08-19T08:07:10.669Z info: Successfully wrote OEE metrics for machine ID: 1 to InfluxDB.
2024-08-19T08:07:10.752Z info: Successfully wrote OEE metrics for machine ID: 1 to InfluxDB.
2024-08-19T08:07:15.864Z info: Successfully wrote OEE metrics for machine ID: 1 to InfluxDB.
2024-08-19T08:07:20.627Z info: Successfully wrote OEE metrics for machine ID: 1 to InfluxDB.
2024-08-19T08:07:20.743Z info: Successfully wrote OEE metrics for machine ID: 1 to InfluxDB.
2024-08-19T08:07:25.677Z info: Successfully wrote OEE metrics for machine ID: 1 to InfluxDB.
2024-08-19T08:07:25.747Z info: Successfully wrote OEE metrics for machine ID: 1 to InfluxDB.
2024-08-19T08:07:35.670Z info: Successfully wrote OEE metrics for machine ID: 1 to InfluxDB.
2024-08-19T08:07:35.729Z info: Successfully wrote OEE metrics for machine ID: 1 to InfluxDB.
2024-08-19T08:07:40.638Z info: Successfully wrote OEE metrics for machine ID: 1 to InfluxDB.
2024-08-19T08:07:40.742Z info: Successfully wrote OEE metrics for machine ID: 1 to InfluxDB.
2024-08-19T08:07:50.684Z info: Successfully wrote OEE metrics for machine ID: 1 to InfluxDB.
2024-08-19T08:07:50.759Z info: Successfully wrote OEE metrics for machine ID: 1 to InfluxDB.
2024-08-19T08:07:55.071Z info: SIGINT signal received: closing HTTP server
2024-08-19T08:07:55.073Z info: HTTP server closed
2024-08-19T08:07:58.553Z info: Default Logger initialized successfully.
2024-08-19T08:07:58.942Z info: Logger initialized successfully.
2024-08-19T08:07:58.989Z info: MQTT client initialized successfully.
2024-08-19T08:07:58.994Z info: Server is running on port 3000
2024-08-19T08:08:00.880Z info: Successfully wrote OEE metrics for machine ID: 1 to InfluxDB.
2024-08-19T08:08:05.826Z info: Successfully wrote OEE metrics for machine ID: 1 to InfluxDB.
2024-08-19T08:08:11.197Z info: Successfully wrote OEE metrics for machine ID: 1 to InfluxDB.
2024-08-19T08:08:35.759Z info: Successfully wrote OEE metrics for machine ID: 1 to InfluxDB.
2024-08-19T08:08:35.818Z info: Successfully wrote OEE metrics for machine ID: 1 to InfluxDB.
2024-08-19T08:08:40.992Z info: Successfully wrote OEE metrics for machine ID: 1 to InfluxDB.
2024-08-19T08:08:45.778Z info: Successfully wrote OEE metrics for machine ID: 1 to InfluxDB.
2024-08-19T08:08:50.637Z info: Successfully wrote OEE metrics for machine ID: 1 to InfluxDB.
2024-08-19T08:08:50.756Z info: Successfully wrote OEE metrics for machine ID: 1 to InfluxDB.
2024-08-19T08:08:55.992Z info: Successfully wrote OEE metrics for machine ID: 1 to InfluxDB.
2024-08-19T08:09:05.771Z info: Successfully wrote OEE metrics for machine ID: 1 to InfluxDB.
2024-08-19T08:09:05.840Z info: Successfully wrote OEE metrics for machine ID: 1 to InfluxDB.
2024-08-19T08:09:10.922Z info: Successfully wrote OEE metrics for machine ID: 1 to InfluxDB.
2024-08-19T08:09:15.696Z info: Successfully wrote OEE metrics for machine ID: 1 to InfluxDB.
2024-08-19T08:09:15.817Z info: Successfully wrote OEE metrics for machine ID: 1 to InfluxDB.
2024-08-19T08:09:21.012Z info: Successfully wrote OEE metrics for machine ID: 1 to InfluxDB.
2024-08-19T08:09:30.774Z info: Successfully wrote OEE metrics for machine ID: 1 to InfluxDB.
2024-08-19T08:09:30.885Z info: Successfully wrote OEE metrics for machine ID: 1 to InfluxDB.
2024-08-19T08:09:35.944Z info: Successfully wrote OEE metrics for machine ID: 1 to InfluxDB.
2024-08-19T08:10:15.671Z info: Successfully wrote OEE metrics for machine ID: 1 to InfluxDB.
2024-08-19T08:10:15.748Z info: Successfully wrote OEE metrics for machine ID: 1 to InfluxDB.
2024-08-19T08:10:30.713Z info: Successfully wrote OEE metrics for machine ID: 1 to InfluxDB.
2024-08-19T08:10:30.790Z info: Successfully wrote OEE metrics for machine ID: 1 to InfluxDB.
2024-08-19T08:10:45.675Z info: Successfully wrote OEE metrics for machine ID: 1 to InfluxDB.
2024-08-19T08:10:46.124Z info: Successfully wrote OEE metrics for machine ID: 1 to InfluxDB.
2024-08-19T08:10:50.963Z info: Successfully wrote OEE metrics for machine ID: 1 to InfluxDB.
2024-08-19T08:11:05.808Z info: Successfully wrote OEE metrics for machine ID: 1 to InfluxDB.
2024-08-19T08:11:10.676Z info: Successfully wrote OEE metrics for machine ID: 1 to InfluxDB.
2024-08-19T08:11:10.771Z info: Successfully wrote OEE metrics for machine ID: 1 to InfluxDB.
2024-08-19T08:11:20.724Z info: Successfully wrote OEE metrics for machine ID: 1 to InfluxDB.
2024-08-19T08:11:20.767Z info: Successfully wrote OEE metrics for machine ID: 1 to InfluxDB.
2024-08-19T08:11:25.646Z info: Successfully wrote OEE metrics for machine ID: 1 to InfluxDB.
2024-08-19T08:11:25.738Z info: Successfully wrote OEE metrics for machine ID: 1 to InfluxDB.
2024-08-19T08:11:30.939Z info: Successfully wrote OEE metrics for machine ID: 1 to InfluxDB.
2024-08-19T08:11:40.751Z info: Successfully wrote OEE metrics for machine ID: 1 to InfluxDB.
2024-08-19T08:11:41.104Z info: Successfully wrote OEE metrics for machine ID: 1 to InfluxDB.
2024-08-19T08:12:00.968Z info: Successfully wrote OEE metrics for machine ID: 1 to InfluxDB.
2024-08-19T08:12:05.672Z info: Successfully wrote OEE metrics for machine ID: 1 to InfluxDB.
2024-08-19T08:12:05.789Z info: Successfully wrote OEE metrics for machine ID: 1 to InfluxDB.
2024-08-19T08:12:10.632Z info: Successfully wrote OEE metrics for machine ID: 1 to InfluxDB.
2024-08-19T08:12:10.746Z info: Successfully wrote OEE metrics for machine ID: 1 to InfluxDB.
2024-08-19T08:12:15.970Z info: Successfully wrote OEE metrics for machine ID: 1 to InfluxDB.
2024-08-19T08:12:26.009Z info: Successfully wrote OEE metrics for machine ID: 1 to InfluxDB.
2024-08-19T08:12:50.715Z info: Successfully wrote OEE metrics for machine ID: 1 to InfluxDB.
2024-08-19T08:12:50.781Z info: Successfully wrote OEE metrics for machine ID: 1 to InfluxDB.
2024-08-19T08:13:10.891Z info: Successfully wrote OEE metrics for machine ID: 1 to InfluxDB.
2024-08-19T08:13:14.777Z info: Default Logger initialized successfully.
2024-08-19T08:13:15.232Z info: Logger initialized successfully.
2024-08-19T08:13:15.318Z info: MQTT client initialized successfully.
2024-08-19T08:13:15.329Z info: Server is running on port 3000
2024-08-19T08:13:15.716Z info: Successfully wrote OEE metrics for machine ID: 1 to InfluxDB.
2024-08-19T08:13:15.766Z info: Successfully wrote OEE metrics for machine ID: 1 to InfluxDB.
2024-08-19T08:13:20.765Z info: Successfully wrote OEE metrics for machine ID: 1 to InfluxDB.
2024-08-19T08:13:35.678Z info: Successfully wrote OEE metrics for machine ID: 1 to InfluxDB.
2024-08-19T08:13:35.757Z info: Successfully wrote OEE metrics for machine ID: 1 to InfluxDB.
2024-08-19T08:13:45.667Z info: Successfully wrote OEE metrics for machine ID: 1 to InfluxDB.
2024-08-19T08:13:45.753Z info: Successfully wrote OEE metrics for machine ID: 1 to InfluxDB.
2024-08-19T08:13:55.680Z info: Successfully wrote OEE metrics for machine ID: 1 to InfluxDB.
2024-08-19T08:13:55.764Z info: Successfully wrote OEE metrics for machine ID: 1 to InfluxDB.
2024-08-19T08:14:05.817Z info: Successfully wrote OEE metrics for machine ID: 1 to InfluxDB.
2024-08-19T08:14:20.945Z info: Successfully wrote OEE metrics for machine ID: 1 to InfluxDB.
2024-08-19T08:14:25.827Z info: Successfully wrote OEE metrics for machine ID: 1 to InfluxDB.
2024-08-19T08:14:30.655Z info: Successfully wrote OEE metrics for machine ID: 1 to InfluxDB.
2024-08-19T08:14:30.755Z info: Successfully wrote OEE metrics for machine ID: 1 to InfluxDB.
2024-08-19T08:14:36.054Z info: Successfully wrote OEE metrics for machine ID: 1 to InfluxDB.
2024-08-19T08:14:55.714Z info: Successfully wrote OEE metrics for machine ID: 1 to InfluxDB.
2024-08-19T08:14:56.001Z info: Successfully wrote OEE metrics for machine ID: 1 to InfluxDB.
2024-08-19T08:15:00.655Z info: Successfully wrote OEE metrics for machine ID: 1 to InfluxDB.
2024-08-19T08:15:01.050Z info: Successfully wrote OEE metrics for machine ID: 1 to InfluxDB.
2024-08-19T08:15:05.898Z info: Successfully wrote OEE metrics for machine ID: 1 to InfluxDB.
2024-08-19T08:15:06.298Z info: Successfully wrote OEE metrics for machine ID: 1 to InfluxDB.
2024-08-19T08:15:16.015Z info: Successfully wrote OEE metrics for machine ID: 1 to InfluxDB.
2024-08-19T08:15:16.402Z info: Successfully wrote OEE metrics for machine ID: 1 to InfluxDB.
2024-08-19T08:15:46.108Z info: Successfully wrote OEE metrics for machine ID: 1 to InfluxDB.
2024-08-19T08:15:50.657Z info: Successfully wrote OEE metrics for machine ID: 1 to InfluxDB.
2024-08-19T08:15:50.763Z info: Successfully wrote OEE metrics for machine ID: 1 to InfluxDB.
2024-08-19T08:16:00.811Z info: Successfully wrote OEE metrics for machine ID: 1 to InfluxDB.
2024-08-19T08:16:10.696Z info: Successfully wrote OEE metrics for machine ID: 1 to InfluxDB.
2024-08-19T08:16:10.793Z info: Successfully wrote OEE metrics for machine ID: 1 to InfluxDB.
2024-08-19T08:16:30.763Z info: Successfully wrote OEE metrics for machine ID: 1 to InfluxDB.
2024-08-19T08:16:40.684Z info: Successfully wrote OEE metrics for machine ID: 1 to InfluxDB.
2024-08-19T08:16:41.093Z info: Successfully wrote OEE metrics for machine ID: 1 to InfluxDB.
2024-08-19T08:16:45.648Z info: Successfully wrote OEE metrics for machine ID: 1 to InfluxDB.
2024-08-19T08:16:46.005Z info: Successfully wrote OEE metrics for machine ID: 1 to InfluxDB.
2024-08-19T08:16:50.685Z info: Successfully wrote OEE metrics for machine ID: 1 to InfluxDB.
2024-08-19T08:16:50.758Z info: Successfully wrote OEE metrics for machine ID: 1 to InfluxDB.
2024-08-19T08:16:50.799Z info: Successfully wrote OEE metrics for machine ID: 1 to InfluxDB.
2024-08-19T08:16:55.705Z info: Successfully wrote OEE metrics for machine ID: 1 to InfluxDB.
2024-08-19T08:16:56.105Z info: Successfully wrote OEE metrics for machine ID: 1 to InfluxDB.
2024-08-19T08:17:00.746Z info: Successfully wrote OEE metrics for machine ID: 1 to InfluxDB.
2024-08-19T08:17:00.841Z info: Successfully wrote OEE metrics for machine ID: 1 to InfluxDB.
2024-08-19T08:17:10.708Z info: Successfully wrote OEE metrics for machine ID: 1 to InfluxDB.
2024-08-19T08:17:10.915Z info: Successfully wrote OEE metrics for machine ID: 1 to InfluxDB.
2024-08-19T08:17:30.807Z info: Successfully wrote OEE metrics for machine ID: 1 to InfluxDB.
2024-08-19T08:17:30.928Z info: Successfully wrote OEE metrics for machine ID: 1 to InfluxDB.
2024-08-19T08:17:30.994Z info: Successfully wrote OEE metrics for machine ID: 1 to InfluxDB.
2024-08-19T08:17:35.645Z info: Successfully wrote OEE metrics for machine ID: 1 to InfluxDB.
2024-08-19T08:17:35.761Z info: Successfully wrote OEE metrics for machine ID: 1 to InfluxDB.
2024-08-19T08:17:41.223Z info: Successfully wrote OEE metrics for machine ID: 1 to InfluxDB.
2024-08-19T08:17:45.682Z info: Successfully wrote OEE metrics for machine ID: 1 to InfluxDB.
2024-08-19T08:17:45.779Z info: Successfully wrote OEE metrics for machine ID: 1 to InfluxDB.
2024-08-19T08:17:55.877Z info: Successfully wrote OEE metrics for machine ID: 1 to InfluxDB.
2024-08-19T08:18:05.678Z info: Successfully wrote OEE metrics for machine ID: 1 to InfluxDB.
2024-08-19T08:18:06.285Z info: Successfully wrote OEE metrics for machine ID: 1 to InfluxDB.
2024-08-19T08:18:10.764Z info: Successfully wrote OEE metrics for machine ID: 1 to InfluxDB.
2024-08-19T08:18:15.683Z info: Successfully wrote OEE metrics for machine ID: 1 to InfluxDB.
2024-08-19T08:18:15.803Z info: Successfully wrote OEE metrics for machine ID: 1 to InfluxDB.
2024-08-19T08:18:20.892Z info: Successfully wrote OEE metrics for machine ID: 1 to InfluxDB.
2024-08-19T08:18:25.682Z info: Successfully wrote OEE metrics for machine ID: 1 to InfluxDB.
2024-08-19T08:18:25.802Z info: Successfully wrote OEE metrics for machine ID: 1 to InfluxDB.
2024-08-19T08:18:30.665Z info: Successfully wrote OEE metrics for machine ID: 1 to InfluxDB.
2024-08-19T08:18:30.792Z info: Successfully wrote OEE metrics for machine ID: 1 to InfluxDB.
2024-08-19T08:18:40.704Z info: Successfully wrote OEE metrics for machine ID: 1 to InfluxDB.
2024-08-19T08:18:40.762Z info: Successfully wrote OEE metrics for machine ID: 1 to InfluxDB.
2024-08-19T08:18:55.687Z info: Successfully wrote OEE metrics for machine ID: 1 to InfluxDB.
2024-08-19T08:18:55.762Z info: Successfully wrote OEE metrics for machine ID: 1 to InfluxDB.
2024-08-19T08:19:00.701Z info: Successfully wrote OEE metrics for machine ID: 1 to InfluxDB.
2024-08-19T08:19:00.779Z info: Successfully wrote OEE metrics for machine ID: 1 to InfluxDB.
2024-08-19T08:19:05.727Z info: Successfully wrote OEE metrics for machine ID: 1 to InfluxDB.
2024-08-19T08:19:06.096Z info: Successfully wrote OEE metrics for machine ID: 1 to InfluxDB.
2024-08-19T08:19:10.661Z info: Successfully wrote OEE metrics for machine ID: 1 to InfluxDB.
2024-08-19T08:19:10.778Z info: Successfully wrote OEE metrics for machine ID: 1 to InfluxDB.
2024-08-19T08:19:21.010Z info: Successfully wrote OEE metrics for machine ID: 1 to InfluxDB.
2024-08-19T08:19:25.677Z info: Successfully wrote OEE metrics for machine ID: 1 to InfluxDB.
2024-08-19T08:19:25.771Z info: Successfully wrote OEE metrics for machine ID: 1 to InfluxDB.
2024-08-19T08:19:46.024Z info: Successfully wrote OEE metrics for machine ID: 1 to InfluxDB.
2024-08-19T08:19:50.709Z info: Successfully wrote OEE metrics for machine ID: 1 to InfluxDB.
2024-08-19T08:19:50.776Z info: Successfully wrote OEE metrics for machine ID: 1 to InfluxDB.
2024-08-19T08:19:55.745Z info: Successfully wrote OEE metrics for machine ID: 1 to InfluxDB.
2024-08-19T08:19:55.800Z info: Successfully wrote OEE metrics for machine ID: 1 to InfluxDB.
2024-08-19T08:20:01.021Z info: Successfully wrote OEE metrics for machine ID: 1 to InfluxDB.
2024-08-19T08:20:10.698Z info: Successfully wrote OEE metrics for machine ID: 1 to InfluxDB.
2024-08-19T08:20:10.774Z info: Successfully wrote OEE metrics for machine ID: 1 to InfluxDB.
2024-08-19T08:20:20.748Z info: Successfully wrote OEE metrics for machine ID: 1 to InfluxDB.
2024-08-19T08:20:20.794Z info: Successfully wrote OEE metrics for machine ID: 1 to InfluxDB.
2024-08-19T08:20:30.815Z info: Successfully wrote OEE metrics for machine ID: 1 to InfluxDB.
2024-08-19T08:20:35.785Z info: Successfully wrote OEE metrics for machine ID: 1 to InfluxDB.
2024-08-19T08:20:35.867Z info: Successfully wrote OEE metrics for machine ID: 1 to InfluxDB.
2024-08-19T08:20:40.796Z info: Successfully wrote OEE metrics for machine ID: 1 to InfluxDB.
2024-08-19T08:20:41.077Z info: Successfully wrote OEE metrics for machine ID: 1 to InfluxDB.
2024-08-19T08:21:01.052Z info: Successfully wrote OEE metrics for machine ID: 1 to InfluxDB.
2024-08-19T08:21:05.790Z info: Successfully wrote OEE metrics for machine ID: 1 to InfluxDB.
2024-08-19T08:21:10.754Z info: Successfully wrote OEE metrics for machine ID: 1 to InfluxDB.
2024-08-19T08:21:10.789Z info: Successfully wrote OEE metrics for machine ID: 1 to InfluxDB.
2024-08-19T08:21:30.715Z info: Successfully wrote OEE metrics for machine ID: 1 to InfluxDB.
2024-08-19T08:21:30.809Z info: Successfully wrote OEE metrics for machine ID: 1 to InfluxDB.
2024-08-19T08:21:35.685Z info: Successfully wrote OEE metrics for machine ID: 1 to InfluxDB.
2024-08-19T08:21:35.814Z info: Successfully wrote OEE metrics for machine ID: 1 to InfluxDB.
2024-08-19T08:21:41.070Z info: Successfully wrote OEE metrics for machine ID: 1 to InfluxDB.
2024-08-19T08:21:45.711Z info: Successfully wrote OEE metrics for machine ID: 1 to InfluxDB.
2024-08-19T08:21:45.977Z info: Successfully wrote OEE metrics for machine ID: 1 to InfluxDB.
2024-08-19T08:21:56.003Z info: Successfully wrote OEE metrics for machine ID: 1 to InfluxDB.
2024-08-19T08:22:00.735Z info: Successfully wrote OEE metrics for machine ID: 1 to InfluxDB.
2024-08-19T08:22:00.854Z info: Successfully wrote OEE metrics for machine ID: 1 to InfluxDB.
2024-08-19T08:22:06.575Z info: Successfully wrote OEE metrics for machine ID: 1 to InfluxDB.
2024-08-19T08:22:06.773Z info: Successfully wrote OEE metrics for machine ID: 1 to InfluxDB.
2024-08-19T08:22:20.728Z info: Successfully wrote OEE metrics for machine ID: 1 to InfluxDB.
2024-08-19T08:22:20.851Z info: Successfully wrote OEE metrics for machine ID: 1 to InfluxDB.
2024-08-19T08:22:25.945Z info: Successfully wrote OEE metrics for machine ID: 1 to InfluxDB.
2024-08-19T08:22:31.119Z info: Successfully wrote OEE metrics for machine ID: 1 to InfluxDB.
2024-08-19T08:22:36.066Z info: Successfully wrote OEE metrics for machine ID: 1 to InfluxDB.
2024-08-19T08:22:40.942Z info: Successfully wrote OEE metrics for machine ID: 1 to InfluxDB.
2024-08-19T08:22:45.723Z info: Successfully wrote OEE metrics for machine ID: 1 to InfluxDB.
2024-08-19T08:22:45.842Z info: Successfully wrote OEE metrics for machine ID: 1 to InfluxDB.
2024-08-19T08:22:50.704Z info: Successfully wrote OEE metrics for machine ID: 1 to InfluxDB.
2024-08-19T08:22:51.090Z info: Successfully wrote OEE metrics for machine ID: 1 to InfluxDB.
2024-08-19T08:22:55.732Z info: Successfully wrote OEE metrics for machine ID: 1 to InfluxDB.
2024-08-19T08:22:55.831Z info: Successfully wrote OEE metrics for machine ID: 1 to InfluxDB.
2024-08-19T08:23:00.701Z info: Successfully wrote OEE metrics for machine ID: 1 to InfluxDB.
2024-08-19T08:23:01.503Z info: Successfully wrote OEE metrics for machine ID: 1 to InfluxDB.
2024-08-19T08:23:15.729Z info: Successfully wrote OEE metrics for machine ID: 1 to InfluxDB.
2024-08-19T08:23:15.838Z info: Successfully wrote OEE metrics for machine ID: 1 to InfluxDB.
2024-08-19T08:23:25.915Z info: Successfully wrote OEE metrics for machine ID: 1 to InfluxDB.
2024-08-19T08:23:30.705Z info: Successfully wrote OEE metrics for machine ID: 1 to InfluxDB.
2024-08-19T08:23:30.862Z info: Successfully wrote OEE metrics for machine ID: 1 to InfluxDB.
2024-08-19T08:23:35.871Z info: Successfully wrote OEE metrics for machine ID: 1 to InfluxDB.
2024-08-19T08:23:45.705Z info: Successfully wrote OEE metrics for machine ID: 1 to InfluxDB.
2024-08-19T08:23:45.901Z info: Successfully wrote OEE metrics for machine ID: 1 to InfluxDB.
2024-08-19T08:23:55.761Z info: Successfully wrote OEE metrics for machine ID: 1 to InfluxDB.
2024-08-19T08:23:55.920Z info: Successfully wrote OEE metrics for machine ID: 1 to InfluxDB.
2024-08-19T08:23:55.977Z info: Successfully wrote OEE metrics for machine ID: 1 to InfluxDB.
2024-08-19T08:24:10.834Z info: Successfully wrote OEE metrics for machine ID: 1 to InfluxDB.
2024-08-19T08:24:10.875Z info: Successfully wrote OEE metrics for machine ID: 1 to InfluxDB.
2024-08-19T08:24:30.861Z info: Successfully wrote OEE metrics for machine ID: 1 to InfluxDB.
2024-08-19T08:24:40.775Z info: Successfully wrote OEE metrics for machine ID: 1 to InfluxDB.
2024-08-19T08:24:40.862Z info: Successfully wrote OEE metrics for machine ID: 1 to InfluxDB.
2024-08-19T08:25:01.080Z info: Successfully wrote OEE metrics for machine ID: 1 to InfluxDB.
2024-08-19T08:25:06.583Z info: Successfully wrote OEE metrics for machine ID: 1 to InfluxDB.
2024-08-19T08:25:07.495Z info: Successfully wrote OEE metrics for machine ID: 1 to InfluxDB.
2024-08-19T08:25:10.717Z info: Successfully wrote OEE metrics for machine ID: 1 to InfluxDB.
2024-08-19T08:25:10.862Z info: Successfully wrote OEE metrics for machine ID: 1 to InfluxDB.
2024-08-19T08:25:25.754Z info: Successfully wrote OEE metrics for machine ID: 1 to InfluxDB.
2024-08-19T08:25:25.857Z info: Successfully wrote OEE metrics for machine ID: 1 to InfluxDB.
2024-08-19T08:25:45.748Z info: Successfully wrote OEE metrics for machine ID: 1 to InfluxDB.
2024-08-19T08:25:45.854Z info: Successfully wrote OEE metrics for machine ID: 1 to InfluxDB.
2024-08-19T08:25:50.705Z info: Successfully wrote OEE metrics for machine ID: 1 to InfluxDB.
2024-08-19T08:25:50.870Z info: Successfully wrote OEE metrics for machine ID: 1 to InfluxDB.
2024-08-19T08:25:55.692Z info: Successfully wrote OEE metrics for machine ID: 1 to InfluxDB.
2024-08-19T08:25:56.062Z info: Successfully wrote OEE metrics for machine ID: 1 to InfluxDB.
2024-08-19T08:26:00.727Z info: Successfully wrote OEE metrics for machine ID: 1 to InfluxDB.
2024-08-19T08:26:00.863Z info: Successfully wrote OEE metrics for machine ID: 1 to InfluxDB.
2024-08-19T08:26:05.700Z info: Successfully wrote OEE metrics for machine ID: 1 to InfluxDB.
2024-08-19T08:26:05.864Z info: Successfully wrote OEE metrics for machine ID: 1 to InfluxDB.
2024-08-19T08:26:10.834Z info: Successfully wrote OEE metrics for machine ID: 1 to InfluxDB.
2024-08-19T08:26:15.705Z info: Successfully wrote OEE metrics for machine ID: 1 to InfluxDB.
2024-08-19T08:26:15.882Z info: Successfully wrote OEE metrics for machine ID: 1 to InfluxDB.
2024-08-19T08:26:25.906Z info: Successfully wrote OEE metrics for machine ID: 1 to InfluxDB.
2024-08-19T08:26:30.715Z info: Successfully wrote OEE metrics for machine ID: 1 to InfluxDB.
2024-08-19T08:26:30.864Z info: Successfully wrote OEE metrics for machine ID: 1 to InfluxDB.
2024-08-19T08:26:35.910Z info: Successfully wrote OEE metrics for machine ID: 1 to InfluxDB.
2024-08-19T08:26:40.854Z info: Successfully wrote OEE metrics for machine ID: 1 to InfluxDB.
2024-08-19T08:26:45.708Z info: Successfully wrote OEE metrics for machine ID: 1 to InfluxDB.
2024-08-19T08:26:45.848Z info: Successfully wrote OEE metrics for machine ID: 1 to InfluxDB.
2024-08-19T08:26:50.831Z info: Successfully wrote OEE metrics for machine ID: 1 to InfluxDB.
2024-08-19T08:26:50.907Z info: Successfully wrote OEE metrics for machine ID: 1 to InfluxDB.
2024-08-19T08:27:10.759Z info: Successfully wrote OEE metrics for machine ID: 1 to InfluxDB.
2024-08-19T08:27:10.871Z info: Successfully wrote OEE metrics for machine ID: 1 to InfluxDB.
2024-08-19T08:27:20.725Z info: Successfully wrote OEE metrics for machine ID: 1 to InfluxDB.
2024-08-19T08:27:20.851Z info: Successfully wrote OEE metrics for machine ID: 1 to InfluxDB.
2024-08-19T08:27:25.727Z info: Successfully wrote OEE metrics for machine ID: 1 to InfluxDB.
2024-08-19T08:27:25.870Z info: Successfully wrote OEE metrics for machine ID: 1 to InfluxDB.
2024-08-19T08:27:30.888Z info: Successfully wrote OEE metrics for machine ID: 1 to InfluxDB.
2024-08-19T08:27:35.733Z info: Successfully wrote OEE metrics for machine ID: 1 to InfluxDB.
2024-08-19T08:27:35.880Z info: Successfully wrote OEE metrics for machine ID: 1 to InfluxDB.
2024-08-19T08:27:50.758Z info: Successfully wrote OEE metrics for machine ID: 1 to InfluxDB.
2024-08-19T08:27:50.877Z info: Successfully wrote OEE metrics for machine ID: 1 to InfluxDB.
2024-08-19T08:27:55.719Z info: Successfully wrote OEE metrics for machine ID: 1 to InfluxDB.
2024-08-19T08:27:55.871Z info: Successfully wrote OEE metrics for machine ID: 1 to InfluxDB.
2024-08-19T08:28:00.830Z info: Successfully wrote OEE metrics for machine ID: 1 to InfluxDB.
2024-08-19T08:28:01.237Z info: Successfully wrote OEE metrics for machine ID: 1 to InfluxDB.
2024-08-19T08:28:25.747Z info: Successfully wrote OEE metrics for machine ID: 1 to InfluxDB.
2024-08-19T08:28:25.881Z info: Successfully wrote OEE metrics for machine ID: 1 to InfluxDB.
2024-08-19T08:28:31.134Z info: Successfully wrote OEE metrics for machine ID: 1 to InfluxDB.
2024-08-19T08:28:50.728Z info: Successfully wrote OEE metrics for machine ID: 1 to InfluxDB.
2024-08-19T08:28:50.862Z info: Successfully wrote OEE metrics for machine ID: 1 to InfluxDB.
2024-08-19T08:28:55.872Z info: Successfully wrote OEE metrics for machine ID: 1 to InfluxDB.
2024-08-19T08:29:00.721Z info: Successfully wrote OEE metrics for machine ID: 1 to InfluxDB.
2024-08-19T08:29:00.880Z info: Successfully wrote OEE metrics for machine ID: 1 to InfluxDB.
2024-08-19T08:29:15.745Z info: Successfully wrote OEE metrics for machine ID: 1 to InfluxDB.
2024-08-19T08:29:15.888Z info: Successfully wrote OEE metrics for machine ID: 1 to InfluxDB.
2024-08-19T08:29:20.718Z info: Successfully wrote OEE metrics for machine ID: 1 to InfluxDB.
2024-08-19T08:29:20.856Z info: Successfully wrote OEE metrics for machine ID: 1 to InfluxDB.
2024-08-19T08:29:40.784Z info: Successfully wrote OEE metrics for machine ID: 1 to InfluxDB.
2024-08-19T08:29:41.153Z info: Successfully wrote OEE metrics for machine ID: 1 to InfluxDB.
2024-08-19T08:29:45.734Z info: Successfully wrote OEE metrics for machine ID: 1 to InfluxDB.
2024-08-19T08:29:45.883Z info: Successfully wrote OEE metrics for machine ID: 1 to InfluxDB.
2024-08-19T08:30:05.930Z info: Successfully wrote OEE metrics for machine ID: 1 to InfluxDB.
2024-08-19T08:30:10.736Z info: Successfully wrote OEE metrics for machine ID: 1 to InfluxDB.
2024-08-19T08:30:11.128Z info: Successfully wrote OEE metrics for machine ID: 1 to InfluxDB.
2024-08-19T08:30:30.762Z info: Successfully wrote OEE metrics for machine ID: 1 to InfluxDB.
2024-08-19T08:30:30.949Z info: Successfully wrote OEE metrics for machine ID: 1 to InfluxDB.
2024-08-19T08:30:35.791Z info: Successfully wrote OEE metrics for machine ID: 1 to InfluxDB.
2024-08-19T08:30:36.190Z info: Successfully wrote OEE metrics for machine ID: 1 to InfluxDB.
2024-08-19T08:31:00.738Z info: Successfully wrote OEE metrics for machine ID: 1 to InfluxDB.
2024-08-19T08:31:01.089Z info: Successfully wrote OEE metrics for machine ID: 1 to InfluxDB.
2024-08-19T08:31:06.011Z info: Successfully wrote OEE metrics for machine ID: 1 to InfluxDB.
2024-08-19T08:31:10.748Z info: Successfully wrote OEE metrics for machine ID: 1 to InfluxDB.
2024-08-19T08:31:10.874Z info: Successfully wrote OEE metrics for machine ID: 1 to InfluxDB.
2024-08-19T08:31:30.749Z info: Successfully wrote OEE metrics for machine ID: 1 to InfluxDB.
2024-08-19T08:31:30.874Z info: Successfully wrote OEE metrics for machine ID: 1 to InfluxDB.
2024-08-19T08:31:40.743Z info: Successfully wrote OEE metrics for machine ID: 1 to InfluxDB.
2024-08-19T08:31:46.067Z info: Successfully wrote OEE metrics for machine ID: 1 to InfluxDB.
2024-08-19T08:31:46.116Z info: Successfully wrote OEE metrics for machine ID: 1 to InfluxDB.
2024-08-19T08:31:51.050Z info: Successfully wrote OEE metrics for machine ID: 1 to InfluxDB.
2024-08-19T08:32:00.804Z info: Successfully wrote OEE metrics for machine ID: 1 to InfluxDB.
2024-08-19T08:32:01.171Z info: Successfully wrote OEE metrics for machine ID: 1 to InfluxDB.
2024-08-19T08:32:10.728Z info: Successfully wrote OEE metrics for machine ID: 1 to InfluxDB.
2024-08-19T08:32:10.883Z info: Successfully wrote OEE metrics for machine ID: 1 to InfluxDB.
2024-08-19T08:32:15.846Z info: Successfully wrote OEE metrics for machine ID: 1 to InfluxDB.
2024-08-19T08:32:16.042Z info: Successfully wrote OEE metrics for machine ID: 1 to InfluxDB.
2024-08-19T08:32:20.710Z info: Successfully wrote OEE metrics for machine ID: 1 to InfluxDB.
2024-08-19T08:32:20.868Z info: Successfully wrote OEE metrics for machine ID: 1 to InfluxDB.
2024-08-19T08:32:31.492Z info: Successfully wrote OEE metrics for machine ID: 1 to InfluxDB.
2024-08-19T08:32:35.745Z info: Successfully wrote OEE metrics for machine ID: 1 to InfluxDB.
2024-08-19T08:32:35.884Z info: Successfully wrote OEE metrics for machine ID: 1 to InfluxDB.
2024-08-19T08:32:46.480Z info: Successfully wrote OEE metrics for machine ID: 1 to InfluxDB.
2024-08-19T08:32:50.749Z info: Successfully wrote OEE metrics for machine ID: 1 to InfluxDB.
2024-08-19T08:32:50.899Z info: Successfully wrote OEE metrics for machine ID: 1 to InfluxDB.
2024-08-19T08:32:55.719Z info: Successfully wrote OEE metrics for machine ID: 1 to InfluxDB.
2024-08-19T08:32:55.875Z info: Successfully wrote OEE metrics for machine ID: 1 to InfluxDB.
2024-08-19T08:33:01.052Z info: Successfully wrote OEE metrics for machine ID: 1 to InfluxDB.
2024-08-19T08:33:10.756Z info: Successfully wrote OEE metrics for machine ID: 1 to InfluxDB.
2024-08-19T08:33:10.879Z info: Successfully wrote OEE metrics for machine ID: 1 to InfluxDB.
2024-08-19T08:33:16.326Z info: Successfully wrote OEE metrics for machine ID: 1 to InfluxDB.
2024-08-19T08:33:26.082Z info: Successfully wrote OEE metrics for machine ID: 1 to InfluxDB.
2024-08-19T08:33:30.710Z info: Successfully wrote OEE metrics for machine ID: 1 to InfluxDB.
2024-08-19T08:33:30.910Z info: Successfully wrote OEE metrics for machine ID: 1 to InfluxDB.
2024-08-19T08:33:50.753Z info: Successfully wrote OEE metrics for machine ID: 1 to InfluxDB.
2024-08-19T08:33:50.876Z info: Successfully wrote OEE metrics for machine ID: 1 to InfluxDB.
2024-08-19T08:33:55.726Z info: Successfully wrote OEE metrics for machine ID: 1 to InfluxDB.
2024-08-19T08:33:56.068Z info: Successfully wrote OEE metrics for machine ID: 1 to InfluxDB.
2024-08-19T08:34:00.738Z info: Successfully wrote OEE metrics for machine ID: 1 to InfluxDB.
2024-08-19T08:34:00.929Z info: Successfully wrote OEE metrics for machine ID: 1 to InfluxDB.
2024-08-19T08:34:15.754Z info: Successfully wrote OEE metrics for machine ID: 1 to InfluxDB.
2024-08-19T08:34:15.884Z info: Successfully wrote OEE metrics for machine ID: 1 to InfluxDB.
2024-08-19T08:34:20.721Z info: Successfully wrote OEE metrics for machine ID: 1 to InfluxDB.
2024-08-19T08:34:20.896Z info: Successfully wrote OEE metrics for machine ID: 1 to InfluxDB.
2024-08-19T08:34:50.768Z info: Successfully wrote OEE metrics for machine ID: 1 to InfluxDB.
2024-08-19T08:34:50.883Z info: Successfully wrote OEE metrics for machine ID: 1 to InfluxDB.
2024-08-19T08:34:55.769Z info: Successfully wrote OEE metrics for machine ID: 1 to InfluxDB.
2024-08-19T08:34:56.140Z info: Successfully wrote OEE metrics for machine ID: 1 to InfluxDB.
2024-08-19T08:35:05.883Z info: Successfully wrote OEE metrics for machine ID: 1 to InfluxDB.
2024-08-19T08:35:06.258Z info: Successfully wrote OEE metrics for machine ID: 1 to InfluxDB.
2024-08-19T08:35:10.787Z info: Successfully wrote OEE metrics for machine ID: 1 to InfluxDB.
2024-08-19T08:35:10.927Z info: Successfully wrote OEE metrics for machine ID: 1 to InfluxDB.
2024-08-19T08:35:15.727Z info: Successfully wrote OEE metrics for machine ID: 1 to InfluxDB.
2024-08-19T08:35:15.899Z info: Successfully wrote OEE metrics for machine ID: 1 to InfluxDB.
2024-08-19T08:35:54.548Z info: Successfully wrote OEE metrics for machine ID: 1 to InfluxDB.
2024-08-19T08:35:54.694Z info: Successfully wrote OEE metrics for machine ID: 1 to InfluxDB.
2024-08-19T08:36:09.547Z info: Successfully wrote OEE metrics for machine ID: 1 to InfluxDB.
2024-08-19T08:36:09.669Z info: Successfully wrote OEE metrics for machine ID: 1 to InfluxDB.
2024-08-19T08:36:14.511Z info: Successfully wrote OEE metrics for machine ID: 1 to InfluxDB.
2024-08-19T08:36:14.667Z info: Successfully wrote OEE metrics for machine ID: 1 to InfluxDB.
2024-08-19T08:36:19.768Z info: Successfully wrote OEE metrics for machine ID: 1 to InfluxDB.
2024-08-19T08:36:34.580Z info: Successfully wrote OEE metrics for machine ID: 1 to InfluxDB.
2024-08-19T08:36:34.679Z info: Successfully wrote OEE metrics for machine ID: 1 to InfluxDB.
2024-08-19T08:36:39.698Z info: Successfully wrote OEE metrics for machine ID: 1 to InfluxDB.
2024-08-19T08:36:44.885Z info: Successfully wrote OEE metrics for machine ID: 1 to InfluxDB.
2024-08-19T08:36:49.534Z info: Successfully wrote OEE metrics for machine ID: 1 to InfluxDB.
2024-08-19T08:36:49.695Z info: Successfully wrote OEE metrics for machine ID: 1 to InfluxDB.
2024-08-19T08:36:54.574Z info: Successfully wrote OEE metrics for machine ID: 1 to InfluxDB.
2024-08-19T08:36:54.776Z info: Successfully wrote OEE metrics for machine ID: 1 to InfluxDB.
2024-08-19T08:37:00.028Z info: Successfully wrote OEE metrics for machine ID: 1 to InfluxDB.
2024-08-19T08:37:04.511Z info: Successfully wrote OEE metrics for machine ID: 1 to InfluxDB.
2024-08-19T08:37:04.677Z info: Successfully wrote OEE metrics for machine ID: 1 to InfluxDB.
2024-08-19T08:37:09.534Z info: Successfully wrote OEE metrics for machine ID: 1 to InfluxDB.
2024-08-19T08:37:09.684Z info: Successfully wrote OEE metrics for machine ID: 1 to InfluxDB.
2024-08-19T08:37:14.711Z info: Successfully wrote OEE metrics for machine ID: 1 to InfluxDB.
2024-08-19T08:37:19.586Z info: Successfully wrote OEE metrics for machine ID: 1 to InfluxDB.
2024-08-19T08:37:19.682Z info: Successfully wrote OEE metrics for machine ID: 1 to InfluxDB.
2024-08-19T08:37:24.542Z info: Successfully wrote OEE metrics for machine ID: 1 to InfluxDB.
2024-08-19T08:37:24.665Z info: Successfully wrote OEE metrics for machine ID: 1 to InfluxDB.
2024-08-19T08:37:34.853Z info: Successfully wrote OEE metrics for machine ID: 1 to InfluxDB.
2024-08-19T08:37:34.928Z info: Successfully wrote OEE metrics for machine ID: 1 to InfluxDB.
2024-08-19T08:37:49.534Z info: Successfully wrote OEE metrics for machine ID: 1 to InfluxDB.
2024-08-19T08:37:49.674Z info: Successfully wrote OEE metrics for machine ID: 1 to InfluxDB.
2024-08-19T08:38:04.566Z info: Successfully wrote OEE metrics for machine ID: 1 to InfluxDB.
2024-08-19T08:38:04.667Z info: Successfully wrote OEE metrics for machine ID: 1 to InfluxDB.
2024-08-19T08:38:14.530Z info: Successfully wrote OEE metrics for machine ID: 1 to InfluxDB.
2024-08-19T08:38:14.666Z info: Successfully wrote OEE metrics for machine ID: 1 to InfluxDB.
2024-08-19T08:38:19.886Z info: Successfully wrote OEE metrics for machine ID: 1 to InfluxDB.
2024-08-19T08:38:24.719Z info: Successfully wrote OEE metrics for machine ID: 1 to InfluxDB.
2024-08-19T08:38:29.598Z info: Successfully wrote OEE metrics for machine ID: 1 to InfluxDB.
2024-08-19T08:38:29.773Z info: Successfully wrote OEE metrics for machine ID: 1 to InfluxDB.
2024-08-19T08:38:44.593Z info: Successfully wrote OEE metrics for machine ID: 1 to InfluxDB.
2024-08-19T08:38:44.678Z info: Successfully wrote OEE metrics for machine ID: 1 to InfluxDB.
2024-08-19T08:47:34.657Z info: Successfully wrote OEE metrics for machine ID: 1 to InfluxDB.
2024-08-19T08:47:34.773Z info: Successfully wrote OEE metrics for machine ID: 1 to InfluxDB.
2024-08-19T08:47:39.588Z info: Successfully wrote OEE metrics for machine ID: 1 to InfluxDB.
2024-08-19T08:47:39.768Z info: Successfully wrote OEE metrics for machine ID: 1 to InfluxDB.
2024-08-19T08:47:44.613Z info: Successfully wrote OEE metrics for machine ID: 1 to InfluxDB.
2024-08-19T08:47:45.094Z info: Successfully wrote OEE metrics for machine ID: 1 to InfluxDB.
2024-08-19T08:48:04.632Z info: Successfully wrote OEE metrics for machine ID: 1 to InfluxDB.
2024-08-19T08:48:04.767Z info: Successfully wrote OEE metrics for machine ID: 1 to InfluxDB.
2024-08-19T08:48:14.722Z info: Successfully wrote OEE metrics for machine ID: 1 to InfluxDB.
2024-08-19T08:48:29.938Z info: Successfully wrote OEE metrics for machine ID: 1 to InfluxDB.
2024-08-19T08:48:39.668Z info: Successfully wrote OEE metrics for machine ID: 1 to InfluxDB.
2024-08-19T08:48:39.809Z info: Successfully wrote OEE metrics for machine ID: 1 to InfluxDB.
2024-08-19T08:48:45.271Z info: Successfully wrote OEE metrics for machine ID: 1 to InfluxDB.
2024-08-19T08:48:49.610Z info: Successfully wrote OEE metrics for machine ID: 1 to InfluxDB.
2024-08-19T08:48:49.766Z info: Successfully wrote OEE metrics for machine ID: 1 to InfluxDB.
2024-08-19T08:48:59.879Z info: Successfully wrote OEE metrics for machine ID: 1 to InfluxDB.
2024-08-19T08:49:09.696Z info: Successfully wrote OEE metrics for machine ID: 1 to InfluxDB.
2024-08-19T08:49:09.776Z info: Successfully wrote OEE metrics for machine ID: 1 to InfluxDB.
2024-08-19T08:49:14.778Z info: Successfully wrote OEE metrics for machine ID: 1 to InfluxDB.
2024-08-19T08:49:19.573Z info: Successfully wrote OEE metrics for machine ID: 1 to InfluxDB.
2024-08-19T08:49:19.752Z info: Successfully wrote OEE metrics for machine ID: 1 to InfluxDB.
2024-08-19T08:49:25.242Z info: Successfully wrote OEE metrics for machine ID: 1 to InfluxDB.
2024-08-19T08:50:04.665Z info: Successfully wrote OEE metrics for machine ID: 1 to InfluxDB.
2024-08-19T08:50:04.777Z info: Successfully wrote OEE metrics for machine ID: 1 to InfluxDB.
2024-08-19T08:50:09.802Z info: Successfully wrote OEE metrics for machine ID: 1 to InfluxDB.
2024-08-19T08:50:14.649Z info: Successfully wrote OEE metrics for machine ID: 1 to InfluxDB.
2024-08-19T08:50:14.773Z info: Successfully wrote OEE metrics for machine ID: 1 to InfluxDB.
2024-08-19T08:50:29.678Z info: Successfully wrote OEE metrics for machine ID: 1 to InfluxDB.
2024-08-19T08:50:29.775Z info: Successfully wrote OEE metrics for machine ID: 1 to InfluxDB.
2024-08-19T08:50:39.683Z info: Successfully wrote OEE metrics for machine ID: 1 to InfluxDB.
2024-08-19T08:50:40.392Z info: Successfully wrote OEE metrics for machine ID: 1 to InfluxDB.
2024-08-19T08:50:46.333Z info: Successfully wrote OEE metrics for machine ID: 1 to InfluxDB.
2024-08-19T08:50:49.787Z info: Successfully wrote OEE metrics for machine ID: 1 to InfluxDB.
2024-08-19T08:51:09.659Z info: Successfully wrote OEE metrics for machine ID: 1 to InfluxDB.
2024-08-19T08:51:09.772Z info: Successfully wrote OEE metrics for machine ID: 1 to InfluxDB.
2024-08-19T08:51:24.636Z info: Successfully wrote OEE metrics for machine ID: 1 to InfluxDB.
2024-08-19T08:51:24.772Z info: Successfully wrote OEE metrics for machine ID: 1 to InfluxDB.
2024-08-19T08:51:34.961Z info: Successfully wrote OEE metrics for machine ID: 1 to InfluxDB.
2024-08-19T08:51:39.623Z info: Successfully wrote OEE metrics for machine ID: 1 to InfluxDB.
2024-08-19T08:51:39.766Z info: Successfully wrote OEE metrics for machine ID: 1 to InfluxDB.
2024-08-19T08:51:44.860Z info: Successfully wrote OEE metrics for machine ID: 1 to InfluxDB.
2024-08-19T08:51:45.042Z info: Successfully wrote OEE metrics for machine ID: 1 to InfluxDB.
2024-08-19T08:51:54.672Z info: Successfully wrote OEE metrics for machine ID: 1 to InfluxDB.
2024-08-19T08:51:54.827Z info: Successfully wrote OEE metrics for machine ID: 1 to InfluxDB.
2024-08-19T08:51:59.631Z info: Successfully wrote OEE metrics for machine ID: 1 to InfluxDB.
2024-08-19T08:51:59.842Z info: Successfully wrote OEE metrics for machine ID: 1 to InfluxDB.
2024-08-19T08:52:20.071Z info: Successfully wrote OEE metrics for machine ID: 1 to InfluxDB.
2024-08-19T08:52:24.631Z info: Successfully wrote OEE metrics for machine ID: 1 to InfluxDB.
2024-08-19T08:52:24.787Z info: Successfully wrote OEE metrics for machine ID: 1 to InfluxDB.
2024-08-19T08:52:29.964Z info: Successfully wrote OEE metrics for machine ID: 1 to InfluxDB.
2024-08-19T08:52:30.949Z info: Successfully wrote OEE metrics for machine ID: 1 to InfluxDB.
2024-08-19T08:52:54.837Z info: Successfully wrote OEE metrics for machine ID: 1 to InfluxDB.
2024-08-19T08:52:59.761Z info: Successfully wrote OEE metrics for machine ID: 1 to InfluxDB.
2024-08-19T08:53:09.710Z info: Successfully wrote OEE metrics for machine ID: 1 to InfluxDB.
2024-08-19T08:53:09.870Z info: Successfully wrote OEE metrics for machine ID: 1 to InfluxDB.
2024-08-19T08:53:14.810Z info: Successfully wrote OEE metrics for machine ID: 1 to InfluxDB.
2024-08-19T08:53:19.617Z info: Successfully wrote OEE metrics for machine ID: 1 to InfluxDB.
2024-08-19T08:53:19.787Z info: Successfully wrote OEE metrics for machine ID: 1 to InfluxDB.
2024-08-19T08:53:30.145Z info: Successfully wrote OEE metrics for machine ID: 1 to InfluxDB.
2024-08-19T08:53:39.806Z info: Successfully wrote OEE metrics for machine ID: 1 to InfluxDB.
2024-08-19T08:53:44.824Z info: Successfully wrote OEE metrics for machine ID: 1 to InfluxDB.
2024-08-19T08:53:49.629Z info: Successfully wrote OEE metrics for machine ID: 1 to InfluxDB.
2024-08-19T08:53:49.809Z info: Successfully wrote OEE metrics for machine ID: 1 to InfluxDB.
2024-08-19T08:53:54.961Z info: Successfully wrote OEE metrics for machine ID: 1 to InfluxDB.
2024-08-19T08:53:59.614Z info: Successfully wrote OEE metrics for machine ID: 1 to InfluxDB.
2024-08-19T08:53:59.793Z info: Successfully wrote OEE metrics for machine ID: 1 to InfluxDB.
2024-08-19T08:54:04.647Z info: Successfully wrote OEE metrics for machine ID: 1 to InfluxDB.
2024-08-19T08:54:04.776Z info: Successfully wrote OEE metrics for machine ID: 1 to InfluxDB.
2024-08-19T08:54:15.354Z info: Successfully wrote OEE metrics for machine ID: 1 to InfluxDB.
2024-08-19T08:54:19.645Z info: Successfully wrote OEE metrics for machine ID: 1 to InfluxDB.
2024-08-19T08:54:19.820Z info: Successfully wrote OEE metrics for machine ID: 1 to InfluxDB.
2024-08-19T08:54:29.711Z info: Successfully wrote OEE metrics for machine ID: 1 to InfluxDB.
2024-08-19T08:54:29.868Z info: Successfully wrote OEE metrics for machine ID: 1 to InfluxDB.
2024-08-19T08:54:40.203Z info: Successfully wrote OEE metrics for machine ID: 1 to InfluxDB.
2024-08-19T08:54:49.655Z info: Successfully wrote OEE metrics for machine ID: 1 to InfluxDB.
2024-08-19T08:54:49.817Z info: Successfully wrote OEE metrics for machine ID: 1 to InfluxDB.
2024-08-19T08:54:54.832Z info: Successfully wrote OEE metrics for machine ID: 1 to InfluxDB.
2024-08-19T08:54:55.203Z info: Successfully wrote OEE metrics for machine ID: 1 to InfluxDB.
2024-08-19T08:54:59.644Z info: Successfully wrote OEE metrics for machine ID: 1 to InfluxDB.
2024-08-19T08:54:59.798Z info: Successfully wrote OEE metrics for machine ID: 1 to InfluxDB.
2024-08-19T08:55:09.760Z info: Successfully wrote OEE metrics for machine ID: 1 to InfluxDB.
2024-08-19T08:55:10.120Z info: Successfully wrote OEE metrics for machine ID: 1 to InfluxDB.
2024-08-19T08:55:14.616Z info: Successfully wrote OEE metrics for machine ID: 1 to InfluxDB.
2024-08-19T08:55:14.819Z info: Successfully wrote OEE metrics for machine ID: 1 to InfluxDB.
2024-08-19T08:55:24.750Z info: Successfully wrote OEE metrics for machine ID: 1 to InfluxDB.
2024-08-19T08:55:24.812Z info: Successfully wrote OEE metrics for machine ID: 1 to InfluxDB.
2024-08-19T08:55:44.703Z info: Successfully wrote OEE metrics for machine ID: 1 to InfluxDB.
2024-08-19T08:55:44.800Z info: Successfully wrote OEE metrics for machine ID: 1 to InfluxDB.
2024-08-19T08:55:49.722Z info: Successfully wrote OEE metrics for machine ID: 1 to InfluxDB.
2024-08-19T08:55:50.048Z info: Successfully wrote OEE metrics for machine ID: 1 to InfluxDB.
2024-08-19T08:55:54.605Z info: Successfully wrote OEE metrics for machine ID: 1 to InfluxDB.
2024-08-19T08:55:54.772Z info: Successfully wrote OEE metrics for machine ID: 1 to InfluxDB.
2024-08-19T08:55:59.633Z info: Successfully wrote OEE metrics for machine ID: 1 to InfluxDB.
2024-08-19T08:55:59.819Z info: Successfully wrote OEE metrics for machine ID: 1 to InfluxDB.
2024-08-19T08:56:04.675Z info: Successfully wrote OEE metrics for machine ID: 1 to InfluxDB.
2024-08-19T08:56:14.702Z info: Successfully wrote OEE metrics for machine ID: 1 to InfluxDB.
2024-08-19T08:56:14.832Z info: Successfully wrote OEE metrics for machine ID: 1 to InfluxDB.
2024-08-19T08:56:19.648Z info: Successfully wrote OEE metrics for machine ID: 1 to InfluxDB.
2024-08-19T08:56:20.064Z info: Successfully wrote OEE metrics for machine ID: 1 to InfluxDB.
2024-08-19T08:56:24.618Z info: Successfully wrote OEE metrics for machine ID: 1 to InfluxDB.
2024-08-19T08:56:24.780Z info: Successfully wrote OEE metrics for machine ID: 1 to InfluxDB.
2024-08-19T08:56:29.652Z info: Successfully wrote OEE metrics for machine ID: 1 to InfluxDB.
2024-08-19T08:56:29.789Z info: Successfully wrote OEE metrics for machine ID: 1 to InfluxDB.
2024-08-19T08:56:34.664Z info: Successfully wrote OEE metrics for machine ID: 1 to InfluxDB.
2024-08-19T08:56:35.003Z info: Successfully wrote OEE metrics for machine ID: 1 to InfluxDB.
2024-08-19T08:56:39.645Z info: Successfully wrote OEE metrics for machine ID: 1 to InfluxDB.
2024-08-19T08:56:39.802Z info: Successfully wrote OEE metrics for machine ID: 1 to InfluxDB.
2024-08-19T08:56:44.663Z info: Successfully wrote OEE metrics for machine ID: 1 to InfluxDB.
2024-08-19T08:56:45.076Z info: Successfully wrote OEE metrics for machine ID: 1 to InfluxDB.
2024-08-19T08:56:49.652Z info: Successfully wrote OEE metrics for machine ID: 1 to InfluxDB.
2024-08-19T08:56:49.997Z info: Successfully wrote OEE metrics for machine ID: 1 to InfluxDB.
2024-08-19T08:56:54.627Z info: Successfully wrote OEE metrics for machine ID: 1 to InfluxDB.
2024-08-19T08:56:54.818Z info: Successfully wrote OEE metrics for machine ID: 1 to InfluxDB.
2024-08-19T08:57:04.647Z info: Successfully wrote OEE metrics for machine ID: 1 to InfluxDB.
2024-08-19T08:57:04.793Z info: Successfully wrote OEE metrics for machine ID: 1 to InfluxDB.
2024-08-19T08:57:19.685Z info: Successfully wrote OEE metrics for machine ID: 1 to InfluxDB.
2024-08-19T08:57:19.808Z info: Successfully wrote OEE metrics for machine ID: 1 to InfluxDB.
2024-08-19T08:57:34.676Z info: Successfully wrote OEE metrics for machine ID: 1 to InfluxDB.
2024-08-19T08:57:34.801Z info: Successfully wrote OEE metrics for machine ID: 1 to InfluxDB.
2024-08-19T08:57:39.718Z info: Successfully wrote OEE metrics for machine ID: 1 to InfluxDB.
2024-08-19T08:57:39.850Z info: Successfully wrote OEE metrics for machine ID: 1 to InfluxDB.
2024-08-19T08:58:00.363Z info: Successfully wrote OEE metrics for machine ID: 1 to InfluxDB.
2024-08-19T08:58:04.709Z info: Successfully wrote OEE metrics for machine ID: 1 to InfluxDB.
2024-08-19T08:58:05.056Z info: Successfully wrote OEE metrics for machine ID: 1 to InfluxDB.
2024-08-19T08:58:09.673Z info: Successfully wrote OEE metrics for machine ID: 1 to InfluxDB.
2024-08-19T08:58:09.840Z info: Successfully wrote OEE metrics for machine ID: 1 to InfluxDB.
2024-08-19T08:58:15.286Z info: Successfully wrote OEE metrics for machine ID: 1 to InfluxDB.
2024-08-19T08:58:19.677Z info: Successfully wrote OEE metrics for machine ID: 1 to InfluxDB.
2024-08-19T08:58:20.158Z info: Successfully wrote OEE metrics for machine ID: 1 to InfluxDB.
2024-08-19T08:58:25.050Z info: Successfully wrote OEE metrics for machine ID: 1 to InfluxDB.
2024-08-19T08:58:29.906Z info: Successfully wrote OEE metrics for machine ID: 1 to InfluxDB.
2024-08-19T08:58:40.064Z info: Successfully wrote OEE metrics for machine ID: 1 to InfluxDB.
2024-08-19T08:58:49.686Z info: Successfully wrote OEE metrics for machine ID: 1 to InfluxDB.
2024-08-19T08:58:49.885Z info: Successfully wrote OEE metrics for machine ID: 1 to InfluxDB.
2024-08-19T08:59:10.051Z info: Successfully wrote OEE metrics for machine ID: 1 to InfluxDB.
2024-08-19T08:59:14.630Z info: Successfully wrote OEE metrics for machine ID: 1 to InfluxDB.
2024-08-19T08:59:14.845Z info: Successfully wrote OEE metrics for machine ID: 1 to InfluxDB.
2024-08-19T08:59:25.065Z info: Successfully wrote OEE metrics for machine ID: 1 to InfluxDB.
2024-08-19T08:59:29.707Z info: Successfully wrote OEE metrics for machine ID: 1 to InfluxDB.
2024-08-19T08:59:29.870Z info: Successfully wrote OEE metrics for machine ID: 1 to InfluxDB.
2024-08-19T08:59:34.658Z info: Successfully wrote OEE metrics for machine ID: 1 to InfluxDB.
2024-08-19T08:59:34.816Z info: Successfully wrote OEE metrics for machine ID: 1 to InfluxDB.
2024-08-19T08:59:39.694Z info: Successfully wrote OEE metrics for machine ID: 1 to InfluxDB.
2024-08-19T08:59:40.071Z info: Successfully wrote OEE metrics for machine ID: 1 to InfluxDB.
2024-08-19T08:59:54.999Z info: Successfully wrote OEE metrics for machine ID: 1 to InfluxDB.
2024-08-19T09:00:19.685Z info: Successfully wrote OEE metrics for machine ID: 1 to InfluxDB.
2024-08-19T09:00:20.301Z info: Successfully wrote OEE metrics for machine ID: 1 to InfluxDB.
2024-08-19T09:00:54.822Z info: Successfully wrote OEE metrics for machine ID: 1 to InfluxDB.
2024-08-19T09:00:59.794Z info: Successfully wrote OEE metrics for machine ID: 1 to InfluxDB.
2024-08-19T09:00:59.996Z info: Successfully wrote OEE metrics for machine ID: 1 to InfluxDB.
2024-08-19T09:01:05.266Z info: Successfully wrote OEE metrics for machine ID: 1 to InfluxDB.
2024-08-19T09:01:19.855Z info: Successfully wrote OEE metrics for machine ID: 1 to InfluxDB.
2024-08-19T09:01:20.206Z info: Successfully wrote OEE metrics for machine ID: 1 to InfluxDB.
2024-08-19T09:01:24.681Z info: Successfully wrote OEE metrics for machine ID: 1 to InfluxDB.
2024-08-19T09:01:24.886Z info: Successfully wrote OEE metrics for machine ID: 1 to InfluxDB.
2024-08-19T09:01:30.003Z info: Successfully wrote OEE metrics for machine ID: 1 to InfluxDB.
2024-08-19T09:01:34.934Z info: Successfully wrote OEE metrics for machine ID: 1 to InfluxDB.
2024-08-19T09:01:39.823Z info: Successfully wrote OEE metrics for machine ID: 1 to InfluxDB.
2024-08-19T09:01:39.920Z info: Successfully wrote OEE metrics for machine ID: 1 to InfluxDB.
2024-08-19T09:01:49.655Z info: Successfully wrote OEE metrics for machine ID: 1 to InfluxDB.
2024-08-19T09:01:49.894Z info: Successfully wrote OEE metrics for machine ID: 1 to InfluxDB.
2024-08-19T09:01:59.757Z info: Successfully wrote OEE metrics for machine ID: 1 to InfluxDB.
2024-08-19T09:02:04.280Z info: Successfully wrote OEE metrics for machine ID: 1 to InfluxDB.
2024-08-19T09:02:15.011Z info: Successfully wrote OEE metrics for machine ID: 1 to InfluxDB.
2024-08-19T09:02:19.668Z info: Successfully wrote OEE metrics for machine ID: 1 to InfluxDB.
2024-08-19T09:02:19.843Z info: Successfully wrote OEE metrics for machine ID: 1 to InfluxDB.
2024-08-19T09:02:29.724Z info: Successfully wrote OEE metrics for machine ID: 1 to InfluxDB.
2024-08-19T09:02:30.108Z info: Successfully wrote OEE metrics for machine ID: 1 to InfluxDB.
2024-08-19T09:02:34.885Z info: Successfully wrote OEE metrics for machine ID: 1 to InfluxDB.
2024-08-19T09:02:49.672Z info: Successfully wrote OEE metrics for machine ID: 1 to InfluxDB.
2024-08-19T09:02:49.897Z info: Successfully wrote OEE metrics for machine ID: 1 to InfluxDB.
2024-08-19T09:03:04.658Z info: Successfully wrote OEE metrics for machine ID: 1 to InfluxDB.
2024-08-19T09:03:04.833Z info: Successfully wrote OEE metrics for machine ID: 1 to InfluxDB.
2024-08-19T09:03:14.669Z info: Successfully wrote OEE metrics for machine ID: 1 to InfluxDB.
2024-08-19T09:03:14.851Z info: Successfully wrote OEE metrics for machine ID: 1 to InfluxDB.
2024-08-19T09:03:18.891Z info: Default Logger initialized successfully.
2024-08-19T09:03:19.729Z info: Logger initialized successfully.
2024-08-19T09:03:19.783Z info: MQTT client initialized successfully.
2024-08-19T09:03:19.793Z info: Server is running on port 3000
2024-08-19T09:03:25.343Z info: Successfully wrote OEE metrics for machine ID: 1 to InfluxDB.
2024-08-19T09:03:29.809Z info: Successfully wrote OEE metrics for machine ID: 1 to InfluxDB.
2024-08-19T09:03:29.922Z info: Successfully wrote OEE metrics for machine ID: 1 to InfluxDB.
2024-08-19T09:03:34.743Z info: Successfully wrote OEE metrics for machine ID: 1 to InfluxDB.
2024-08-19T09:03:34.862Z info: Successfully wrote OEE metrics for machine ID: 1 to InfluxDB.
2024-08-19T09:03:49.812Z info: Successfully wrote OEE metrics for machine ID: 1 to InfluxDB.
2024-08-19T09:03:49.935Z info: Successfully wrote OEE metrics for machine ID: 1 to InfluxDB.
2024-08-19T09:03:55.009Z info: Successfully wrote OEE metrics for machine ID: 1 to InfluxDB.
2024-08-19T09:03:59.701Z info: Successfully wrote OEE metrics for machine ID: 1 to InfluxDB.
2024-08-19T09:03:59.859Z info: Successfully wrote OEE metrics for machine ID: 1 to InfluxDB.
2024-08-19T09:04:14.731Z info: Successfully wrote OEE metrics for machine ID: 1 to InfluxDB.
2024-08-19T09:04:14.914Z info: Successfully wrote OEE metrics for machine ID: 1 to InfluxDB.
2024-08-19T09:04:19.681Z info: Successfully wrote OEE metrics for machine ID: 1 to InfluxDB.
2024-08-19T09:04:19.843Z info: Successfully wrote OEE metrics for machine ID: 1 to InfluxDB.
2024-08-19T09:04:24.834Z info: Successfully wrote OEE metrics for machine ID: 1 to InfluxDB.
2024-08-19T09:04:29.696Z info: Successfully wrote OEE metrics for machine ID: 1 to InfluxDB.
2024-08-19T09:04:29.844Z info: Successfully wrote OEE metrics for machine ID: 1 to InfluxDB.
2024-08-19T09:04:39.819Z info: Successfully wrote OEE metrics for machine ID: 1 to InfluxDB.
2024-08-19T09:04:39.882Z info: Successfully wrote OEE metrics for machine ID: 1 to InfluxDB.
2024-08-19T09:04:44.667Z info: Successfully wrote OEE metrics for machine ID: 1 to InfluxDB.
2024-08-19T09:04:44.877Z info: Successfully wrote OEE metrics for machine ID: 1 to InfluxDB.
2024-08-19T09:04:49.944Z info: Successfully wrote OEE metrics for machine ID: 1 to InfluxDB.
2024-08-19T09:04:59.686Z info: Successfully wrote OEE metrics for machine ID: 1 to InfluxDB.
2024-08-19T09:04:59.851Z info: Successfully wrote OEE metrics for machine ID: 1 to InfluxDB.
2024-08-19T09:05:05.118Z info: Successfully wrote OEE metrics for machine ID: 1 to InfluxDB.
2024-08-19T09:05:09.687Z info: Successfully wrote OEE metrics for machine ID: 1 to InfluxDB.
2024-08-19T09:05:09.914Z info: Successfully wrote OEE metrics for machine ID: 1 to InfluxDB.
2024-08-19T09:05:14.850Z info: Successfully wrote OEE metrics for machine ID: 1 to InfluxDB.
2024-08-19T09:05:24.807Z info: Successfully wrote OEE metrics for machine ID: 1 to InfluxDB.
2024-08-19T09:05:24.883Z info: Successfully wrote OEE metrics for machine ID: 1 to InfluxDB.
2024-08-19T09:05:34.657Z info: Successfully wrote OEE metrics for machine ID: 1 to InfluxDB.
2024-08-19T09:05:35.045Z info: Successfully wrote OEE metrics for machine ID: 1 to InfluxDB.
2024-08-19T09:05:44.696Z info: Successfully wrote OEE metrics for machine ID: 1 to InfluxDB.
2024-08-19T09:05:44.852Z info: Successfully wrote OEE metrics for machine ID: 1 to InfluxDB.
2024-08-19T09:05:49.738Z info: Successfully wrote OEE metrics for machine ID: 1 to InfluxDB.
2024-08-19T09:05:50.147Z info: Successfully wrote OEE metrics for machine ID: 1 to InfluxDB.
2024-08-19T09:05:55.014Z info: Successfully wrote OEE metrics for machine ID: 1 to InfluxDB.
2024-08-19T09:05:59.650Z info: Successfully wrote OEE metrics for machine ID: 1 to InfluxDB.
2024-08-19T09:05:59.850Z info: Successfully wrote OEE metrics for machine ID: 1 to InfluxDB.
2024-08-19T09:06:44.955Z info: Successfully wrote OEE metrics for machine ID: 1 to InfluxDB.
2024-08-19T09:06:49.761Z info: Successfully wrote OEE metrics for machine ID: 1 to InfluxDB.
2024-08-19T09:06:49.900Z info: Successfully wrote OEE metrics for machine ID: 1 to InfluxDB.
2024-08-19T09:07:14.987Z info: Successfully wrote OEE metrics for machine ID: 1 to InfluxDB.
2024-08-19T09:07:19.672Z info: Successfully wrote OEE metrics for machine ID: 1 to InfluxDB.
2024-08-19T09:07:19.830Z info: Successfully wrote OEE metrics for machine ID: 1 to InfluxDB.
2024-08-19T09:07:24.683Z info: Successfully wrote OEE metrics for machine ID: 1 to InfluxDB.
2024-08-19T09:07:24.863Z info: Successfully wrote OEE metrics for machine ID: 1 to InfluxDB.
2024-08-19T09:07:29.916Z info: Successfully wrote OEE metrics for machine ID: 1 to InfluxDB.
2024-08-19T09:07:34.661Z info: Successfully wrote OEE metrics for machine ID: 1 to InfluxDB.
2024-08-19T09:07:34.839Z info: Successfully wrote OEE metrics for machine ID: 1 to InfluxDB.
2024-08-19T09:07:44.962Z info: Successfully wrote OEE metrics for machine ID: 1 to InfluxDB.
2024-08-19T09:07:49.677Z info: Successfully wrote OEE metrics for machine ID: 1 to InfluxDB.
2024-08-19T09:07:49.847Z info: Successfully wrote OEE metrics for machine ID: 1 to InfluxDB.
2024-08-19T09:07:55.389Z info: Successfully wrote OEE metrics for machine ID: 1 to InfluxDB.
2024-08-19T09:07:59.738Z info: Successfully wrote OEE metrics for machine ID: 1 to InfluxDB.
2024-08-19T09:07:59.887Z info: Successfully wrote OEE metrics for machine ID: 1 to InfluxDB.
2024-08-19T09:08:09.858Z info: Successfully wrote OEE metrics for machine ID: 1 to InfluxDB.
2024-08-19T09:08:10.182Z info: Successfully wrote OEE metrics for machine ID: 1 to InfluxDB.
2024-08-19T09:08:14.693Z info: Successfully wrote OEE metrics for machine ID: 1 to InfluxDB.
2024-08-19T09:08:14.857Z info: Successfully wrote OEE metrics for machine ID: 1 to InfluxDB.
2024-08-19T09:08:19.668Z info: Successfully wrote OEE metrics for machine ID: 1 to InfluxDB.
2024-08-19T09:08:19.842Z info: Successfully wrote OEE metrics for machine ID: 1 to InfluxDB.
2024-08-19T09:08:24.835Z info: Successfully wrote OEE metrics for machine ID: 1 to InfluxDB.
2024-08-19T09:08:25.254Z info: Successfully wrote OEE metrics for machine ID: 1 to InfluxDB.
2024-08-19T09:08:34.721Z info: Successfully wrote OEE metrics for machine ID: 1 to InfluxDB.
2024-08-19T09:08:34.835Z info: Successfully wrote OEE metrics for machine ID: 1 to InfluxDB.
2024-08-19T09:08:39.791Z info: Successfully wrote OEE metrics for machine ID: 1 to InfluxDB.
2024-08-19T09:08:40.178Z info: Successfully wrote OEE metrics for machine ID: 1 to InfluxDB.
2024-08-19T09:08:49.739Z info: Successfully wrote OEE metrics for machine ID: 1 to InfluxDB.
2024-08-19T09:08:49.858Z info: Successfully wrote OEE metrics for machine ID: 1 to InfluxDB.
2024-08-19T09:09:19.842Z info: Successfully wrote OEE metrics for machine ID: 1 to InfluxDB.
2024-08-19T09:09:24.681Z info: Successfully wrote OEE metrics for machine ID: 1 to InfluxDB.
2024-08-19T09:09:24.866Z info: Successfully wrote OEE metrics for machine ID: 1 to InfluxDB.
2024-08-19T09:09:29.682Z info: Successfully wrote OEE metrics for machine ID: 1 to InfluxDB.
2024-08-19T09:09:29.895Z info: Successfully wrote OEE metrics for machine ID: 1 to InfluxDB.
2024-08-19T09:09:50.398Z info: Successfully wrote OEE metrics for machine ID: 1 to InfluxDB.
2024-08-19T09:09:54.695Z info: Successfully wrote OEE metrics for machine ID: 1 to InfluxDB.
2024-08-19T09:09:54.846Z info: Successfully wrote OEE metrics for machine ID: 1 to InfluxDB.
2024-08-19T09:09:59.683Z info: Successfully wrote OEE metrics for machine ID: 1 to InfluxDB.
2024-08-19T09:09:59.847Z info: Successfully wrote OEE metrics for machine ID: 1 to InfluxDB.
2024-08-19T09:10:20.267Z info: Successfully wrote OEE metrics for machine ID: 1 to InfluxDB.
2024-08-19T09:10:24.894Z info: Successfully wrote OEE metrics for machine ID: 1 to InfluxDB.
2024-08-19T09:10:24.961Z info: Successfully wrote OEE metrics for machine ID: 1 to InfluxDB.
2024-08-19T09:10:29.695Z info: Successfully wrote OEE metrics for machine ID: 1 to InfluxDB.
2024-08-19T09:10:29.873Z info: Successfully wrote OEE metrics for machine ID: 1 to InfluxDB.
2024-08-19T09:10:34.893Z info: Successfully wrote OEE metrics for machine ID: 1 to InfluxDB.
2024-08-19T09:10:49.715Z info: Successfully wrote OEE metrics for machine ID: 1 to InfluxDB.
2024-08-19T09:10:49.858Z info: Successfully wrote OEE metrics for machine ID: 1 to InfluxDB.
2024-08-19T09:10:54.682Z info: Successfully wrote OEE metrics for machine ID: 1 to InfluxDB.
2024-08-19T09:10:54.862Z info: Successfully wrote OEE metrics for machine ID: 1 to InfluxDB.
2024-08-19T09:11:00.183Z info: Successfully wrote OEE metrics for machine ID: 1 to InfluxDB.
2024-08-19T09:11:04.787Z info: Successfully wrote OEE metrics for machine ID: 1 to InfluxDB.
2024-08-19T09:11:04.928Z info: Successfully wrote OEE metrics for machine ID: 1 to InfluxDB.
2024-08-19T09:11:09.684Z info: Successfully wrote OEE metrics for machine ID: 1 to InfluxDB.
2024-08-19T09:11:09.845Z info: Successfully wrote OEE metrics for machine ID: 1 to InfluxDB.
2024-08-19T09:11:15.218Z info: Successfully wrote OEE metrics for machine ID: 1 to InfluxDB.
2024-08-19T09:11:19.699Z info: Successfully wrote OEE metrics for machine ID: 1 to InfluxDB.
2024-08-19T09:11:19.867Z info: Successfully wrote OEE metrics for machine ID: 1 to InfluxDB.
2024-08-19T09:11:54.678Z info: Successfully wrote OEE metrics for machine ID: 1 to InfluxDB.
2024-08-19T09:11:54.857Z info: Successfully wrote OEE metrics for machine ID: 1 to InfluxDB.
2024-08-19T09:12:00.006Z info: Successfully wrote OEE metrics for machine ID: 1 to InfluxDB.
2024-08-19T09:12:04.758Z info: Successfully wrote OEE metrics for machine ID: 1 to InfluxDB.
2024-08-19T09:12:04.887Z info: Successfully wrote OEE metrics for machine ID: 1 to InfluxDB.
2024-08-19T09:12:09.745Z info: Successfully wrote OEE metrics for machine ID: 1 to InfluxDB.
2024-08-19T09:12:10.132Z info: Successfully wrote OEE metrics for machine ID: 1 to InfluxDB.
2024-08-19T09:12:11.496Z info: Default Logger initialized successfully.
2024-08-19T09:12:14.073Z info: Default Logger initialized successfully.
2024-08-19T09:12:14.715Z info: Logger initialized successfully.
2024-08-19T09:12:14.810Z info: MQTT client initialized successfully.
2024-08-19T09:12:14.822Z info: Server is running on port 3000
2024-08-19T09:12:19.743Z info: Successfully wrote OEE metrics for machine ID: 1 to InfluxDB.
2024-08-19T09:12:19.943Z info: Successfully wrote OEE metrics for machine ID: 1 to InfluxDB.
2024-08-19T09:12:22.444Z info: Default Logger initialized successfully.
2024-08-19T09:12:23.064Z info: Logger initialized successfully.
2024-08-19T09:12:23.118Z info: MQTT client initialized successfully.
2024-08-19T09:12:23.126Z info: Server is running on port 3000
2024-08-19T09:12:25.120Z info: Successfully wrote OEE metrics for machine ID: 1 to InfluxDB.
2024-08-19T09:12:28.463Z info: SIGINT signal received: closing HTTP server
2024-08-19T09:12:28.465Z info: HTTP server closed
2024-08-19T09:12:33.560Z info: Default Logger initialized successfully.
2024-08-19T09:12:33.948Z info: Logger initialized successfully.
2024-08-19T09:12:33.996Z info: MQTT client initialized successfully.
2024-08-19T09:12:34.002Z info: Server is running on port 3000
2024-08-19T09:12:34.746Z info: Successfully wrote OEE metrics for machine ID: 1 to InfluxDB.
2024-08-19T09:12:40.328Z info: Successfully wrote OEE metrics for machine ID: 1 to InfluxDB.
2024-08-19T09:12:49.760Z info: Successfully wrote OEE metrics for machine ID: 1 to InfluxDB.
2024-08-19T09:12:49.880Z info: Successfully wrote OEE metrics for machine ID: 1 to InfluxDB.
2024-08-19T09:12:55.019Z info: Successfully wrote OEE metrics for machine ID: 1 to InfluxDB.
2024-08-19T09:12:59.698Z info: Successfully wrote OEE metrics for machine ID: 1 to InfluxDB.
2024-08-19T09:12:59.903Z info: Successfully wrote OEE metrics for machine ID: 1 to InfluxDB.
2024-08-19T09:13:04.678Z info: Successfully wrote OEE metrics for machine ID: 1 to InfluxDB.
2024-08-19T09:13:04.879Z info: Successfully wrote OEE metrics for machine ID: 1 to InfluxDB.
2024-08-19T09:13:10.323Z info: Successfully wrote OEE metrics for machine ID: 1 to InfluxDB.
2024-08-19T09:13:19.705Z info: Successfully wrote OEE metrics for machine ID: 1 to InfluxDB.
2024-08-19T09:13:19.893Z info: Successfully wrote OEE metrics for machine ID: 1 to InfluxDB.
2024-08-19T09:13:29.913Z info: Successfully wrote OEE metrics for machine ID: 1 to InfluxDB.
2024-08-19T09:13:35.013Z info: Successfully wrote OEE metrics for machine ID: 1 to InfluxDB.
2024-08-19T09:14:04.531Z info: Default Logger initialized successfully.
2024-08-19T09:14:05.072Z info: Logger initialized successfully.
2024-08-19T09:14:05.129Z info: MQTT client initialized successfully.
2024-08-19T09:14:05.135Z info: Server is running on port 3000
2024-08-19T09:14:09.764Z info: Successfully wrote OEE metrics for machine ID: 1 to InfluxDB.
2024-08-19T09:14:20.140Z info: Successfully wrote OEE metrics for machine ID: 1 to InfluxDB.
2024-08-19T09:14:34.838Z info: Successfully wrote OEE metrics for machine ID: 1 to InfluxDB.
2024-08-19T09:14:35.180Z info: Successfully wrote OEE metrics for machine ID: 1 to InfluxDB.
2024-08-19T09:14:39.900Z info: Successfully wrote OEE metrics for machine ID: 1 to InfluxDB.
2024-08-19T09:14:44.689Z info: Successfully wrote OEE metrics for machine ID: 1 to InfluxDB.
2024-08-19T09:14:44.873Z info: Successfully wrote OEE metrics for machine ID: 1 to InfluxDB.
2024-08-19T09:14:54.784Z info: Successfully wrote OEE metrics for machine ID: 1 to InfluxDB.
2024-08-19T09:14:54.885Z info: Successfully wrote OEE metrics for machine ID: 1 to InfluxDB.
2024-08-19T09:15:19.707Z info: Successfully wrote OEE metrics for machine ID: 1 to InfluxDB.
2024-08-19T09:15:19.901Z info: Successfully wrote OEE metrics for machine ID: 1 to InfluxDB.
2024-08-19T09:15:24.710Z info: Successfully wrote OEE metrics for machine ID: 1 to InfluxDB.
2024-08-19T09:15:24.891Z info: Successfully wrote OEE metrics for machine ID: 1 to InfluxDB.
2024-08-19T09:15:39.723Z info: Successfully wrote OEE metrics for machine ID: 1 to InfluxDB.
2024-08-19T09:15:39.881Z info: Successfully wrote OEE metrics for machine ID: 1 to InfluxDB.
2024-08-19T09:15:54.735Z info: Successfully wrote OEE metrics for machine ID: 1 to InfluxDB.
2024-08-19T09:15:54.892Z info: Successfully wrote OEE metrics for machine ID: 1 to InfluxDB.
2024-08-19T09:16:00.591Z info: Successfully wrote OEE metrics for machine ID: 1 to InfluxDB.
2024-08-19T09:16:00.986Z info: Successfully wrote OEE metrics for machine ID: 1 to InfluxDB.
2024-08-19T09:16:04.705Z info: Successfully wrote OEE metrics for machine ID: 1 to InfluxDB.
2024-08-19T09:16:04.883Z info: Successfully wrote OEE metrics for machine ID: 1 to InfluxDB.
2024-08-19T09:16:09.686Z info: Successfully wrote OEE metrics for machine ID: 1 to InfluxDB.
2024-08-19T09:16:09.934Z info: Successfully wrote OEE metrics for machine ID: 1 to InfluxDB.
2024-08-19T09:16:14.841Z info: Successfully wrote OEE metrics for machine ID: 1 to InfluxDB.
2024-08-19T09:16:15.221Z info: Successfully wrote OEE metrics for machine ID: 1 to InfluxDB.
2024-08-19T09:16:19.719Z info: Successfully wrote OEE metrics for machine ID: 1 to InfluxDB.
2024-08-19T09:16:19.898Z info: Successfully wrote OEE metrics for machine ID: 1 to InfluxDB.
2024-08-19T09:16:24.720Z info: Successfully wrote OEE metrics for machine ID: 1 to InfluxDB.
2024-08-19T09:16:24.887Z info: Successfully wrote OEE metrics for machine ID: 1 to InfluxDB.
2024-08-19T09:16:29.804Z info: Successfully wrote OEE metrics for machine ID: 1 to InfluxDB.
2024-08-19T09:16:30.222Z info: Successfully wrote OEE metrics for machine ID: 1 to InfluxDB.
2024-08-19T09:16:34.764Z info: Successfully wrote OEE metrics for machine ID: 1 to InfluxDB.
2024-08-19T09:16:34.886Z info: Successfully wrote OEE metrics for machine ID: 1 to InfluxDB.
2024-08-19T09:16:39.891Z info: Successfully wrote OEE metrics for machine ID: 1 to InfluxDB.
2024-08-19T09:16:44.843Z info: Successfully wrote OEE metrics for machine ID: 1 to InfluxDB.
2024-08-19T09:16:44.897Z info: Successfully wrote OEE metrics for machine ID: 1 to InfluxDB.
2024-08-19T09:16:55.307Z info: Successfully wrote OEE metrics for machine ID: 1 to InfluxDB.
2024-08-19T09:16:59.986Z info: Successfully wrote OEE metrics for machine ID: 1 to InfluxDB.
2024-08-19T09:17:10.224Z info: Successfully wrote OEE metrics for machine ID: 1 to InfluxDB.
2024-08-19T09:17:14.687Z info: Successfully wrote OEE metrics for machine ID: 1 to InfluxDB.
2024-08-19T09:17:14.899Z info: Successfully wrote OEE metrics for machine ID: 1 to InfluxDB.
2024-08-19T09:17:19.743Z info: Successfully wrote OEE metrics for machine ID: 1 to InfluxDB.
2024-08-19T09:17:19.973Z info: Successfully wrote OEE metrics for machine ID: 1 to InfluxDB.
2024-08-19T09:17:25.011Z info: Successfully wrote OEE metrics for machine ID: 1 to InfluxDB.
2024-08-19T09:17:29.698Z info: Successfully wrote OEE metrics for machine ID: 1 to InfluxDB.
2024-08-19T09:17:29.910Z info: Successfully wrote OEE metrics for machine ID: 1 to InfluxDB.
2024-08-19T09:17:34.816Z info: Successfully wrote OEE metrics for machine ID: 1 to InfluxDB.
2024-08-19T09:17:35.249Z info: Successfully wrote OEE metrics for machine ID: 1 to InfluxDB.
2024-08-19T09:17:49.750Z info: Successfully wrote OEE metrics for machine ID: 1 to InfluxDB.
2024-08-19T09:17:49.886Z info: Successfully wrote OEE metrics for machine ID: 1 to InfluxDB.
2024-08-19T09:17:59.716Z info: Successfully wrote OEE metrics for machine ID: 1 to InfluxDB.
2024-08-19T09:17:59.915Z info: Successfully wrote OEE metrics for machine ID: 1 to InfluxDB.
2024-08-19T09:18:29.813Z info: Successfully wrote OEE metrics for machine ID: 1 to InfluxDB.
2024-08-19T09:18:29.930Z info: Successfully wrote OEE metrics for machine ID: 1 to InfluxDB.
2024-08-19T09:18:54.825Z info: Successfully wrote OEE metrics for machine ID: 1 to InfluxDB.
2024-08-19T09:18:54.907Z info: Successfully wrote OEE metrics for machine ID: 1 to InfluxDB.
2024-08-19T09:19:20.020Z info: Successfully wrote OEE metrics for machine ID: 1 to InfluxDB.
2024-08-19T09:19:29.830Z info: Successfully wrote OEE metrics for machine ID: 1 to InfluxDB.
2024-08-19T09:19:29.920Z info: Successfully wrote OEE metrics for machine ID: 1 to InfluxDB.
2024-08-19T09:19:34.931Z info: Successfully wrote OEE metrics for machine ID: 1 to InfluxDB.
2024-08-19T09:19:49.930Z info: Successfully wrote OEE metrics for machine ID: 1 to InfluxDB.
2024-08-19T09:19:54.833Z info: Successfully wrote OEE metrics for machine ID: 1 to InfluxDB.
2024-08-19T09:19:54.955Z info: Successfully wrote OEE metrics for machine ID: 1 to InfluxDB.
2024-08-19T09:20:00.018Z info: Successfully wrote OEE metrics for machine ID: 1 to InfluxDB.
2024-08-19T09:20:09.941Z info: Successfully wrote OEE metrics for machine ID: 1 to InfluxDB.
2024-08-19T09:20:14.813Z info: Successfully wrote OEE metrics for machine ID: 1 to InfluxDB.
2024-08-19T09:20:15.161Z info: Successfully wrote OEE metrics for machine ID: 1 to InfluxDB.
2024-08-19T09:20:19.791Z info: Successfully wrote OEE metrics for machine ID: 1 to InfluxDB.
2024-08-19T09:20:19.914Z info: Successfully wrote OEE metrics for machine ID: 1 to InfluxDB.
2024-08-19T09:20:45.122Z info: Successfully wrote OEE metrics for machine ID: 1 to InfluxDB.
2024-08-19T09:20:49.796Z info: Successfully wrote OEE metrics for machine ID: 1 to InfluxDB.
2024-08-19T09:20:49.964Z info: Successfully wrote OEE metrics for machine ID: 1 to InfluxDB.
2024-08-19T09:20:54.919Z info: Successfully wrote OEE metrics for machine ID: 1 to InfluxDB.
2024-08-19T09:21:00.024Z info: Successfully wrote OEE metrics for machine ID: 1 to InfluxDB.
2024-08-19T09:21:09.793Z info: Successfully wrote OEE metrics for machine ID: 1 to InfluxDB.
2024-08-19T09:21:10.189Z info: Successfully wrote OEE metrics for machine ID: 1 to InfluxDB.
2024-08-19T09:21:25.127Z info: Successfully wrote OEE metrics for machine ID: 1 to InfluxDB.
2024-08-19T09:21:34.811Z info: Successfully wrote OEE metrics for machine ID: 1 to InfluxDB.
2024-08-19T09:21:34.910Z info: Successfully wrote OEE metrics for machine ID: 1 to InfluxDB.
2024-08-19T09:21:39.947Z info: Successfully wrote OEE metrics for machine ID: 1 to InfluxDB.
2024-08-19T09:21:44.830Z info: Successfully wrote OEE metrics for machine ID: 1 to InfluxDB.
2024-08-19T09:21:44.946Z info: Successfully wrote OEE metrics for machine ID: 1 to InfluxDB.
2024-08-19T09:21:49.815Z info: Successfully wrote OEE metrics for machine ID: 1 to InfluxDB.
2024-08-19T09:21:49.920Z info: Successfully wrote OEE metrics for machine ID: 1 to InfluxDB.
2024-08-19T09:40:20.060Z info: Successfully wrote OEE metrics for machine ID: 1 to InfluxDB.
2024-08-19T09:40:24.932Z info: Successfully wrote OEE metrics for machine ID: 1 to InfluxDB.
2024-08-19T09:40:25.346Z info: Successfully wrote OEE metrics for machine ID: 1 to InfluxDB.
2024-08-19T09:40:45.311Z info: Successfully wrote OEE metrics for machine ID: 1 to InfluxDB.
2024-08-19T09:40:55.092Z info: Successfully wrote OEE metrics for machine ID: 1 to InfluxDB.
2024-08-19T09:41:01.680Z info: Default Logger initialized successfully.
2024-08-19T09:41:02.316Z info: Logger initialized successfully.
2024-08-19T09:41:02.363Z info: MQTT client initialized successfully.
2024-08-19T09:41:02.369Z info: Server is running on port 3000
2024-08-19T09:41:05.057Z info: Successfully wrote OEE metrics for machine ID: 1 to InfluxDB.
2024-08-19T09:41:15.297Z info: Successfully wrote OEE metrics for machine ID: 1 to InfluxDB.
2024-08-19T09:41:22.126Z info: SIGINT signal received: closing HTTP server
2024-08-19T09:41:22.128Z info: HTTP server closed
2024-08-19T09:41:26.512Z info: Default Logger initialized successfully.
2024-08-19T09:41:26.910Z info: Logger initialized successfully.
2024-08-19T09:41:26.955Z info: MQTT client initialized successfully.
2024-08-19T09:41:26.962Z info: Server is running on port 3000
2024-08-19T09:41:30.361Z info: Successfully wrote OEE metrics for machine ID: 1 to InfluxDB.
2024-08-19T09:41:31.309Z info: SIGINT signal received: closing HTTP server
2024-08-19T09:47:54.743Z info: Default Logger initialized successfully.
2024-08-19T09:47:55.167Z info: Logger initialized successfully.
2024-08-19T09:47:55.217Z info: MQTT client initialized successfully.
2024-08-19T09:47:55.224Z info: Server is running on port 3000
2024-08-19T09:48:00.573Z info: Successfully wrote OEE metrics for machine ID: 1 to InfluxDB.
2024-08-19T09:48:10.065Z info: Successfully wrote OEE metrics for machine ID: 1 to InfluxDB.
2024-08-19T09:48:40.059Z info: Successfully wrote OEE metrics for machine ID: 1 to InfluxDB.
2024-08-19T09:48:40.135Z info: Successfully wrote OEE metrics for machine ID: 1 to InfluxDB.
2024-08-19T09:48:45.460Z info: Successfully wrote OEE metrics for machine ID: 1 to InfluxDB.
2024-08-19T09:48:45.841Z info: Successfully wrote OEE metrics for machine ID: 1 to InfluxDB.
2024-08-19T09:48:55.076Z info: Successfully wrote OEE metrics for machine ID: 1 to InfluxDB.
2024-08-19T09:48:55.185Z info: Successfully wrote OEE metrics for machine ID: 1 to InfluxDB.
2024-08-19T09:49:01.216Z info: Successfully wrote OEE metrics for machine ID: 1 to InfluxDB.
2024-08-19T09:49:05.057Z info: Successfully wrote OEE metrics for machine ID: 1 to InfluxDB.
2024-08-19T09:49:20.293Z info: Successfully wrote OEE metrics for machine ID: 1 to InfluxDB.
2024-08-19T09:49:25.521Z info: Successfully wrote OEE metrics for machine ID: 1 to InfluxDB.
2024-08-19T09:49:30.043Z info: Successfully wrote OEE metrics for machine ID: 1 to InfluxDB.
2024-08-19T09:49:30.118Z info: Successfully wrote OEE metrics for machine ID: 1 to InfluxDB.
2024-08-19T09:49:35.070Z info: Successfully wrote OEE metrics for machine ID: 1 to InfluxDB.
2024-08-19T09:49:50.078Z info: Successfully wrote OEE metrics for machine ID: 1 to InfluxDB.
2024-08-19T09:50:05.044Z info: Successfully wrote OEE metrics for machine ID: 1 to InfluxDB.
2024-08-19T09:50:05.149Z info: Successfully wrote OEE metrics for machine ID: 1 to InfluxDB.
2024-08-19T09:50:10.656Z info: Successfully wrote OEE metrics for machine ID: 1 to InfluxDB.
2024-08-19T09:50:15.055Z info: Successfully wrote OEE metrics for machine ID: 1 to InfluxDB.
2024-08-19T09:50:15.118Z info: Successfully wrote OEE metrics for machine ID: 1 to InfluxDB.
2024-08-19T09:50:17.372Z info: Default Logger initialized successfully.
2024-08-19T09:55:29.990Z info: Default Logger initialized successfully.
2024-08-19T09:55:36.471Z info: Default Logger initialized successfully.
2024-08-19T09:55:44.478Z info: Default Logger initialized successfully.
2024-08-19T09:55:44.982Z info: Logger initialized successfully.
2024-08-19T09:55:45.042Z info: MQTT client initialized successfully.
2024-08-19T09:55:45.049Z info: Server is running on port 3000
2024-08-19T09:55:50.768Z info: Successfully wrote OEE metrics for machine ID: 1 to InfluxDB.
2024-08-19T09:56:05.372Z info: Successfully wrote OEE metrics for machine ID: 1 to InfluxDB.
2024-08-19T09:56:10.026Z info: Successfully wrote OEE metrics for machine ID: 1 to InfluxDB.
2024-08-19T09:56:10.088Z info: Successfully wrote OEE metrics for machine ID: 1 to InfluxDB.
2024-08-19T09:56:15.069Z info: Successfully wrote OEE metrics for machine ID: 1 to InfluxDB.
2024-08-19T09:56:15.129Z info: Successfully wrote OEE metrics for machine ID: 1 to InfluxDB.
2024-08-19T09:56:20.032Z info: Successfully wrote OEE metrics for machine ID: 1 to InfluxDB.
2024-08-19T09:56:20.335Z info: Successfully wrote OEE metrics for machine ID: 1 to InfluxDB.
2024-08-19T09:56:30.424Z info: Successfully wrote OEE metrics for machine ID: 1 to InfluxDB.
2024-08-19T09:56:35.182Z info: Successfully wrote OEE metrics for machine ID: 1 to InfluxDB.
2024-08-19T09:56:40.054Z info: Successfully wrote OEE metrics for machine ID: 1 to InfluxDB.
2024-08-19T09:56:40.231Z info: Successfully wrote OEE metrics for machine ID: 1 to InfluxDB.
2024-08-19T09:56:50.214Z info: Successfully wrote OEE metrics for machine ID: 1 to InfluxDB.
2024-08-19T09:56:55.114Z info: Successfully wrote OEE metrics for machine ID: 1 to InfluxDB.
2024-08-19T09:57:00.336Z info: Successfully wrote OEE metrics for machine ID: 1 to InfluxDB.
2024-08-19T09:57:20.046Z info: Successfully wrote OEE metrics for machine ID: 1 to InfluxDB.
2024-08-19T09:57:20.117Z info: Successfully wrote OEE metrics for machine ID: 1 to InfluxDB.
2024-08-19T09:57:25.084Z info: Successfully wrote OEE metrics for machine ID: 1 to InfluxDB.
2024-08-19T09:57:25.238Z info: Successfully wrote OEE metrics for machine ID: 1 to InfluxDB.
2024-08-19T09:57:35.099Z info: Successfully wrote OEE metrics for machine ID: 1 to InfluxDB.
2024-08-19T09:57:35.161Z info: Successfully wrote OEE metrics for machine ID: 1 to InfluxDB.
2024-08-19T09:57:45.417Z info: Successfully wrote OEE metrics for machine ID: 1 to InfluxDB.
2024-08-19T09:57:50.059Z info: Successfully wrote OEE metrics for machine ID: 1 to InfluxDB.
2024-08-19T09:57:50.145Z info: Successfully wrote OEE metrics for machine ID: 1 to InfluxDB.
2024-08-19T09:58:20.266Z info: Successfully wrote OEE metrics for machine ID: 1 to InfluxDB.
2024-08-19T09:58:25.058Z info: Successfully wrote OEE metrics for machine ID: 1 to InfluxDB.
2024-08-19T09:58:25.467Z info: Successfully wrote OEE metrics for machine ID: 1 to InfluxDB.
2024-08-19T09:58:40.657Z info: Successfully wrote OEE metrics for machine ID: 1 to InfluxDB.
2024-08-19T09:58:45.094Z info: Successfully wrote OEE metrics for machine ID: 1 to InfluxDB.
2024-08-19T09:58:45.230Z info: Successfully wrote OEE metrics for machine ID: 1 to InfluxDB.
2024-08-19T09:58:50.654Z info: Default Logger initialized successfully.
2024-08-19T09:58:51.181Z info: Logger initialized successfully.
2024-08-19T09:58:51.234Z info: MQTT client initialized successfully.
2024-08-19T09:58:51.241Z info: Server is running on port 3000
2024-08-19T09:58:55.391Z info: Successfully wrote OEE metrics for machine ID: 1 to InfluxDB.
2024-08-19T09:59:05.169Z info: Successfully wrote OEE metrics for machine ID: 1 to InfluxDB.
2024-08-19T09:59:10.373Z info: Successfully wrote OEE metrics for machine ID: 1 to InfluxDB.
2024-08-19T09:59:35.695Z info: Successfully wrote OEE metrics for machine ID: 1 to InfluxDB.
2024-08-19T09:59:40.238Z info: Successfully wrote OEE metrics for machine ID: 1 to InfluxDB.
2024-08-19T10:00:00.090Z info: Successfully wrote OEE metrics for machine ID: 1 to InfluxDB.
2024-08-19T10:00:05.666Z info: Successfully wrote OEE metrics for machine ID: 1 to InfluxDB.
2024-08-19T10:00:19.720Z info: SIGINT signal received: closing HTTP server
2024-08-19T10:00:19.722Z info: HTTP server closed
2024-08-19T10:08:34.870Z info: Default Logger initialized successfully.
2024-08-19T10:08:35.368Z info: Logger initialized successfully.
2024-08-19T10:08:35.417Z info: MQTT client initialized successfully.
2024-08-19T10:08:35.424Z info: Server is running on port 3000
2024-08-19T10:08:40.545Z info: Successfully wrote OEE metrics for machine ID: 1 to InfluxDB.
2024-08-19T10:08:45.468Z info: Successfully wrote OEE metrics for machine ID: 1 to InfluxDB.
2024-08-19T10:08:45.985Z info: Successfully wrote OEE metrics for machine ID: 1 to InfluxDB.
2024-08-19T10:08:50.403Z info: Successfully wrote OEE metrics for machine ID: 1 to InfluxDB.
2024-08-19T10:08:55.095Z info: Successfully wrote OEE metrics for machine ID: 1 to InfluxDB.
2024-08-19T10:08:55.204Z info: Successfully wrote OEE metrics for machine ID: 1 to InfluxDB.
2024-08-19T10:09:00.096Z info: Successfully wrote OEE metrics for machine ID: 1 to InfluxDB.
2024-08-19T10:09:10.224Z info: Successfully wrote OEE metrics for machine ID: 1 to InfluxDB.
2024-08-19T10:09:15.419Z info: Successfully wrote OEE metrics for machine ID: 1 to InfluxDB.
2024-08-19T10:09:20.466Z info: Successfully wrote OEE metrics for machine ID: 1 to InfluxDB.
2024-08-19T10:09:25.185Z info: Successfully wrote OEE metrics for machine ID: 1 to InfluxDB.
2024-08-19T10:09:25.243Z info: Successfully wrote OEE metrics for machine ID: 1 to InfluxDB.
2024-08-19T10:09:30.444Z info: Successfully wrote OEE metrics for machine ID: 1 to InfluxDB.
2024-08-19T10:09:35.209Z info: Successfully wrote OEE metrics for machine ID: 1 to InfluxDB.
2024-08-19T10:09:40.173Z info: Successfully wrote OEE metrics for machine ID: 1 to InfluxDB.
2024-08-19T10:09:40.260Z info: Successfully wrote OEE metrics for machine ID: 1 to InfluxDB.
2024-08-19T10:09:45.254Z info: Successfully wrote OEE metrics for machine ID: 1 to InfluxDB.
2024-08-19T10:09:50.128Z info: Successfully wrote OEE metrics for machine ID: 1 to InfluxDB.
2024-08-19T10:10:02.584Z info: Default Logger initialized successfully.
2024-08-19T10:10:03.103Z info: Logger initialized successfully.
2024-08-19T10:10:03.221Z info: MQTT client initialized successfully.
2024-08-19T10:10:03.232Z info: Server is running on port 3000
2024-08-19T10:10:05.175Z info: Successfully wrote OEE metrics for machine ID: 1 to InfluxDB.
2024-08-19T10:10:10.182Z info: Successfully wrote OEE metrics for machine ID: 1 to InfluxDB.
2024-08-19T10:10:10.682Z info: SIGINT signal received: closing HTTP server
2024-08-19T10:10:10.684Z info: HTTP server closed
2024-08-19T10:13:02.210Z info: Default Logger initialized successfully.
2024-08-19T10:13:02.909Z info: Successfully wrote OEE metrics for machine ID: 1 to InfluxDB.
2024-08-19T10:16:25.165Z info: Default Logger initialized successfully.
2024-08-19T10:18:37.587Z info: Default Logger initialized successfully.
2024-08-19T10:19:45.840Z info: Default Logger initialized successfully.
2024-08-19T10:24:29.505Z info: Default Logger initialized successfully.
2024-08-19T10:26:09.677Z info: Default Logger initialized successfully.
2024-08-19T10:29:43.442Z info: Default Logger initialized successfully.
2024-08-19T10:31:11.577Z info: Default Logger initialized successfully.
2024-08-19T10:37:53.643Z info: Default Logger initialized successfully.
2024-08-19T10:38:24.542Z info: Default Logger initialized successfully.
2024-08-19T10:41:35.289Z info: Default Logger initialized successfully.
2024-08-19T11:17:32.606Z info: Default Logger initialized successfully.
2024-08-19T11:17:33.116Z info: Logger initialized successfully.
2024-08-19T11:17:33.181Z info: MQTT client initialized successfully.
2024-08-19T11:17:33.188Z info: Server is running on port 3000
2024-08-19T11:17:35.613Z info: Successfully wrote OEE metrics for machine ID: 1 to InfluxDB.
2024-08-19T11:17:46.173Z info: Successfully wrote OEE metrics for machine ID: 1 to InfluxDB.
2024-08-19T11:17:50.513Z info: Successfully wrote OEE metrics for machine ID: 1 to InfluxDB.
2024-08-19T11:17:50.633Z info: Successfully wrote OEE metrics for machine ID: 1 to InfluxDB.
2024-08-19T11:17:50.833Z info: Successfully wrote OEE metrics for machine ID: 1 to InfluxDB.
2024-08-19T11:18:00.768Z info: Successfully wrote OEE metrics for machine ID: 1 to InfluxDB.
2024-08-19T11:18:00.860Z info: Successfully wrote OEE metrics for machine ID: 1 to InfluxDB.
2024-08-19T11:18:05.550Z info: Successfully wrote OEE metrics for machine ID: 1 to InfluxDB.
2024-08-19T11:18:05.725Z info: Successfully wrote OEE metrics for machine ID: 1 to InfluxDB.
2024-08-19T11:18:05.895Z info: Successfully wrote OEE metrics for machine ID: 1 to InfluxDB.
2024-08-19T11:18:10.504Z info: Successfully wrote OEE metrics for machine ID: 1 to InfluxDB.
2024-08-19T11:18:10.904Z info: Successfully wrote OEE metrics for machine ID: 1 to InfluxDB.
2024-08-19T11:18:15.445Z info: Successfully wrote OEE metrics for machine ID: 1 to InfluxDB.
2024-08-19T11:18:15.672Z info: Successfully wrote OEE metrics for machine ID: 1 to InfluxDB.
2024-08-19T11:18:15.824Z info: Successfully wrote OEE metrics for machine ID: 1 to InfluxDB.
2024-08-19T11:18:20.525Z info: Successfully wrote OEE metrics for machine ID: 1 to InfluxDB.
2024-08-19T11:18:20.671Z info: Successfully wrote OEE metrics for machine ID: 1 to InfluxDB.
2024-08-19T11:18:20.843Z info: Successfully wrote OEE metrics for machine ID: 1 to InfluxDB.
2024-08-19T11:18:30.447Z info: Successfully wrote OEE metrics for machine ID: 1 to InfluxDB.
2024-08-19T11:18:30.674Z info: Successfully wrote OEE metrics for machine ID: 1 to InfluxDB.
2024-08-19T11:18:30.864Z info: Successfully wrote OEE metrics for machine ID: 1 to InfluxDB.
2024-08-19T11:18:50.575Z info: Successfully wrote OEE metrics for machine ID: 1 to InfluxDB.
2024-08-19T11:18:50.679Z info: Successfully wrote OEE metrics for machine ID: 1 to InfluxDB.
2024-08-19T11:18:50.861Z info: Successfully wrote OEE metrics for machine ID: 1 to InfluxDB.
2024-08-19T11:18:55.481Z info: Successfully wrote OEE metrics for machine ID: 1 to InfluxDB.
2024-08-19T11:18:55.858Z info: Successfully wrote OEE metrics for machine ID: 1 to InfluxDB.
2024-08-19T11:19:05.460Z info: Successfully wrote OEE metrics for machine ID: 1 to InfluxDB.
2024-08-19T11:19:05.791Z info: Successfully wrote OEE metrics for machine ID: 1 to InfluxDB.
2024-08-19T11:19:06.043Z info: Successfully wrote OEE metrics for machine ID: 1 to InfluxDB.
2024-08-19T11:19:07.286Z info: SIGINT signal received: closing HTTP server
2024-08-19T11:19:07.289Z info: HTTP server closed
2024-08-19T11:31:07.576Z info: Default Logger initialized successfully.
2024-08-19T11:31:08.249Z info: Logger initialized successfully.
2024-08-19T11:31:08.347Z info: MQTT client initialized successfully.
2024-08-19T11:31:08.358Z info: Server is running on port 3000
2024-08-19T11:31:10.600Z info: Successfully wrote OEE metrics for machine ID: 1 to InfluxDB.
2024-08-19T11:31:15.825Z info: Successfully wrote OEE metrics for machine ID: 1 to InfluxDB.
2024-08-19T11:31:16.609Z info: Successfully wrote OEE metrics for machine ID: 1 to InfluxDB.
2024-08-19T11:31:20.506Z info: Successfully wrote OEE metrics for machine ID: 1 to InfluxDB.
2024-08-19T11:31:20.692Z info: Successfully wrote OEE metrics for machine ID: 1 to InfluxDB.
2024-08-19T11:31:21.169Z info: Successfully wrote OEE metrics for machine ID: 1 to InfluxDB.
2024-08-19T11:31:24.166Z info: SIGINT signal received: closing HTTP server
2024-08-19T11:31:24.168Z info: HTTP server closed
2024-08-19T11:37:15.910Z info: Default Logger initialized successfully.
2024-08-19T11:37:16.321Z info: Logger initialized successfully.
2024-08-19T11:37:16.366Z info: MQTT client initialized successfully.
2024-08-19T11:37:16.374Z info: Server is running on port 3000
2024-08-19T11:37:20.625Z info: Successfully wrote OEE metrics for machine ID: 1 to InfluxDB.
2024-08-19T11:37:22.401Z info: SIGINT signal received: closing HTTP server
2024-08-19T11:37:22.403Z info: HTTP server closed
2024-08-19T11:51:01.940Z info: Default Logger initialized successfully.
2024-08-19T11:51:02.652Z info: Logger initialized successfully.
2024-08-19T11:51:02.712Z info: MQTT client initialized successfully.
2024-08-19T11:51:02.721Z info: Server is running on port 3000
2024-08-19T11:51:05.729Z info: Successfully wrote OEE metrics for machine ID: 1 to InfluxDB.
2024-08-19T11:51:07.017Z info: SIGINT signal received: closing HTTP server
2024-08-19T11:51:07.019Z info: HTTP server closed
