{"level":"error","message":"Error during log cleanup job: cleanupLogs is not a function","timestamp":"2024-07-08T22:00:00.507Z"}
{"level":"info","message":"SIGINT signal received: closing HTTP server","timestamp":"2024-07-08T22:00:52.273Z"}
{"level":"info","message":"Server is running on port 3000","timestamp":"2024-07-08T22:00:54.436Z"}
{"level":"info","message":"SIGINT signal received: closing HTTP server","timestamp":"2024-07-08T22:01:05.213Z"}
{"level":"info","message":"Server is running on port 3000","timestamp":"2024-07-08T22:01:07.102Z"}
{"level":"info","message":"SIGINT signal received: closing HTTP server","timestamp":"2024-07-08T22:01:47.209Z"}
{"level":"info","message":"Server is running on port 3000","timestamp":"2024-07-08T22:01:49.336Z"}
{"level":"info","message":"SIGINT signal received: closing HTTP server","timestamp":"2024-07-08T22:02:02.709Z"}
{"level":"info","message":"Server is running on port 3000","timestamp":"2024-07-08T22:02:04.635Z"}
{"level":"info","message":"SIGINT signal received: closing HTTP server","timestamp":"2024-07-08T22:02:17.250Z"}
{"level":"info","message":"Server is running on port 3000","timestamp":"2024-07-08T22:02:19.036Z"}
{"level":"info","message":"SIGINT signal received: closing HTTP server","timestamp":"2024-07-08T22:03:01.444Z"}
{"level":"info","message":"Server is running on port 3000","timestamp":"2024-07-08T22:09:16.357Z"}
{"level":"info","message":"Server is running on port 3000","timestamp":"2024-07-08T22:13:07.277Z"}
{"level":"info","message":"Server is running on port 3000","timestamp":"2024-07-08T22:19:26.254Z"}
{"level":"info","message":"Server is running on port 3000","timestamp":"2024-07-08T22:19:52.978Z"}
{"level":"info","message":"Server is running on port 3000","timestamp":"2024-07-08T22:21:26.478Z"}
{"level":"info","message":"Server is running on port 3000","timestamp":"2024-07-08T22:21:43.699Z"}
{"level":"info","message":"Server is running on port 3000","timestamp":"2024-07-08T22:22:53.736Z"}
{"level":"info","message":"Server is running on port 3000","timestamp":"2024-07-08T22:24:22.947Z"}
{"level":"info","message":"SIGINT signal received: closing HTTP server","timestamp":"2024-07-08T22:24:25.547Z"}
{"level":"info","message":"Server is running on port 3000","timestamp":"2024-07-08T22:24:29.778Z"}
{"level":"info","message":"Server is running on port 3000","timestamp":"2024-07-08T22:26:41.085Z"}
{"level":"info","message":"Server is running on port 3000","timestamp":"2024-07-08T22:27:04.302Z"}
{"level":"info","message":"Server is running on port 3000","timestamp":"2024-07-08T22:30:23.122Z"}
{"level":"info","message":"Server is running on port 3000","timestamp":"2024-07-08T22:31:15.681Z"}
{"level":"info","message":"SIGINT signal received: closing HTTP server","timestamp":"2024-07-08T22:31:51.575Z"}
{"level":"info","message":"HTTP server closed","timestamp":"2024-07-08T22:31:51.579Z"}
{"level":"info","message":"Server is running on port 3000","timestamp":"2024-07-08T22:34:08.552Z"}
{"level":"info","message":"Server is running on port 3000","timestamp":"2024-07-08T22:34:24.239Z"}
{"level":"info","message":"Server is running on port 3000","timestamp":"2024-07-08T22:34:38.340Z"}
{"level":"info","message":"Server is running on port 3000","timestamp":"2024-07-08T22:34:49.614Z"}
{"level":"info","message":"Server is running on port 3000","timestamp":"2024-07-08T22:36:40.172Z"}
{"level":"info","message":"SIGINT signal received: closing HTTP server","timestamp":"2024-07-08T22:37:06.994Z"}
{"level":"info","message":"Server is running on port 3000","timestamp":"2024-07-08T22:41:11.171Z"}
{"level":"info","message":"Server is running on port 3000","timestamp":"2024-07-08T22:42:43.462Z"}
{"level":"info","message":"Server is running on port 3000","timestamp":"2024-07-08T22:43:26.004Z"}
{"level":"info","message":"Server is running on port 3000","timestamp":"2024-07-08T22:44:38.367Z"}
{"level":"info","message":"Server is running on port 3000","timestamp":"2024-07-08T22:45:42.368Z"}
{"level":"info","message":"SIGINT signal received: closing HTTP server","timestamp":"2024-07-08T22:46:13.272Z"}
{"level":"info","message":"Server is running on port 3000","timestamp":"2024-07-08T22:47:43.374Z"}
{"level":"info","message":"Server is running on port 3000","timestamp":"2024-07-08T22:49:41.070Z"}
{"level":"info","message":"Server is running on port 3000","timestamp":"2024-07-08T22:50:51.558Z"}
{"level":"info","message":"Server is running on port 3000","timestamp":"2024-07-09T20:11:09.309Z"}
{"level":"info","message":"Server is running on port 3000","timestamp":"2024-07-09T20:11:10.318Z"}
{"level":"info","message":"Server is running on port 3000","timestamp":"2024-07-09T20:11:16.217Z"}
{"level":"info","message":"Server is running on port 3000","timestamp":"2024-07-09T20:11:48.007Z"}
{"level":"info","message":"Server is running on port 3000","timestamp":"2024-07-09T20:12:33.990Z"}
{"level":"info","message":"Server is running on port 3000","timestamp":"2024-07-09T20:12:47.677Z"}
{"level":"info","message":"Server is running on port 3000","timestamp":"2024-07-09T20:13:05.711Z"}
{"level":"info","message":"Server is running on port 3000","timestamp":"2024-07-09T20:13:59.954Z"}
{"level":"info","message":"Server is running on port 3000","timestamp":"2024-07-09T20:19:06.130Z"}
{"level":"info","message":"Server is running on port 3000","timestamp":"2024-07-09T20:21:14.165Z"}
{"level":"info","message":"Server is running on port 3000","timestamp":"2024-07-09T20:22:15.269Z"}
{"level":"info","message":"Server is running on port 3000","timestamp":"2024-07-09T20:22:31.285Z"}
{"level":"info","message":"SIGINT signal received: closing HTTP server","timestamp":"2024-07-09T20:22:37.125Z"}
{"level":"info","message":"Server is running on port 3000","timestamp":"2024-07-09T20:22:39.353Z"}
{"level":"info","message":"Server is running on port 3000","timestamp":"2024-07-09T20:23:51.951Z"}
{"level":"info","message":"Server is running on port 3000","timestamp":"2024-07-09T20:25:43.345Z"}
{"level":"info","message":"Server is running on port 3000","timestamp":"2024-07-09T20:26:49.338Z"}
{"level":"info","message":"Server is running on port 3000","timestamp":"2024-07-09T20:27:00.865Z"}
{"level":"info","message":"Server is running on port 3000","timestamp":"2024-07-09T20:41:20.841Z"}
{"level":"info","message":"Server is running on port 3000","timestamp":"2024-07-09T20:41:45.874Z"}
{"level":"info","message":"SIGINT signal received: closing HTTP server","timestamp":"2024-07-09T20:41:49.102Z"}
{"level":"info","message":"Server is running on port 3000","timestamp":"2024-07-09T20:41:50.922Z"}
{"level":"info","message":"Server is running on port 3000","timestamp":"2024-07-09T20:45:52.637Z"}
{"level":"info","message":"Server is running on port 3000","timestamp":"2024-07-09T20:47:24.097Z"}
{"level":"info","message":"Server is running on port 3000","timestamp":"2024-07-09T20:47:42.121Z"}
{"level":"info","message":"Server is running on port 3000","timestamp":"2024-07-09T20:47:47.048Z"}
{"level":"info","message":"SIGINT signal received: closing HTTP server","timestamp":"2024-07-09T20:47:51.221Z"}
{"level":"info","message":"Server is running on port 3000","timestamp":"2024-07-09T20:47:56.107Z"}
{"level":"info","message":"Server is running on port 3000","timestamp":"2024-07-09T20:48:57.660Z"}
{"level":"info","message":"Server is running on port 3000","timestamp":"2024-07-09T20:49:21.205Z"}
{"level":"info","message":"Server is running on port 3000","timestamp":"2024-07-09T20:51:25.072Z"}
{"level":"info","message":"Server is running on port 3000","timestamp":"2024-07-09T20:51:40.893Z"}
{"level":"info","message":"Server is running on port 3000","timestamp":"2024-07-09T20:52:21.526Z"}
{"level":"info","message":"SIGINT signal received: closing HTTP server","timestamp":"2024-07-09T20:52:30.215Z"}
{"level":"info","message":"Server is running on port 3000","timestamp":"2024-07-09T20:52:34.402Z"}
{"level":"info","message":"Server is running on port 3000","timestamp":"2024-07-09T20:55:17.808Z"}
{"level":"info","message":"Server is running on port 3000","timestamp":"2024-07-09T20:55:49.424Z"}
{"level":"info","message":"Server is running on port 3000","timestamp":"2024-07-09T20:56:40.086Z"}
{"level":"info","message":"Server is running on port 3000","timestamp":"2024-07-09T20:58:50.537Z"}
{"level":"info","message":"Server is running on port 3000","timestamp":"2024-07-09T20:58:53.422Z"}
{"level":"info","message":"SIGINT signal received: closing HTTP server","timestamp":"2024-07-09T20:59:00.273Z"}
{"level":"info","message":"Server is running on port 3000","timestamp":"2024-07-09T20:59:02.072Z"}
{"level":"info","message":"Logger initialized successfully.","timestamp":"2024-07-09T21:12:18.146Z"}
{"level":"info","message":"MQTT client initialized successfully.","timestamp":"2024-07-09T21:12:18.186Z"}
{"level":"info","message":"Server is running on port 3000","timestamp":"2024-07-09T21:12:18.194Z"}
{"level":"info","message":"SIGINT signal received: closing HTTP server","timestamp":"2024-07-09T21:15:12.110Z"}
{"level":"info","message":"Logger initialized successfully.","timestamp":"2024-07-09T21:15:13.871Z"}
{"level":"info","message":"MQTT client initialized successfully.","timestamp":"2024-07-09T21:15:13.918Z"}
{"level":"info","message":"Server is running on port 3000","timestamp":"2024-07-09T21:15:13.924Z"}
{"level":"info","message":"SIGINT signal received: closing HTTP server","timestamp":"2024-07-09T21:15:40.132Z"}
{"level":"info","message":"Logger initialized successfully.","timestamp":"2024-07-09T21:15:44.054Z"}
{"level":"info","message":"MQTT client initialized successfully.","timestamp":"2024-07-09T21:15:44.094Z"}
{"level":"info","message":"Server is running on port 3000","timestamp":"2024-07-09T21:15:44.101Z"}
{"level":"info","message":"SIGINT signal received: closing HTTP server","timestamp":"2024-07-09T21:15:54.482Z"}
{"level":"info","message":"Logger initialized successfully.","timestamp":"2024-07-09T21:15:56.204Z"}
{"level":"info","message":"MQTT client initialized successfully.","timestamp":"2024-07-09T21:15:56.244Z"}
{"level":"info","message":"Server is running on port 3000","timestamp":"2024-07-09T21:15:56.250Z"}
{"level":"info","message":"Logger initialized successfully.","timestamp":"2024-07-09T21:19:05.172Z"}
{"level":"info","message":"MQTT client initialized successfully.","timestamp":"2024-07-09T21:19:05.209Z"}
{"level":"info","message":"Server is running on port 3000","timestamp":"2024-07-09T21:19:05.215Z"}
{"level":"info","message":"Logger initialized successfully.","timestamp":"2024-07-09T21:21:49.228Z"}
{"level":"info","message":"MQTT client initialized successfully.","timestamp":"2024-07-09T21:21:49.266Z"}
{"level":"info","message":"Server is running on port 3000","timestamp":"2024-07-09T21:21:49.274Z"}
{"level":"info","message":"Logger initialized successfully.","timestamp":"2024-07-09T21:23:38.854Z"}
{"level":"info","message":"MQTT client initialized successfully.","timestamp":"2024-07-09T21:23:38.896Z"}
{"level":"info","message":"Server is running on port 3000","timestamp":"2024-07-09T21:23:38.901Z"}
{"level":"info","message":"Logger initialized successfully.","timestamp":"2024-07-09T21:24:03.449Z"}
{"level":"info","message":"MQTT client initialized successfully.","timestamp":"2024-07-09T21:24:03.487Z"}
{"level":"info","message":"Server is running on port 3000","timestamp":"2024-07-09T21:24:03.494Z"}
{"level":"info","message":"Logger initialized successfully.","timestamp":"2024-07-09T21:24:54.048Z"}
{"level":"info","message":"MQTT client initialized successfully.","timestamp":"2024-07-09T21:24:54.089Z"}
{"level":"info","message":"Server is running on port 3000","timestamp":"2024-07-09T21:24:54.098Z"}
{"level":"info","message":"Logger initialized successfully.","timestamp":"2024-07-09T21:25:19.371Z"}
{"level":"info","message":"MQTT client initialized successfully.","timestamp":"2024-07-09T21:25:19.409Z"}
{"level":"info","message":"Server is running on port 3000","timestamp":"2024-07-09T21:25:19.415Z"}
{"level":"info","message":"Logger initialized successfully.","timestamp":"2024-07-09T21:25:35.838Z"}
{"level":"info","message":"MQTT client initialized successfully.","timestamp":"2024-07-09T21:25:35.875Z"}
{"level":"info","message":"Server is running on port 3000","timestamp":"2024-07-09T21:25:35.884Z"}
{"level":"info","message":"Logger initialized successfully.","timestamp":"2024-07-09T21:26:39.550Z"}
{"level":"info","message":"MQTT client initialized successfully.","timestamp":"2024-07-09T21:26:39.590Z"}
{"level":"info","message":"Server is running on port 3000","timestamp":"2024-07-09T21:26:39.598Z"}
{"level":"info","message":"Logger initialized successfully.","timestamp":"2024-07-09T21:26:51.393Z"}
{"level":"info","message":"MQTT client initialized successfully.","timestamp":"2024-07-09T21:26:51.431Z"}
{"level":"info","message":"Server is running on port 3000","timestamp":"2024-07-09T21:26:51.437Z"}
{"level":"info","message":"Logger initialized successfully.","timestamp":"2024-07-09T21:26:56.822Z"}
{"level":"info","message":"MQTT client initialized successfully.","timestamp":"2024-07-09T21:26:56.863Z"}
{"level":"info","message":"Server is running on port 3000","timestamp":"2024-07-09T21:26:56.869Z"}
{"level":"info","message":"Logger initialized successfully.","timestamp":"2024-07-09T21:31:37.665Z"}
{"level":"info","message":"MQTT client initialized successfully.","timestamp":"2024-07-09T21:31:37.707Z"}
{"level":"info","message":"Server is running on port 3000","timestamp":"2024-07-09T21:31:37.714Z"}
{"level":"info","message":"Logger initialized successfully.","timestamp":"2024-07-09T21:32:41.233Z"}
{"level":"info","message":"MQTT client initialized successfully.","timestamp":"2024-07-09T21:32:41.289Z"}
{"level":"info","message":"Server is running on port 3000","timestamp":"2024-07-09T21:32:41.298Z"}
{"level":"info","message":"Logger initialized successfully.","timestamp":"2024-07-09T21:32:51.326Z"}
{"level":"info","message":"MQTT client initialized successfully.","timestamp":"2024-07-09T21:32:51.385Z"}
{"level":"info","message":"Server is running on port 3000","timestamp":"2024-07-09T21:32:51.393Z"}
{"level":"info","message":"Logger initialized successfully.","timestamp":"2024-07-09T21:33:01.281Z"}
{"level":"info","message":"MQTT client initialized successfully.","timestamp":"2024-07-09T21:33:01.325Z"}
{"level":"info","message":"Server is running on port 3000","timestamp":"2024-07-09T21:33:01.331Z"}
{"level":"info","message":"Logger initialized successfully.","timestamp":"2024-07-09T21:33:17.254Z"}
{"level":"info","message":"MQTT client initialized successfully.","timestamp":"2024-07-09T21:33:17.299Z"}
{"level":"info","message":"Server is running on port 3000","timestamp":"2024-07-09T21:33:17.305Z"}
{"level":"info","message":"Logger initialized successfully.","timestamp":"2024-07-09T21:33:47.515Z"}
{"level":"info","message":"MQTT client initialized successfully.","timestamp":"2024-07-09T21:33:47.557Z"}
{"level":"info","message":"Server is running on port 3000","timestamp":"2024-07-09T21:33:47.563Z"}
{"level":"info","message":"Logger initialized successfully.","timestamp":"2024-07-09T21:34:11.008Z"}
{"level":"info","message":"MQTT client initialized successfully.","timestamp":"2024-07-09T21:34:11.053Z"}
{"level":"info","message":"Server is running on port 3000","timestamp":"2024-07-09T21:34:11.059Z"}
{"level":"info","message":"Logger initialized successfully.","timestamp":"2024-07-09T21:34:23.734Z"}
{"level":"info","message":"MQTT client initialized successfully.","timestamp":"2024-07-09T21:34:23.773Z"}
{"level":"info","message":"Server is running on port 3000","timestamp":"2024-07-09T21:34:23.779Z"}
{"level":"info","message":"Logger initialized successfully.","timestamp":"2024-07-09T21:34:53.884Z"}
{"level":"info","message":"MQTT client initialized successfully.","timestamp":"2024-07-09T21:34:53.925Z"}
{"level":"info","message":"Server is running on port 3000","timestamp":"2024-07-09T21:34:53.935Z"}
{"level":"info","message":"Logger initialized successfully.","timestamp":"2024-07-09T21:35:19.005Z"}
{"level":"info","message":"MQTT client initialized successfully.","timestamp":"2024-07-09T21:35:19.050Z"}
{"level":"info","message":"Server is running on port 3000","timestamp":"2024-07-09T21:35:19.057Z"}
{"level":"info","message":"SIGINT signal received: closing HTTP server","timestamp":"2024-07-09T21:35:30.661Z"}
{"level":"info","message":"Logger initialized successfully.","timestamp":"2024-07-09T21:35:37.471Z"}
{"level":"info","message":"MQTT client initialized successfully.","timestamp":"2024-07-09T21:35:37.507Z"}
{"level":"info","message":"Server is running on port 3000","timestamp":"2024-07-09T21:35:37.513Z"}
{"level":"info","message":"SIGINT signal received: closing HTTP server","timestamp":"2024-07-09T21:36:55.298Z"}
{"level":"info","message":"Logger initialized successfully.","timestamp":"2024-07-09T21:36:57.690Z"}
{"level":"info","message":"MQTT client initialized successfully.","timestamp":"2024-07-09T21:36:57.727Z"}
{"level":"info","message":"Server is running on port 3000","timestamp":"2024-07-09T21:36:57.734Z"}
{"level":"info","message":"Logger initialized successfully.","timestamp":"2024-07-09T21:37:21.849Z"}
{"level":"info","message":"MQTT client initialized successfully.","timestamp":"2024-07-09T21:37:21.887Z"}
{"level":"info","message":"Server is running on port 3000","timestamp":"2024-07-09T21:37:21.894Z"}
{"level":"info","message":"SIGINT signal received: closing HTTP server","timestamp":"2024-07-09T21:37:36.993Z"}
{"level":"info","message":"Logger initialized successfully.","timestamp":"2024-07-09T21:37:42.983Z"}
{"level":"info","message":"MQTT client initialized successfully.","timestamp":"2024-07-09T21:37:43.063Z"}
{"level":"info","message":"Server is running on port 3000","timestamp":"2024-07-09T21:37:43.073Z"}
{"level":"info","message":"SIGINT signal received: closing HTTP server","timestamp":"2024-07-09T21:40:42.155Z"}
{"level":"info","message":"Logger initialized successfully.","timestamp":"2024-07-09T21:40:46.691Z"}
{"level":"info","message":"MQTT client initialized successfully.","timestamp":"2024-07-09T21:40:46.725Z"}
{"level":"info","message":"Server is running on port 3000","timestamp":"2024-07-09T21:40:46.731Z"}
{"level":"info","message":"Logger initialized successfully.","timestamp":"2024-07-09T21:42:51.411Z"}
{"level":"info","message":"MQTT client initialized successfully.","timestamp":"2024-07-09T21:42:51.454Z"}
{"level":"info","message":"Server is running on port 3000","timestamp":"2024-07-09T21:42:51.460Z"}
{"level":"info","message":"Logger initialized successfully.","timestamp":"2024-07-09T21:43:22.158Z"}
{"level":"info","message":"MQTT client initialized successfully.","timestamp":"2024-07-09T21:43:22.207Z"}
{"level":"info","message":"Server is running on port 3000","timestamp":"2024-07-09T21:43:22.215Z"}
{"level":"info","message":"Logger initialized successfully.","timestamp":"2024-07-09T21:43:39.889Z"}
{"level":"info","message":"MQTT client initialized successfully.","timestamp":"2024-07-09T21:43:39.927Z"}
{"level":"info","message":"Server is running on port 3000","timestamp":"2024-07-09T21:43:39.934Z"}
{"level":"info","message":"Logger initialized successfully.","timestamp":"2024-07-09T21:44:49.959Z"}
{"level":"info","message":"MQTT client initialized successfully.","timestamp":"2024-07-09T21:44:49.999Z"}
{"level":"info","message":"Server is running on port 3000","timestamp":"2024-07-09T21:44:50.006Z"}
{"level":"info","message":"Logger initialized successfully.","timestamp":"2024-07-09T21:46:04.841Z"}
{"level":"info","message":"MQTT client initialized successfully.","timestamp":"2024-07-09T21:46:04.881Z"}
{"level":"info","message":"Server is running on port 3000","timestamp":"2024-07-09T21:46:04.888Z"}
{"level":"info","message":"SIGINT signal received: closing HTTP server","timestamp":"2024-07-09T21:46:09.680Z"}
{"level":"info","message":"Logger initialized successfully.","timestamp":"2024-07-09T21:46:13.701Z"}
{"level":"info","message":"MQTT client initialized successfully.","timestamp":"2024-07-09T21:46:13.749Z"}
{"level":"info","message":"Server is running on port 3000","timestamp":"2024-07-09T21:46:13.757Z"}
{"level":"info","message":"Logger initialized successfully.","timestamp":"2024-07-09T21:47:20.648Z"}
{"level":"info","message":"MQTT client initialized successfully.","timestamp":"2024-07-09T21:47:20.691Z"}
{"level":"info","message":"Server is running on port 3000","timestamp":"2024-07-09T21:47:20.697Z"}
{"level":"info","message":"SIGINT signal received: closing HTTP server","timestamp":"2024-07-09T21:47:23.106Z"}
{"level":"info","message":"Logger initialized successfully.","timestamp":"2024-07-09T21:47:26.469Z"}
{"level":"info","message":"MQTT client initialized successfully.","timestamp":"2024-07-09T21:47:26.505Z"}
{"level":"info","message":"Server is running on port 3000","timestamp":"2024-07-09T21:47:26.510Z"}
{"level":"info","message":"Logger initialized successfully.","timestamp":"2024-07-09T21:48:35.876Z"}
{"level":"info","message":"MQTT client initialized successfully.","timestamp":"2024-07-09T21:48:35.915Z"}
{"level":"info","message":"Server is running on port 3000","timestamp":"2024-07-09T21:48:35.921Z"}
{"level":"info","message":"SIGINT signal received: closing HTTP server","timestamp":"2024-07-09T21:48:37.221Z"}
{"level":"info","message":"Logger initialized successfully.","timestamp":"2024-07-09T21:48:40.998Z"}
{"level":"info","message":"MQTT client initialized successfully.","timestamp":"2024-07-09T21:48:41.034Z"}
{"level":"info","message":"Server is running on port 3000","timestamp":"2024-07-09T21:48:41.040Z"}
{"level":"info","message":"Logger initialized successfully.","timestamp":"2024-07-09T21:50:48.992Z"}
{"level":"info","message":"MQTT client initialized successfully.","timestamp":"2024-07-09T21:50:49.033Z"}
{"level":"info","message":"Server is running on port 3000","timestamp":"2024-07-09T21:50:49.039Z"}
{"level":"info","message":"SIGINT signal received: closing HTTP server","timestamp":"2024-07-09T21:50:51.265Z"}
{"level":"info","message":"Logger initialized successfully.","timestamp":"2024-07-09T21:50:54.859Z"}
{"level":"info","message":"MQTT client initialized successfully.","timestamp":"2024-07-09T21:50:54.894Z"}
{"level":"info","message":"Server is running on port 3000","timestamp":"2024-07-09T21:50:54.900Z"}
{"level":"info","message":"Logger initialized successfully.","timestamp":"2024-07-09T21:55:00.264Z"}
{"level":"info","message":"MQTT client initialized successfully.","timestamp":"2024-07-09T21:55:00.305Z"}
{"level":"info","message":"Server is running on port 3000","timestamp":"2024-07-09T21:55:00.312Z"}
{"level":"info","message":"Logger initialized successfully.","timestamp":"2024-07-09T21:55:04.827Z"}
{"level":"info","message":"MQTT client initialized successfully.","timestamp":"2024-07-09T21:55:04.866Z"}
{"level":"info","message":"Server is running on port 3000","timestamp":"2024-07-09T21:55:04.873Z"}
{"level":"info","message":"SIGINT signal received: closing HTTP server","timestamp":"2024-07-09T21:55:12.107Z"}
{"level":"info","message":"Logger initialized successfully.","timestamp":"2024-07-09T21:55:13.943Z"}
{"level":"info","message":"MQTT client initialized successfully.","timestamp":"2024-07-09T21:55:13.983Z"}
{"level":"info","message":"Server is running on port 3000","timestamp":"2024-07-09T21:55:13.989Z"}
{"level":"info","message":"SIGINT signal received: closing HTTP server","timestamp":"2024-07-09T21:55:29.443Z"}
{"level":"info","message":"Logger initialized successfully.","timestamp":"2024-07-09T21:55:39.882Z"}
{"level":"info","message":"MQTT client initialized successfully.","timestamp":"2024-07-09T21:55:39.921Z"}
{"level":"info","message":"Server is running on port 3000","timestamp":"2024-07-09T21:55:39.926Z"}
{"level":"info","message":"Logger initialized successfully.","timestamp":"2024-07-09T21:57:20.362Z"}
{"level":"info","message":"MQTT client initialized successfully.","timestamp":"2024-07-09T21:57:20.410Z"}
{"level":"info","message":"Server is running on port 3000","timestamp":"2024-07-09T21:57:20.418Z"}
{"level":"info","message":"SIGINT signal received: closing HTTP server","timestamp":"2024-07-09T21:57:27.895Z"}
{"level":"info","message":"Logger initialized successfully.","timestamp":"2024-07-09T21:57:33.310Z"}
{"level":"info","message":"MQTT client initialized successfully.","timestamp":"2024-07-09T21:57:33.364Z"}
{"level":"info","message":"Server is running on port 3000","timestamp":"2024-07-09T21:57:33.374Z"}
{"level":"info","message":"Logger initialized successfully.","timestamp":"2024-07-09T21:59:17.855Z"}
{"level":"info","message":"MQTT client initialized successfully.","timestamp":"2024-07-09T21:59:17.896Z"}
{"level":"info","message":"Server is running on port 3000","timestamp":"2024-07-09T21:59:17.903Z"}
{"level":"info","message":"SIGINT signal received: closing HTTP server","timestamp":"2024-07-09T21:59:18.516Z"}
{"level":"info","message":"Logger initialized successfully.","timestamp":"2024-07-09T21:59:22.616Z"}
{"level":"info","message":"MQTT client initialized successfully.","timestamp":"2024-07-09T21:59:22.661Z"}
{"level":"info","message":"Server is running on port 3000","timestamp":"2024-07-09T21:59:22.668Z"}
