{"level":"info","message":"Logger initialized successfully.","timestamp":"2024-07-09T22:01:17.472Z"}
{"level":"info","message":"MQTT client initialized successfully.","timestamp":"2024-07-09T22:01:17.510Z"}
{"level":"info","message":"Server is running on port 3000","timestamp":"2024-07-09T22:01:17.517Z"}
{"level":"info","message":"SIGINT signal received: closing HTTP server","timestamp":"2024-07-09T22:01:18.072Z"}
{"level":"info","message":"Logger initialized successfully.","timestamp":"2024-07-09T22:01:21.527Z"}
{"level":"info","message":"MQTT client initialized successfully.","timestamp":"2024-07-09T22:01:21.569Z"}
{"level":"info","message":"Server is running on port 3000","timestamp":"2024-07-09T22:01:21.577Z"}
{"level":"info","message":"SIGINT signal received: closing HTTP server","timestamp":"2024-07-09T22:02:57.832Z"}
{"level":"info","message":"Logger initialized successfully.","timestamp":"2024-07-09T22:03:01.333Z"}
{"level":"info","message":"MQTT client initialized successfully.","timestamp":"2024-07-09T22:03:01.375Z"}
{"level":"info","message":"Server is running on port 3000","timestamp":"2024-07-09T22:03:01.381Z"}
{"level":"info","message":"SIGINT signal received: closing HTTP server","timestamp":"2024-07-09T22:03:22.738Z"}
{"level":"info","message":"Logger initialized successfully.","timestamp":"2024-07-09T22:03:25.129Z"}
{"level":"info","message":"MQTT client initialized successfully.","timestamp":"2024-07-09T22:03:25.166Z"}
{"level":"info","message":"Server is running on port 3000","timestamp":"2024-07-09T22:03:25.171Z"}
{"level":"info","message":"Logger initialized successfully.","timestamp":"2024-07-09T22:04:05.309Z"}
{"level":"info","message":"MQTT client initialized successfully.","timestamp":"2024-07-09T22:04:05.343Z"}
{"level":"info","message":"Server is running on port 3000","timestamp":"2024-07-09T22:04:05.348Z"}
{"level":"info","message":"SIGINT signal received: closing HTTP server","timestamp":"2024-07-09T22:04:05.680Z"}
{"level":"info","message":"Logger initialized successfully.","timestamp":"2024-07-09T22:04:08.946Z"}
{"level":"info","message":"MQTT client initialized successfully.","timestamp":"2024-07-09T22:04:08.982Z"}
{"level":"info","message":"Server is running on port 3000","timestamp":"2024-07-09T22:04:08.988Z"}
{"level":"info","message":"SIGINT signal received: closing HTTP server","timestamp":"2024-07-09T22:04:33.679Z"}
{"level":"info","message":"HTTP server closed","timestamp":"2024-07-09T22:04:33.680Z"}
{"level":"info","message":"Logger initialized successfully.","timestamp":"2024-07-09T22:04:35.449Z"}
{"level":"info","message":"MQTT client initialized successfully.","timestamp":"2024-07-09T22:04:35.488Z"}
{"level":"info","message":"Server is running on port 3000","timestamp":"2024-07-09T22:04:35.495Z"}
{"level":"info","message":"Logger initialized successfully.","timestamp":"2024-07-09T22:06:21.851Z"}
{"level":"info","message":"MQTT client initialized successfully.","timestamp":"2024-07-09T22:06:21.892Z"}
{"level":"info","message":"Server is running on port 3000","timestamp":"2024-07-09T22:06:21.899Z"}
{"level":"info","message":"Logger initialized successfully.","timestamp":"2024-07-09T22:07:43.947Z"}
{"level":"info","message":"MQTT client initialized successfully.","timestamp":"2024-07-09T22:07:43.996Z"}
{"level":"info","message":"Server is running on port 3000","timestamp":"2024-07-09T22:07:44.003Z"}
{"level":"info","message":"SIGINT signal received: closing HTTP server","timestamp":"2024-07-09T22:07:44.020Z"}
{"level":"info","message":"Logger initialized successfully.","timestamp":"2024-07-09T22:07:47.490Z"}
{"level":"info","message":"MQTT client initialized successfully.","timestamp":"2024-07-09T22:07:47.529Z"}
{"level":"info","message":"Server is running on port 3000","timestamp":"2024-07-09T22:07:47.535Z"}
{"level":"info","message":"Logger initialized successfully.","timestamp":"2024-07-09T22:11:09.561Z"}
{"level":"info","message":"MQTT client initialized successfully.","timestamp":"2024-07-09T22:11:09.606Z"}
{"level":"info","message":"Server is running on port 3000","timestamp":"2024-07-09T22:11:09.614Z"}
{"level":"info","message":"Logger initialized successfully.","timestamp":"2024-07-09T22:11:12.472Z"}
{"level":"info","message":"MQTT client initialized successfully.","timestamp":"2024-07-09T22:11:12.509Z"}
{"level":"info","message":"Server is running on port 3000","timestamp":"2024-07-09T22:11:12.516Z"}
{"level":"info","message":"SIGINT signal received: closing HTTP server","timestamp":"2024-07-09T22:11:13.567Z"}
{"level":"info","message":"Logger initialized successfully.","timestamp":"2024-07-09T22:11:16.965Z"}
{"level":"info","message":"MQTT client initialized successfully.","timestamp":"2024-07-09T22:11:17.008Z"}
{"level":"info","message":"Server is running on port 3000","timestamp":"2024-07-09T22:11:17.015Z"}
{"level":"info","message":"Logger initialized successfully.","timestamp":"2024-07-09T22:13:02.174Z"}
{"level":"info","message":"MQTT client initialized successfully.","timestamp":"2024-07-09T22:13:02.214Z"}
{"level":"info","message":"Server is running on port 3000","timestamp":"2024-07-09T22:13:02.220Z"}
{"level":"info","message":"SIGINT signal received: closing HTTP server","timestamp":"2024-07-09T22:13:04.015Z"}
{"level":"info","message":"Logger initialized successfully.","timestamp":"2024-07-09T22:13:07.069Z"}
{"level":"info","message":"MQTT client initialized successfully.","timestamp":"2024-07-09T22:13:07.104Z"}
{"level":"info","message":"Server is running on port 3000","timestamp":"2024-07-09T22:13:07.110Z"}
{"level":"info","message":"Logger initialized successfully.","timestamp":"2024-07-09T22:14:38.607Z"}
{"level":"info","message":"MQTT client initialized successfully.","timestamp":"2024-07-09T22:14:38.652Z"}
{"level":"info","message":"Server is running on port 3000","timestamp":"2024-07-09T22:14:38.658Z"}
{"level":"info","message":"Logger initialized successfully.","timestamp":"2024-07-09T22:14:47.945Z"}
{"level":"info","message":"MQTT client initialized successfully.","timestamp":"2024-07-09T22:14:47.994Z"}
{"level":"info","message":"Server is running on port 3000","timestamp":"2024-07-09T22:14:48.001Z"}
{"level":"info","message":"Logger initialized successfully.","timestamp":"2024-07-09T22:17:18.787Z"}
{"level":"info","message":"MQTT client initialized successfully.","timestamp":"2024-07-09T22:17:18.826Z"}
{"level":"info","message":"Server is running on port 3000","timestamp":"2024-07-09T22:17:18.832Z"}
{"level":"info","message":"Logger initialized successfully.","timestamp":"2024-07-09T22:17:22.147Z"}
{"level":"info","message":"MQTT client initialized successfully.","timestamp":"2024-07-09T22:17:22.187Z"}
{"level":"info","message":"Server is running on port 3000","timestamp":"2024-07-09T22:17:22.192Z"}
{"level":"info","message":"Logger initialized successfully.","timestamp":"2024-07-09T22:19:36.999Z"}
{"level":"info","message":"MQTT client initialized successfully.","timestamp":"2024-07-09T22:19:37.036Z"}
{"level":"info","message":"Server is running on port 3000","timestamp":"2024-07-09T22:19:37.042Z"}
{"level":"info","message":"SIGINT signal received: closing HTTP server","timestamp":"2024-07-09T22:19:52.407Z"}
