{"level":"info","message":"Logger initialized successfully.","timestamp":"2024-07-12T17:03:13.324Z"}
{"level":"info","message":"MQTT client initialized successfully.","timestamp":"2024-07-12T17:03:13.418Z"}
{"level":"info","message":"Server is running on port 3000","timestamp":"2024-07-12T17:03:13.436Z"}
{"level":"info","message":"Logger initialized successfully.","timestamp":"2024-07-12T17:05:49.957Z"}
{"level":"info","message":"MQTT client initialized successfully.","timestamp":"2024-07-12T17:05:50.002Z"}
{"level":"info","message":"Server is running on port 3000","timestamp":"2024-07-12T17:05:50.008Z"}
{"level":"info","message":"Logger initialized successfully.","timestamp":"2024-07-12T17:06:12.582Z"}
{"level":"info","message":"MQTT client initialized successfully.","timestamp":"2024-07-12T17:06:12.624Z"}
{"level":"info","message":"Server is running on port 3000","timestamp":"2024-07-12T17:06:12.630Z"}
{"level":"info","message":"Logger initialized successfully.","timestamp":"2024-07-12T17:08:08.603Z"}
{"level":"info","message":"MQTT client initialized successfully.","timestamp":"2024-07-12T17:08:08.642Z"}
{"level":"info","message":"Server is running on port 3000","timestamp":"2024-07-12T17:08:08.648Z"}
{"level":"info","message":"SIGINT signal received: closing HTTP server","timestamp":"2024-07-12T17:08:21.636Z"}
{"level":"info","message":"Logger initialized successfully.","timestamp":"2024-07-12T17:08:23.626Z"}
{"level":"info","message":"MQTT client initialized successfully.","timestamp":"2024-07-12T17:08:23.665Z"}
{"level":"info","message":"Server is running on port 3000","timestamp":"2024-07-12T17:08:23.671Z"}
{"level":"info","message":"Logger initialized successfully.","timestamp":"2024-07-12T17:09:02.631Z"}
{"level":"info","message":"MQTT client initialized successfully.","timestamp":"2024-07-12T17:09:02.670Z"}
{"level":"info","message":"Server is running on port 3000","timestamp":"2024-07-12T17:09:02.678Z"}
{"level":"info","message":"Logger initialized successfully.","timestamp":"2024-07-12T17:10:06.179Z"}
{"level":"info","message":"MQTT client initialized successfully.","timestamp":"2024-07-12T17:10:06.218Z"}
{"level":"info","message":"Server is running on port 3000","timestamp":"2024-07-12T17:10:06.224Z"}
{"level":"info","message":"Logger initialized successfully.","timestamp":"2024-07-12T17:10:34.327Z"}
{"level":"info","message":"MQTT client initialized successfully.","timestamp":"2024-07-12T17:10:34.362Z"}
{"level":"info","message":"Server is running on port 3000","timestamp":"2024-07-12T17:10:34.368Z"}
{"level":"info","message":"Logger initialized successfully.","timestamp":"2024-07-12T17:11:00.823Z"}
{"level":"info","message":"MQTT client initialized successfully.","timestamp":"2024-07-12T17:11:00.862Z"}
{"level":"info","message":"Server is running on port 3000","timestamp":"2024-07-12T17:11:00.870Z"}
{"level":"info","message":"Logger initialized successfully.","timestamp":"2024-07-12T17:12:35.207Z"}
{"level":"info","message":"MQTT client initialized successfully.","timestamp":"2024-07-12T17:12:35.244Z"}
{"level":"info","message":"Server is running on port 3000","timestamp":"2024-07-12T17:12:35.250Z"}
{"level":"info","message":"Logger initialized successfully.","timestamp":"2024-07-12T17:13:32.102Z"}
{"level":"info","message":"MQTT client initialized successfully.","timestamp":"2024-07-12T17:13:32.142Z"}
{"level":"info","message":"Server is running on port 3000","timestamp":"2024-07-12T17:13:32.148Z"}
{"level":"info","message":"Logger initialized successfully.","timestamp":"2024-07-12T17:14:37.807Z"}
{"level":"info","message":"MQTT client initialized successfully.","timestamp":"2024-07-12T17:14:37.845Z"}
{"level":"info","message":"Server is running on port 3000","timestamp":"2024-07-12T17:14:37.851Z"}
{"level":"info","message":"Logger initialized successfully.","timestamp":"2024-07-12T17:15:30.516Z"}
{"level":"info","message":"MQTT client initialized successfully.","timestamp":"2024-07-12T17:15:30.555Z"}
{"level":"info","message":"Server is running on port 3000","timestamp":"2024-07-12T17:15:30.561Z"}
{"level":"info","message":"Logger initialized successfully.","timestamp":"2024-07-12T17:16:10.750Z"}
{"level":"info","message":"MQTT client initialized successfully.","timestamp":"2024-07-12T17:16:10.787Z"}
{"level":"info","message":"Server is running on port 3000","timestamp":"2024-07-12T17:16:10.794Z"}
{"level":"info","message":"SIGINT signal received: closing HTTP server","timestamp":"2024-07-12T17:16:54.168Z"}
{"level":"info","message":"Logger initialized successfully.","timestamp":"2024-07-12T17:16:56.051Z"}
{"level":"info","message":"MQTT client initialized successfully.","timestamp":"2024-07-12T17:16:56.090Z"}
{"level":"info","message":"Server is running on port 3000","timestamp":"2024-07-12T17:16:56.096Z"}
{"level":"info","message":"Logger initialized successfully.","timestamp":"2024-07-12T17:17:32.007Z"}
{"level":"info","message":"MQTT client initialized successfully.","timestamp":"2024-07-12T17:17:32.048Z"}
{"level":"info","message":"Server is running on port 3000","timestamp":"2024-07-12T17:17:32.053Z"}
{"level":"info","message":"Logger initialized successfully.","timestamp":"2024-07-12T17:17:48.445Z"}
{"level":"info","message":"MQTT client initialized successfully.","timestamp":"2024-07-12T17:17:48.484Z"}
{"level":"info","message":"Server is running on port 3000","timestamp":"2024-07-12T17:17:48.492Z"}
{"level":"info","message":"Logger initialized successfully.","timestamp":"2024-07-12T17:19:25.684Z"}
{"level":"info","message":"MQTT client initialized successfully.","timestamp":"2024-07-12T17:19:25.737Z"}
{"level":"info","message":"Server is running on port 3000","timestamp":"2024-07-12T17:19:25.743Z"}
{"level":"info","message":"Logger initialized successfully.","timestamp":"2024-07-12T17:21:24.181Z"}
{"level":"info","message":"MQTT client initialized successfully.","timestamp":"2024-07-12T17:21:24.222Z"}
{"level":"info","message":"Server is running on port 3000","timestamp":"2024-07-12T17:21:24.228Z"}
{"level":"info","message":"Logger initialized successfully.","timestamp":"2024-07-12T17:31:52.376Z"}
{"level":"info","message":"MQTT client initialized successfully.","timestamp":"2024-07-12T17:31:52.417Z"}
{"level":"info","message":"Server is running on port 3000","timestamp":"2024-07-12T17:31:52.423Z"}
{"level":"info","message":"Logger initialized successfully.","timestamp":"2024-07-12T17:33:27.056Z"}
{"level":"info","message":"MQTT client initialized successfully.","timestamp":"2024-07-12T17:33:27.096Z"}
{"level":"info","message":"Server is running on port 3000","timestamp":"2024-07-12T17:33:27.101Z"}
{"level":"info","message":"Logger initialized successfully.","timestamp":"2024-07-12T17:34:19.393Z"}
{"level":"info","message":"MQTT client initialized successfully.","timestamp":"2024-07-12T17:34:19.431Z"}
{"level":"info","message":"Server is running on port 3000","timestamp":"2024-07-12T17:34:19.436Z"}
{"level":"info","message":"Logger initialized successfully.","timestamp":"2024-07-12T17:34:42.692Z"}
{"level":"info","message":"MQTT client initialized successfully.","timestamp":"2024-07-12T17:34:42.736Z"}
{"level":"info","message":"Server is running on port 3000","timestamp":"2024-07-12T17:34:42.742Z"}
{"level":"info","message":"Logger initialized successfully.","timestamp":"2024-07-12T17:34:46.579Z"}
{"level":"info","message":"MQTT client initialized successfully.","timestamp":"2024-07-12T17:34:46.626Z"}
{"level":"info","message":"Server is running on port 3000","timestamp":"2024-07-12T17:34:46.632Z"}
{"level":"info","message":"Logger initialized successfully.","timestamp":"2024-07-12T17:34:47.735Z"}
{"level":"info","message":"MQTT client initialized successfully.","timestamp":"2024-07-12T17:34:47.775Z"}
{"level":"info","message":"Server is running on port 3000","timestamp":"2024-07-12T17:34:47.781Z"}
{"level":"info","message":"Logger initialized successfully.","timestamp":"2024-07-12T17:34:49.746Z"}
{"level":"info","message":"MQTT client initialized successfully.","timestamp":"2024-07-12T17:34:49.785Z"}
{"level":"info","message":"Server is running on port 3000","timestamp":"2024-07-12T17:34:49.791Z"}
{"level":"info","message":"Logger initialized successfully.","timestamp":"2024-07-12T17:35:02.746Z"}
{"level":"info","message":"MQTT client initialized successfully.","timestamp":"2024-07-12T17:35:02.785Z"}
{"level":"info","message":"Server is running on port 3000","timestamp":"2024-07-12T17:35:02.790Z"}
{"level":"info","message":"Logger initialized successfully.","timestamp":"2024-07-12T17:35:58.370Z"}
{"level":"info","message":"MQTT client initialized successfully.","timestamp":"2024-07-12T17:35:58.409Z"}
{"level":"info","message":"Server is running on port 3000","timestamp":"2024-07-12T17:35:58.416Z"}
{"level":"info","message":"Logger initialized successfully.","timestamp":"2024-07-12T17:42:17.762Z"}
{"level":"info","message":"MQTT client initialized successfully.","timestamp":"2024-07-12T17:42:17.808Z"}
{"level":"info","message":"Server is running on port 3000","timestamp":"2024-07-12T17:42:17.814Z"}
{"level":"info","message":"SIGINT signal received: closing HTTP server","timestamp":"2024-07-12T17:42:56.420Z"}
{"level":"info","message":"Logger initialized successfully.","timestamp":"2024-07-12T17:42:58.308Z"}
{"level":"info","message":"MQTT client initialized successfully.","timestamp":"2024-07-12T17:42:58.345Z"}
{"level":"info","message":"Server is running on port 3000","timestamp":"2024-07-12T17:42:58.351Z"}
{"level":"info","message":"Logger initialized successfully.","timestamp":"2024-07-12T17:44:04.009Z"}
{"level":"info","message":"MQTT client initialized successfully.","timestamp":"2024-07-12T17:44:04.049Z"}
{"level":"info","message":"Server is running on port 3000","timestamp":"2024-07-12T17:44:04.055Z"}
{"level":"info","message":"Logger initialized successfully.","timestamp":"2024-07-12T17:44:50.530Z"}
{"level":"info","message":"MQTT client initialized successfully.","timestamp":"2024-07-12T17:44:50.568Z"}
{"level":"info","message":"Server is running on port 3000","timestamp":"2024-07-12T17:44:50.573Z"}
{"level":"info","message":"Logger initialized successfully.","timestamp":"2024-07-12T17:45:26.100Z"}
{"level":"info","message":"MQTT client initialized successfully.","timestamp":"2024-07-12T17:45:26.140Z"}
{"level":"info","message":"Server is running on port 3000","timestamp":"2024-07-12T17:45:26.145Z"}
{"level":"info","message":"Logger initialized successfully.","timestamp":"2024-07-12T17:45:35.088Z"}
{"level":"info","message":"MQTT client initialized successfully.","timestamp":"2024-07-12T17:45:35.130Z"}
{"level":"info","message":"Server is running on port 3000","timestamp":"2024-07-12T17:45:35.138Z"}
{"level":"info","message":"Logger initialized successfully.","timestamp":"2024-07-12T17:45:38.089Z"}
{"level":"info","message":"MQTT client initialized successfully.","timestamp":"2024-07-12T17:45:38.127Z"}
{"level":"info","message":"Server is running on port 3000","timestamp":"2024-07-12T17:45:38.134Z"}
{"level":"info","message":"Logger initialized successfully.","timestamp":"2024-07-12T17:45:57.066Z"}
{"level":"info","message":"MQTT client initialized successfully.","timestamp":"2024-07-12T17:45:57.103Z"}
{"level":"info","message":"Server is running on port 3000","timestamp":"2024-07-12T17:45:57.109Z"}
{"level":"info","message":"Logger initialized successfully.","timestamp":"2024-07-12T17:50:54.468Z"}
{"level":"info","message":"MQTT client initialized successfully.","timestamp":"2024-07-12T17:50:54.509Z"}
{"level":"info","message":"Server is running on port 3000","timestamp":"2024-07-12T17:50:54.517Z"}
{"level":"info","message":"Logger initialized successfully.","timestamp":"2024-07-12T17:52:18.501Z"}
{"level":"info","message":"MQTT client initialized successfully.","timestamp":"2024-07-12T17:52:18.537Z"}
{"level":"info","message":"Server is running on port 3000","timestamp":"2024-07-12T17:52:18.543Z"}
{"level":"info","message":"Logger initialized successfully.","timestamp":"2024-07-12T17:54:27.608Z"}
{"level":"info","message":"MQTT client initialized successfully.","timestamp":"2024-07-12T17:54:27.649Z"}
{"level":"info","message":"Server is running on port 3000","timestamp":"2024-07-12T17:54:27.657Z"}
{"level":"info","message":"Logger initialized successfully.","timestamp":"2024-07-12T18:03:40.703Z"}
{"level":"info","message":"MQTT client initialized successfully.","timestamp":"2024-07-12T18:03:40.741Z"}
{"level":"info","message":"Server is running on port 3000","timestamp":"2024-07-12T18:03:40.746Z"}
{"level":"info","message":"Logger initialized successfully.","timestamp":"2024-07-12T18:09:41.654Z"}
{"level":"info","message":"MQTT client initialized successfully.","timestamp":"2024-07-12T18:09:41.692Z"}
{"level":"info","message":"Server is running on port 3000","timestamp":"2024-07-12T18:09:41.698Z"}
{"level":"info","message":"Logger initialized successfully.","timestamp":"2024-07-12T18:12:04.421Z"}
{"level":"info","message":"MQTT client initialized successfully.","timestamp":"2024-07-12T18:12:04.459Z"}
{"level":"info","message":"Server is running on port 3000","timestamp":"2024-07-12T18:12:04.464Z"}
{"level":"info","message":"Logger initialized successfully.","timestamp":"2024-07-12T18:15:22.846Z"}
{"level":"info","message":"MQTT client initialized successfully.","timestamp":"2024-07-12T18:15:22.884Z"}
{"level":"info","message":"Server is running on port 3000","timestamp":"2024-07-12T18:15:22.890Z"}
{"level":"info","message":"Logger initialized successfully.","timestamp":"2024-07-12T18:17:27.496Z"}
{"level":"info","message":"MQTT client initialized successfully.","timestamp":"2024-07-12T18:17:27.533Z"}
{"level":"info","message":"Server is running on port 3000","timestamp":"2024-07-12T18:17:27.539Z"}
{"level":"info","message":"Logger initialized successfully.","timestamp":"2024-07-12T18:20:29.702Z"}
{"level":"info","message":"MQTT client initialized successfully.","timestamp":"2024-07-12T18:20:29.743Z"}
{"level":"info","message":"Server is running on port 3000","timestamp":"2024-07-12T18:20:29.748Z"}
{"level":"info","message":"Logger initialized successfully.","timestamp":"2024-07-12T18:20:43.141Z"}
{"level":"info","message":"MQTT client initialized successfully.","timestamp":"2024-07-12T18:20:43.178Z"}
{"level":"info","message":"Server is running on port 3000","timestamp":"2024-07-12T18:20:43.183Z"}
{"level":"info","message":"SIGINT signal received: closing HTTP server","timestamp":"2024-07-12T18:21:49.753Z"}
{"level":"info","message":"Logger initialized successfully.","timestamp":"2024-07-12T18:21:51.706Z"}
{"level":"info","message":"MQTT client initialized successfully.","timestamp":"2024-07-12T18:21:51.741Z"}
{"level":"info","message":"Server is running on port 3000","timestamp":"2024-07-12T18:21:51.748Z"}
{"level":"info","message":"Logger initialized successfully.","timestamp":"2024-07-12T18:26:12.764Z"}
{"level":"info","message":"MQTT client initialized successfully.","timestamp":"2024-07-12T18:26:12.813Z"}
{"level":"info","message":"Server is running on port 3000","timestamp":"2024-07-12T18:26:12.822Z"}
{"level":"info","message":"Logger initialized successfully.","timestamp":"2024-07-12T18:28:18.549Z"}
{"level":"info","message":"MQTT client initialized successfully.","timestamp":"2024-07-12T18:28:18.586Z"}
{"level":"info","message":"Server is running on port 3000","timestamp":"2024-07-12T18:28:18.592Z"}
{"level":"info","message":"SIGINT signal received: closing HTTP server","timestamp":"2024-07-12T18:28:32.698Z"}
{"level":"info","message":"Logger initialized successfully.","timestamp":"2024-07-12T18:28:36.274Z"}
{"level":"info","message":"MQTT client initialized successfully.","timestamp":"2024-07-12T18:28:36.313Z"}
{"level":"info","message":"Server is running on port 3000","timestamp":"2024-07-12T18:28:36.319Z"}
{"level":"info","message":"Logger initialized successfully.","timestamp":"2024-07-12T18:46:48.457Z"}
{"level":"info","message":"MQTT client initialized successfully.","timestamp":"2024-07-12T18:46:48.497Z"}
{"level":"info","message":"Server is running on port 3000","timestamp":"2024-07-12T18:46:48.504Z"}
{"level":"info","message":"Logger initialized successfully.","timestamp":"2024-07-12T18:49:22.393Z"}
{"level":"info","message":"MQTT client initialized successfully.","timestamp":"2024-07-12T18:49:22.429Z"}
{"level":"info","message":"Server is running on port 3000","timestamp":"2024-07-12T18:49:22.434Z"}
{"level":"info","message":"SIGINT signal received: closing HTTP server","timestamp":"2024-07-12T18:50:38.803Z"}
{"level":"info","message":"Logger initialized successfully.","timestamp":"2024-07-12T18:50:40.643Z"}
{"level":"info","message":"MQTT client initialized successfully.","timestamp":"2024-07-12T18:50:40.685Z"}
{"level":"info","message":"Server is running on port 3000","timestamp":"2024-07-12T18:50:40.690Z"}
{"level":"info","message":"SIGINT signal received: closing HTTP server","timestamp":"2024-07-12T18:51:04.164Z"}
{"level":"info","message":"Logger initialized successfully.","timestamp":"2024-07-12T18:55:14.356Z"}
{"level":"info","message":"MQTT client initialized successfully.","timestamp":"2024-07-12T18:55:14.396Z"}
{"level":"info","message":"Server is running on port 3000","timestamp":"2024-07-12T18:55:14.402Z"}
{"level":"info","message":"Logger initialized successfully.","timestamp":"2024-07-12T18:58:05.316Z"}
{"level":"info","message":"MQTT client initialized successfully.","timestamp":"2024-07-12T18:58:05.360Z"}
{"level":"info","message":"Server is running on port 3000","timestamp":"2024-07-12T18:58:05.366Z"}
{"level":"info","message":"Logger initialized successfully.","timestamp":"2024-07-12T19:02:57.180Z"}
{"level":"info","message":"MQTT client initialized successfully.","timestamp":"2024-07-12T19:02:57.218Z"}
{"level":"info","message":"Server is running on port 3000","timestamp":"2024-07-12T19:02:57.224Z"}
{"level":"info","message":"Logger initialized successfully.","timestamp":"2024-07-12T19:03:26.912Z"}
{"level":"info","message":"MQTT client initialized successfully.","timestamp":"2024-07-12T19:03:26.949Z"}
{"level":"info","message":"Server is running on port 3000","timestamp":"2024-07-12T19:03:26.955Z"}
{"level":"info","message":"Logger initialized successfully.","timestamp":"2024-07-12T19:05:08.620Z"}
{"level":"info","message":"MQTT client initialized successfully.","timestamp":"2024-07-12T19:05:08.659Z"}
{"level":"info","message":"Server is running on port 3000","timestamp":"2024-07-12T19:05:08.666Z"}
{"level":"info","message":"Logger initialized successfully.","timestamp":"2024-07-12T19:06:41.832Z"}
{"level":"info","message":"MQTT client initialized successfully.","timestamp":"2024-07-12T19:06:41.895Z"}
{"level":"info","message":"Server is running on port 3000","timestamp":"2024-07-12T19:06:41.903Z"}
{"level":"info","message":"Logger initialized successfully.","timestamp":"2024-07-12T19:07:27.663Z"}
{"level":"info","message":"MQTT client initialized successfully.","timestamp":"2024-07-12T19:07:27.700Z"}
{"level":"info","message":"Server is running on port 3000","timestamp":"2024-07-12T19:07:27.706Z"}
{"level":"info","message":"Logger initialized successfully.","timestamp":"2024-07-12T19:12:28.821Z"}
{"level":"info","message":"MQTT client initialized successfully.","timestamp":"2024-07-12T19:12:28.857Z"}
{"level":"info","message":"Server is running on port 3000","timestamp":"2024-07-12T19:12:28.862Z"}
{"level":"info","message":"Logger initialized successfully.","timestamp":"2024-07-12T19:15:56.023Z"}
{"level":"info","message":"MQTT client initialized successfully.","timestamp":"2024-07-12T19:15:56.061Z"}
{"level":"info","message":"Server is running on port 3000","timestamp":"2024-07-12T19:15:56.067Z"}
{"level":"info","message":"Logger initialized successfully.","timestamp":"2024-07-12T19:16:09.031Z"}
{"level":"info","message":"MQTT client initialized successfully.","timestamp":"2024-07-12T19:16:09.068Z"}
{"level":"info","message":"Server is running on port 3000","timestamp":"2024-07-12T19:16:09.074Z"}
{"level":"info","message":"Logger initialized successfully.","timestamp":"2024-07-12T19:16:14.604Z"}
{"level":"info","message":"MQTT client initialized successfully.","timestamp":"2024-07-12T19:16:14.642Z"}
{"level":"info","message":"Server is running on port 3000","timestamp":"2024-07-12T19:16:14.648Z"}
{"level":"info","message":"Logger initialized successfully.","timestamp":"2024-07-12T19:18:03.037Z"}
{"level":"info","message":"MQTT client initialized successfully.","timestamp":"2024-07-12T19:18:03.075Z"}
{"level":"info","message":"Server is running on port 3000","timestamp":"2024-07-12T19:18:03.081Z"}
{"level":"info","message":"Logger initialized successfully.","timestamp":"2024-07-12T19:18:59.150Z"}
{"level":"info","message":"MQTT client initialized successfully.","timestamp":"2024-07-12T19:18:59.189Z"}
{"level":"info","message":"Server is running on port 3000","timestamp":"2024-07-12T19:18:59.194Z"}
{"level":"info","message":"Logger initialized successfully.","timestamp":"2024-07-12T19:20:12.364Z"}
{"level":"info","message":"MQTT client initialized successfully.","timestamp":"2024-07-12T19:20:12.402Z"}
{"level":"info","message":"Server is running on port 3000","timestamp":"2024-07-12T19:20:12.409Z"}
{"level":"info","message":"Logger initialized successfully.","timestamp":"2024-07-12T19:21:21.732Z"}
{"level":"info","message":"MQTT client initialized successfully.","timestamp":"2024-07-12T19:21:21.775Z"}
{"level":"info","message":"Server is running on port 3000","timestamp":"2024-07-12T19:21:21.783Z"}
{"level":"info","message":"Logger initialized successfully.","timestamp":"2024-07-12T19:22:19.430Z"}
{"level":"info","message":"MQTT client initialized successfully.","timestamp":"2024-07-12T19:22:19.474Z"}
{"level":"info","message":"Server is running on port 3000","timestamp":"2024-07-12T19:22:19.481Z"}
{"level":"info","message":"Logger initialized successfully.","timestamp":"2024-07-12T19:23:14.470Z"}
{"level":"info","message":"MQTT client initialized successfully.","timestamp":"2024-07-12T19:23:14.506Z"}
{"level":"info","message":"Server is running on port 3000","timestamp":"2024-07-12T19:23:14.515Z"}
{"level":"info","message":"Logger initialized successfully.","timestamp":"2024-07-12T19:23:57.736Z"}
{"level":"info","message":"MQTT client initialized successfully.","timestamp":"2024-07-12T19:23:57.782Z"}
{"level":"info","message":"Server is running on port 3000","timestamp":"2024-07-12T19:23:57.787Z"}
{"level":"info","message":"Logger initialized successfully.","timestamp":"2024-07-12T19:24:00.635Z"}
{"level":"info","message":"MQTT client initialized successfully.","timestamp":"2024-07-12T19:24:00.680Z"}
{"level":"info","message":"Server is running on port 3000","timestamp":"2024-07-12T19:24:00.690Z"}
{"level":"info","message":"Logger initialized successfully.","timestamp":"2024-07-12T19:25:01.223Z"}
{"level":"info","message":"MQTT client initialized successfully.","timestamp":"2024-07-12T19:25:01.269Z"}
{"level":"info","message":"Server is running on port 3000","timestamp":"2024-07-12T19:25:01.275Z"}
{"level":"info","message":"Logger initialized successfully.","timestamp":"2024-07-12T19:27:08.843Z"}
{"level":"info","message":"MQTT client initialized successfully.","timestamp":"2024-07-12T19:27:08.883Z"}
{"level":"info","message":"Server is running on port 3000","timestamp":"2024-07-12T19:27:08.889Z"}
{"level":"info","message":"Logger initialized successfully.","timestamp":"2024-07-12T19:28:11.819Z"}
{"level":"info","message":"MQTT client initialized successfully.","timestamp":"2024-07-12T19:28:11.860Z"}
{"level":"info","message":"Server is running on port 3000","timestamp":"2024-07-12T19:28:11.866Z"}
{"level":"info","message":"Logger initialized successfully.","timestamp":"2024-07-12T19:32:02.430Z"}
{"level":"info","message":"MQTT client initialized successfully.","timestamp":"2024-07-12T19:32:02.467Z"}
{"level":"info","message":"Server is running on port 3000","timestamp":"2024-07-12T19:32:02.473Z"}
{"level":"info","message":"Logger initialized successfully.","timestamp":"2024-07-12T19:38:14.573Z"}
{"level":"info","message":"MQTT client initialized successfully.","timestamp":"2024-07-12T19:38:14.627Z"}
{"level":"info","message":"Server is running on port 3000","timestamp":"2024-07-12T19:38:14.637Z"}
{"level":"info","message":"Logger initialized successfully.","timestamp":"2024-07-12T19:38:33.705Z"}
{"level":"info","message":"MQTT client initialized successfully.","timestamp":"2024-07-12T19:38:33.754Z"}
{"level":"info","message":"Server is running on port 3000","timestamp":"2024-07-12T19:38:33.762Z"}
{"level":"info","message":"Logger initialized successfully.","timestamp":"2024-07-12T19:38:45.810Z"}
{"level":"info","message":"MQTT client initialized successfully.","timestamp":"2024-07-12T19:38:45.863Z"}
{"level":"info","message":"Server is running on port 3000","timestamp":"2024-07-12T19:38:45.869Z"}
{"level":"info","message":"Logger initialized successfully.","timestamp":"2024-07-12T19:40:30.663Z"}
{"level":"info","message":"MQTT client initialized successfully.","timestamp":"2024-07-12T19:40:30.705Z"}
{"level":"info","message":"Server is running on port 3000","timestamp":"2024-07-12T19:40:30.711Z"}
{"level":"info","message":"Logger initialized successfully.","timestamp":"2024-07-12T19:47:08.412Z"}
{"level":"info","message":"MQTT client initialized successfully.","timestamp":"2024-07-12T19:47:08.452Z"}
{"level":"info","message":"Server is running on port 3000","timestamp":"2024-07-12T19:47:08.457Z"}
{"level":"info","message":"Logger initialized successfully.","timestamp":"2024-07-12T19:47:27.221Z"}
{"level":"info","message":"MQTT client initialized successfully.","timestamp":"2024-07-12T19:47:27.261Z"}
{"level":"info","message":"Server is running on port 3000","timestamp":"2024-07-12T19:47:27.267Z"}
{"level":"info","message":"Logger initialized successfully.","timestamp":"2024-07-12T19:48:45.930Z"}
{"level":"info","message":"MQTT client initialized successfully.","timestamp":"2024-07-12T19:48:45.966Z"}
{"level":"info","message":"Server is running on port 3000","timestamp":"2024-07-12T19:48:45.972Z"}
{"level":"info","message":"Logger initialized successfully.","timestamp":"2024-07-12T19:50:53.656Z"}
{"level":"info","message":"MQTT client initialized successfully.","timestamp":"2024-07-12T19:50:53.695Z"}
{"level":"info","message":"Server is running on port 3000","timestamp":"2024-07-12T19:50:53.701Z"}
{"level":"info","message":"Logger initialized successfully.","timestamp":"2024-07-12T19:51:14.946Z"}
{"level":"info","message":"MQTT client initialized successfully.","timestamp":"2024-07-12T19:51:14.980Z"}
{"level":"info","message":"Server is running on port 3000","timestamp":"2024-07-12T19:51:14.987Z"}
{"level":"info","message":"Logger initialized successfully.","timestamp":"2024-07-12T19:51:43.176Z"}
{"level":"info","message":"MQTT client initialized successfully.","timestamp":"2024-07-12T19:51:43.213Z"}
{"level":"info","message":"Server is running on port 3000","timestamp":"2024-07-12T19:51:43.219Z"}
{"level":"info","message":"Logger initialized successfully.","timestamp":"2024-07-12T19:51:54.887Z"}
{"level":"info","message":"MQTT client initialized successfully.","timestamp":"2024-07-12T19:51:54.923Z"}
{"level":"info","message":"Server is running on port 3000","timestamp":"2024-07-12T19:51:54.929Z"}
{"level":"info","message":"Logger initialized successfully.","timestamp":"2024-07-12T19:52:51.729Z"}
{"level":"info","message":"MQTT client initialized successfully.","timestamp":"2024-07-12T19:52:51.766Z"}
{"level":"info","message":"Server is running on port 3000","timestamp":"2024-07-12T19:52:51.773Z"}
{"level":"info","message":"Logger initialized successfully.","timestamp":"2024-07-12T19:53:23.182Z"}
{"level":"info","message":"MQTT client initialized successfully.","timestamp":"2024-07-12T19:53:23.218Z"}
{"level":"info","message":"Server is running on port 3000","timestamp":"2024-07-12T19:53:23.224Z"}
{"level":"info","message":"Logger initialized successfully.","timestamp":"2024-07-12T19:53:34.025Z"}
{"level":"info","message":"MQTT client initialized successfully.","timestamp":"2024-07-12T19:53:34.062Z"}
{"level":"info","message":"Server is running on port 3000","timestamp":"2024-07-12T19:53:34.068Z"}
{"level":"info","message":"Logger initialized successfully.","timestamp":"2024-07-12T19:55:07.487Z"}
{"level":"info","message":"MQTT client initialized successfully.","timestamp":"2024-07-12T19:55:07.533Z"}
{"level":"info","message":"Server is running on port 3000","timestamp":"2024-07-12T19:55:07.538Z"}
{"level":"info","message":"Logger initialized successfully.","timestamp":"2024-07-12T19:55:31.033Z"}
{"level":"info","message":"MQTT client initialized successfully.","timestamp":"2024-07-12T19:55:31.071Z"}
{"level":"info","message":"Server is running on port 3000","timestamp":"2024-07-12T19:55:31.078Z"}
{"level":"info","message":"Logger initialized successfully.","timestamp":"2024-07-12T20:05:48.089Z"}
{"level":"info","message":"MQTT client initialized successfully.","timestamp":"2024-07-12T20:05:48.128Z"}
{"level":"info","message":"Server is running on port 3000","timestamp":"2024-07-12T20:05:48.133Z"}
{"level":"info","message":"Logger initialized successfully.","timestamp":"2024-07-12T20:06:49.782Z"}
{"level":"info","message":"MQTT client initialized successfully.","timestamp":"2024-07-12T20:06:49.830Z"}
{"level":"info","message":"Server is running on port 3000","timestamp":"2024-07-12T20:06:49.837Z"}
{"level":"info","message":"Logger initialized successfully.","timestamp":"2024-07-12T20:07:06.806Z"}
{"level":"info","message":"MQTT client initialized successfully.","timestamp":"2024-07-12T20:07:06.852Z"}
{"level":"info","message":"Server is running on port 3000","timestamp":"2024-07-12T20:07:06.858Z"}
{"level":"info","message":"Logger initialized successfully.","timestamp":"2024-07-12T20:09:36.391Z"}
{"level":"info","message":"MQTT client initialized successfully.","timestamp":"2024-07-12T20:09:36.433Z"}
{"level":"info","message":"Server is running on port 3000","timestamp":"2024-07-12T20:09:36.441Z"}
{"level":"info","message":"Logger initialized successfully.","timestamp":"2024-07-12T20:11:33.636Z"}
{"level":"info","message":"MQTT client initialized successfully.","timestamp":"2024-07-12T20:11:33.674Z"}
{"level":"info","message":"Server is running on port 3000","timestamp":"2024-07-12T20:11:33.680Z"}
{"level":"info","message":"Logger initialized successfully.","timestamp":"2024-07-12T20:12:56.889Z"}
{"level":"info","message":"MQTT client initialized successfully.","timestamp":"2024-07-12T20:12:56.925Z"}
{"level":"info","message":"Server is running on port 3000","timestamp":"2024-07-12T20:12:56.930Z"}
{"level":"info","message":"Logger initialized successfully.","timestamp":"2024-07-12T20:16:53.361Z"}
{"level":"info","message":"MQTT client initialized successfully.","timestamp":"2024-07-12T20:16:53.403Z"}
{"level":"info","message":"Server is running on port 3000","timestamp":"2024-07-12T20:16:53.409Z"}
{"level":"info","message":"Logger initialized successfully.","timestamp":"2024-07-12T20:18:27.200Z"}
{"level":"info","message":"MQTT client initialized successfully.","timestamp":"2024-07-12T20:18:27.240Z"}
{"level":"info","message":"Server is running on port 3000","timestamp":"2024-07-12T20:18:27.246Z"}
{"level":"info","message":"Logger initialized successfully.","timestamp":"2024-07-12T20:18:48.127Z"}
{"level":"info","message":"MQTT client initialized successfully.","timestamp":"2024-07-12T20:18:48.167Z"}
{"level":"info","message":"Server is running on port 3000","timestamp":"2024-07-12T20:18:48.173Z"}
{"level":"info","message":"Logger initialized successfully.","timestamp":"2024-07-12T20:20:10.721Z"}
{"level":"info","message":"MQTT client initialized successfully.","timestamp":"2024-07-12T20:20:10.761Z"}
{"level":"info","message":"Server is running on port 3000","timestamp":"2024-07-12T20:20:10.766Z"}
{"level":"info","message":"Logger initialized successfully.","timestamp":"2024-07-12T20:21:29.089Z"}
{"level":"info","message":"MQTT client initialized successfully.","timestamp":"2024-07-12T20:21:29.162Z"}
{"level":"info","message":"Server is running on port 3000","timestamp":"2024-07-12T20:21:29.168Z"}
{"level":"info","message":"Logger initialized successfully.","timestamp":"2024-07-12T20:21:49.293Z"}
{"level":"info","message":"MQTT client initialized successfully.","timestamp":"2024-07-12T20:21:49.333Z"}
{"level":"info","message":"Server is running on port 3000","timestamp":"2024-07-12T20:21:49.338Z"}
{"level":"info","message":"Logger initialized successfully.","timestamp":"2024-07-12T20:23:51.702Z"}
{"level":"info","message":"MQTT client initialized successfully.","timestamp":"2024-07-12T20:23:51.744Z"}
{"level":"info","message":"Server is running on port 3000","timestamp":"2024-07-12T20:23:51.753Z"}
{"level":"info","message":"Logger initialized successfully.","timestamp":"2024-07-12T20:24:26.851Z"}
{"level":"info","message":"MQTT client initialized successfully.","timestamp":"2024-07-12T20:24:26.890Z"}
{"level":"info","message":"Server is running on port 3000","timestamp":"2024-07-12T20:24:26.895Z"}
{"level":"info","message":"Logger initialized successfully.","timestamp":"2024-07-12T20:24:30.469Z"}
{"level":"info","message":"MQTT client initialized successfully.","timestamp":"2024-07-12T20:24:30.507Z"}
{"level":"info","message":"Server is running on port 3000","timestamp":"2024-07-12T20:24:30.514Z"}
{"level":"info","message":"Logger initialized successfully.","timestamp":"2024-07-12T20:25:05.558Z"}
{"level":"info","message":"MQTT client initialized successfully.","timestamp":"2024-07-12T20:25:05.595Z"}
{"level":"info","message":"Server is running on port 3000","timestamp":"2024-07-12T20:25:05.602Z"}
{"level":"info","message":"Logger initialized successfully.","timestamp":"2024-07-12T20:26:04.412Z"}
{"level":"info","message":"MQTT client initialized successfully.","timestamp":"2024-07-12T20:26:04.457Z"}
{"level":"info","message":"Server is running on port 3000","timestamp":"2024-07-12T20:26:04.464Z"}
{"level":"info","message":"Logger initialized successfully.","timestamp":"2024-07-12T20:26:25.306Z"}
{"level":"info","message":"MQTT client initialized successfully.","timestamp":"2024-07-12T20:26:25.342Z"}
{"level":"info","message":"Server is running on port 3000","timestamp":"2024-07-12T20:26:25.348Z"}
{"level":"info","message":"Logger initialized successfully.","timestamp":"2024-07-12T20:28:52.496Z"}
{"level":"info","message":"MQTT client initialized successfully.","timestamp":"2024-07-12T20:28:52.540Z"}
{"level":"info","message":"Server is running on port 3000","timestamp":"2024-07-12T20:28:52.548Z"}
{"level":"info","message":"Logger initialized successfully.","timestamp":"2024-07-12T20:30:33.312Z"}
{"level":"info","message":"MQTT client initialized successfully.","timestamp":"2024-07-12T20:30:33.350Z"}
{"level":"info","message":"Server is running on port 3000","timestamp":"2024-07-12T20:30:33.356Z"}
{"level":"info","message":"Logger initialized successfully.","timestamp":"2024-07-12T20:31:27.854Z"}
{"level":"info","message":"MQTT client initialized successfully.","timestamp":"2024-07-12T20:31:27.892Z"}
{"level":"info","message":"Server is running on port 3000","timestamp":"2024-07-12T20:31:27.899Z"}
{"level":"info","message":"Logger initialized successfully.","timestamp":"2024-07-12T20:32:24.875Z"}
{"level":"info","message":"MQTT client initialized successfully.","timestamp":"2024-07-12T20:32:24.912Z"}
{"level":"info","message":"Server is running on port 3000","timestamp":"2024-07-12T20:32:24.918Z"}
{"level":"info","message":"Logger initialized successfully.","timestamp":"2024-07-12T20:33:29.312Z"}
{"level":"info","message":"MQTT client initialized successfully.","timestamp":"2024-07-12T20:33:29.366Z"}
{"level":"info","message":"Server is running on port 3000","timestamp":"2024-07-12T20:33:29.374Z"}
{"level":"info","message":"SIGINT signal received: closing HTTP server","timestamp":"2024-07-12T20:33:33.128Z"}
{"level":"info","message":"Logger initialized successfully.","timestamp":"2024-07-12T20:33:36.975Z"}
{"level":"info","message":"MQTT client initialized successfully.","timestamp":"2024-07-12T20:33:37.015Z"}
{"level":"info","message":"Server is running on port 3000","timestamp":"2024-07-12T20:33:37.022Z"}
{"level":"info","message":"Logger initialized successfully.","timestamp":"2024-07-12T20:34:21.126Z"}
{"level":"info","message":"MQTT client initialized successfully.","timestamp":"2024-07-12T20:34:21.164Z"}
{"level":"info","message":"Server is running on port 3000","timestamp":"2024-07-12T20:34:21.171Z"}
{"level":"info","message":"Logger initialized successfully.","timestamp":"2024-07-12T20:34:58.180Z"}
{"level":"info","message":"MQTT client initialized successfully.","timestamp":"2024-07-12T20:34:58.217Z"}
{"level":"info","message":"Server is running on port 3000","timestamp":"2024-07-12T20:34:58.224Z"}
{"level":"info","message":"Logger initialized successfully.","timestamp":"2024-07-12T20:37:48.293Z"}
{"level":"info","message":"MQTT client initialized successfully.","timestamp":"2024-07-12T20:37:48.349Z"}
{"level":"info","message":"Server is running on port 3000","timestamp":"2024-07-12T20:37:48.358Z"}
{"level":"info","message":"Logger initialized successfully.","timestamp":"2024-07-12T20:38:15.480Z"}
{"level":"info","message":"MQTT client initialized successfully.","timestamp":"2024-07-12T20:38:15.517Z"}
{"level":"info","message":"Server is running on port 3000","timestamp":"2024-07-12T20:38:15.524Z"}
{"level":"info","message":"SIGINT signal received: closing HTTP server","timestamp":"2024-07-12T20:38:17.738Z"}
{"level":"info","message":"Logger initialized successfully.","timestamp":"2024-07-12T20:38:21.525Z"}
{"level":"info","message":"MQTT client initialized successfully.","timestamp":"2024-07-12T20:38:21.563Z"}
{"level":"info","message":"Server is running on port 3000","timestamp":"2024-07-12T20:38:21.569Z"}
{"level":"info","message":"Logger initialized successfully.","timestamp":"2024-07-12T20:39:57.743Z"}
{"level":"info","message":"MQTT client initialized successfully.","timestamp":"2024-07-12T20:39:57.785Z"}
{"level":"info","message":"Server is running on port 3000","timestamp":"2024-07-12T20:39:57.790Z"}
{"level":"info","message":"SIGINT signal received: closing HTTP server","timestamp":"2024-07-12T20:40:06.042Z"}
{"level":"info","message":"Logger initialized successfully.","timestamp":"2024-07-12T20:40:07.781Z"}
{"level":"info","message":"MQTT client initialized successfully.","timestamp":"2024-07-12T20:40:07.818Z"}
{"level":"info","message":"Server is running on port 3000","timestamp":"2024-07-12T20:40:07.824Z"}
{"level":"info","message":"Logger initialized successfully.","timestamp":"2024-07-12T20:41:54.190Z"}
{"level":"info","message":"MQTT client initialized successfully.","timestamp":"2024-07-12T20:41:54.228Z"}
{"level":"info","message":"Server is running on port 3000","timestamp":"2024-07-12T20:41:54.234Z"}
{"level":"info","message":"Logger initialized successfully.","timestamp":"2024-07-12T20:42:16.896Z"}
{"level":"info","message":"MQTT client initialized successfully.","timestamp":"2024-07-12T20:42:16.933Z"}
{"level":"info","message":"Server is running on port 3000","timestamp":"2024-07-12T20:42:16.939Z"}
{"level":"info","message":"Logger initialized successfully.","timestamp":"2024-07-12T20:43:43.147Z"}
{"level":"info","message":"MQTT client initialized successfully.","timestamp":"2024-07-12T20:43:43.186Z"}
{"level":"info","message":"Server is running on port 3000","timestamp":"2024-07-12T20:43:43.192Z"}
{"level":"info","message":"Logger initialized successfully.","timestamp":"2024-07-12T20:44:47.172Z"}
{"level":"info","message":"MQTT client initialized successfully.","timestamp":"2024-07-12T20:44:47.211Z"}
{"level":"info","message":"Server is running on port 3000","timestamp":"2024-07-12T20:44:47.217Z"}
{"level":"info","message":"Logger initialized successfully.","timestamp":"2024-07-12T20:45:18.213Z"}
{"level":"info","message":"MQTT client initialized successfully.","timestamp":"2024-07-12T20:45:18.248Z"}
{"level":"info","message":"Server is running on port 3000","timestamp":"2024-07-12T20:45:18.255Z"}
{"level":"info","message":"SIGINT signal received: closing HTTP server","timestamp":"2024-07-12T20:46:54.166Z"}
{"level":"info","message":"Logger initialized successfully.","timestamp":"2024-07-12T20:52:59.475Z"}
{"level":"info","message":"MQTT client initialized successfully.","timestamp":"2024-07-12T20:52:59.522Z"}
{"level":"info","message":"Server is running on port 3000","timestamp":"2024-07-12T20:52:59.529Z"}
{"level":"info","message":"Logger initialized successfully.","timestamp":"2024-07-12T20:55:43.199Z"}
{"level":"info","message":"MQTT client initialized successfully.","timestamp":"2024-07-12T20:55:43.234Z"}
{"level":"info","message":"Server is running on port 3000","timestamp":"2024-07-12T20:55:43.239Z"}
{"level":"info","message":"Logger initialized successfully.","timestamp":"2024-07-12T21:01:36.331Z"}
{"level":"info","message":"MQTT client initialized successfully.","timestamp":"2024-07-12T21:01:36.368Z"}
{"level":"info","message":"Server is running on port 3000","timestamp":"2024-07-12T21:01:36.374Z"}
{"level":"info","message":"Logger initialized successfully.","timestamp":"2024-07-12T21:01:38.667Z"}
{"level":"info","message":"MQTT client initialized successfully.","timestamp":"2024-07-12T21:01:38.704Z"}
{"level":"info","message":"Server is running on port 3000","timestamp":"2024-07-12T21:01:38.710Z"}
{"level":"info","message":"Logger initialized successfully.","timestamp":"2024-07-12T21:02:15.937Z"}
{"level":"info","message":"MQTT client initialized successfully.","timestamp":"2024-07-12T21:02:15.976Z"}
{"level":"info","message":"Server is running on port 3000","timestamp":"2024-07-12T21:02:15.981Z"}
{"level":"info","message":"SIGINT signal received: closing HTTP server","timestamp":"2024-07-12T21:03:06.244Z"}
{"level":"info","message":"Logger initialized successfully.","timestamp":"2024-07-12T21:03:07.974Z"}
{"level":"info","message":"MQTT client initialized successfully.","timestamp":"2024-07-12T21:03:08.010Z"}
{"level":"info","message":"Server is running on port 3000","timestamp":"2024-07-12T21:03:08.016Z"}
{"level":"info","message":"Logger initialized successfully.","timestamp":"2024-07-12T21:03:49.707Z"}
{"level":"info","message":"MQTT client initialized successfully.","timestamp":"2024-07-12T21:03:49.742Z"}
{"level":"info","message":"Server is running on port 3000","timestamp":"2024-07-12T21:03:49.748Z"}
{"level":"info","message":"Logger initialized successfully.","timestamp":"2024-07-12T21:04:03.704Z"}
{"level":"info","message":"MQTT client initialized successfully.","timestamp":"2024-07-12T21:04:03.771Z"}
{"level":"info","message":"Server is running on port 3000","timestamp":"2024-07-12T21:04:03.779Z"}
{"level":"info","message":"Logger initialized successfully.","timestamp":"2024-07-12T21:04:23.835Z"}
{"level":"info","message":"MQTT client initialized successfully.","timestamp":"2024-07-12T21:04:23.869Z"}
{"level":"info","message":"Server is running on port 3000","timestamp":"2024-07-12T21:04:23.874Z"}
{"level":"info","message":"SIGINT signal received: closing HTTP server","timestamp":"2024-07-12T21:04:41.121Z"}
{"level":"info","message":"Logger initialized successfully.","timestamp":"2024-07-12T21:04:53.536Z"}
{"level":"info","message":"MQTT client initialized successfully.","timestamp":"2024-07-12T21:04:53.571Z"}
{"level":"info","message":"Server is running on port 3000","timestamp":"2024-07-12T21:04:53.577Z"}
{"level":"info","message":"SIGINT signal received: closing HTTP server","timestamp":"2024-07-12T21:05:17.678Z"}
{"level":"info","message":"Logger initialized successfully.","timestamp":"2024-07-12T21:05:21.733Z"}
{"level":"info","message":"MQTT client initialized successfully.","timestamp":"2024-07-12T21:05:21.774Z"}
{"level":"info","message":"Server is running on port 3000","timestamp":"2024-07-12T21:05:21.780Z"}
{"level":"info","message":"SIGINT signal received: closing HTTP server","timestamp":"2024-07-12T21:06:06.752Z"}
{"level":"info","message":"Logger initialized successfully.","timestamp":"2024-07-12T21:07:21.637Z"}
{"level":"info","message":"MQTT client initialized successfully.","timestamp":"2024-07-12T21:07:21.686Z"}
{"level":"info","message":"Server is running on port 3000","timestamp":"2024-07-12T21:07:21.691Z"}
{"level":"info","message":"Logger initialized successfully.","timestamp":"2024-07-12T21:08:08.161Z"}
{"level":"info","message":"MQTT client initialized successfully.","timestamp":"2024-07-12T21:08:08.222Z"}
{"level":"info","message":"Server is running on port 3000","timestamp":"2024-07-12T21:08:08.229Z"}
{"level":"info","message":"Logger initialized successfully.","timestamp":"2024-07-12T21:09:36.456Z"}
{"level":"info","message":"MQTT client initialized successfully.","timestamp":"2024-07-12T21:09:36.500Z"}
{"level":"info","message":"Server is running on port 3000","timestamp":"2024-07-12T21:09:36.509Z"}
{"level":"info","message":"Logger initialized successfully.","timestamp":"2024-07-12T21:09:38.728Z"}
{"level":"info","message":"MQTT client initialized successfully.","timestamp":"2024-07-12T21:09:38.766Z"}
{"level":"info","message":"Server is running on port 3000","timestamp":"2024-07-12T21:09:38.771Z"}
{"level":"info","message":"SIGINT signal received: closing HTTP server","timestamp":"2024-07-12T21:09:42.195Z"}
{"level":"info","message":"Logger initialized successfully.","timestamp":"2024-07-12T21:09:44.002Z"}
{"level":"info","message":"MQTT client initialized successfully.","timestamp":"2024-07-12T21:09:44.038Z"}
{"level":"info","message":"Server is running on port 3000","timestamp":"2024-07-12T21:09:44.044Z"}
{"level":"info","message":"Logger initialized successfully.","timestamp":"2024-07-12T21:10:15.766Z"}
{"level":"info","message":"MQTT client initialized successfully.","timestamp":"2024-07-12T21:10:15.804Z"}
{"level":"info","message":"Server is running on port 3000","timestamp":"2024-07-12T21:10:15.811Z"}
{"level":"info","message":"Logger initialized successfully.","timestamp":"2024-07-12T21:10:25.441Z"}
{"level":"info","message":"MQTT client initialized successfully.","timestamp":"2024-07-12T21:10:25.478Z"}
{"level":"info","message":"Server is running on port 3000","timestamp":"2024-07-12T21:10:25.484Z"}
{"level":"info","message":"Logger initialized successfully.","timestamp":"2024-07-12T21:10:39.387Z"}
{"level":"info","message":"MQTT client initialized successfully.","timestamp":"2024-07-12T21:10:39.425Z"}
{"level":"info","message":"Server is running on port 3000","timestamp":"2024-07-12T21:10:39.433Z"}
{"level":"info","message":"Logger initialized successfully.","timestamp":"2024-07-12T21:11:20.804Z"}
{"level":"info","message":"MQTT client initialized successfully.","timestamp":"2024-07-12T21:11:20.843Z"}
{"level":"info","message":"Server is running on port 3000","timestamp":"2024-07-12T21:11:20.850Z"}
{"level":"info","message":"Logger initialized successfully.","timestamp":"2024-07-12T21:11:25.533Z"}
{"level":"info","message":"MQTT client initialized successfully.","timestamp":"2024-07-12T21:11:25.571Z"}
{"level":"info","message":"Server is running on port 3000","timestamp":"2024-07-12T21:11:25.576Z"}
{"level":"info","message":"Logger initialized successfully.","timestamp":"2024-07-12T21:11:41.827Z"}
{"level":"info","message":"MQTT client initialized successfully.","timestamp":"2024-07-12T21:11:41.866Z"}
{"level":"info","message":"Server is running on port 3000","timestamp":"2024-07-12T21:11:41.872Z"}
{"level":"info","message":"Logger initialized successfully.","timestamp":"2024-07-12T21:13:16.524Z"}
{"level":"info","message":"MQTT client initialized successfully.","timestamp":"2024-07-12T21:13:16.562Z"}
{"level":"info","message":"Server is running on port 3000","timestamp":"2024-07-12T21:13:16.569Z"}
{"level":"info","message":"Logger initialized successfully.","timestamp":"2024-07-12T21:16:21.680Z"}
{"level":"info","message":"MQTT client initialized successfully.","timestamp":"2024-07-12T21:16:21.721Z"}
{"level":"info","message":"Server is running on port 3000","timestamp":"2024-07-12T21:16:21.729Z"}
{"level":"info","message":"Logger initialized successfully.","timestamp":"2024-07-12T21:16:28.277Z"}
{"level":"info","message":"MQTT client initialized successfully.","timestamp":"2024-07-12T21:16:28.320Z"}
{"level":"info","message":"Server is running on port 3000","timestamp":"2024-07-12T21:16:28.327Z"}
{"level":"info","message":"Logger initialized successfully.","timestamp":"2024-07-12T21:18:44.884Z"}
{"level":"info","message":"MQTT client initialized successfully.","timestamp":"2024-07-12T21:18:44.925Z"}
{"level":"info","message":"Server is running on port 3000","timestamp":"2024-07-12T21:18:44.931Z"}
{"level":"info","message":"SIGINT signal received: closing HTTP server","timestamp":"2024-07-12T21:18:45.816Z"}
{"level":"info","message":"Logger initialized successfully.","timestamp":"2024-07-12T21:18:47.814Z"}
{"level":"info","message":"MQTT client initialized successfully.","timestamp":"2024-07-12T21:18:47.851Z"}
{"level":"info","message":"Server is running on port 3000","timestamp":"2024-07-12T21:18:47.857Z"}
{"level":"info","message":"Logger initialized successfully.","timestamp":"2024-07-12T21:19:16.498Z"}
{"level":"info","message":"MQTT client initialized successfully.","timestamp":"2024-07-12T21:19:16.536Z"}
{"level":"info","message":"Server is running on port 3000","timestamp":"2024-07-12T21:19:16.541Z"}
{"level":"info","message":"Logger initialized successfully.","timestamp":"2024-07-12T21:21:03.385Z"}
{"level":"info","message":"MQTT client initialized successfully.","timestamp":"2024-07-12T21:21:03.425Z"}
{"level":"info","message":"Server is running on port 3000","timestamp":"2024-07-12T21:21:03.430Z"}
{"level":"info","message":"Logger initialized successfully.","timestamp":"2024-07-12T21:21:16.918Z"}
{"level":"info","message":"MQTT client initialized successfully.","timestamp":"2024-07-12T21:21:16.956Z"}
{"level":"info","message":"Server is running on port 3000","timestamp":"2024-07-12T21:21:16.963Z"}
{"level":"info","message":"Logger initialized successfully.","timestamp":"2024-07-12T21:21:40.229Z"}
{"level":"info","message":"MQTT client initialized successfully.","timestamp":"2024-07-12T21:21:40.267Z"}
{"level":"info","message":"Server is running on port 3000","timestamp":"2024-07-12T21:21:40.275Z"}
{"level":"info","message":"Logger initialized successfully.","timestamp":"2024-07-12T21:21:49.440Z"}
{"level":"info","message":"MQTT client initialized successfully.","timestamp":"2024-07-12T21:21:49.478Z"}
{"level":"info","message":"Server is running on port 3000","timestamp":"2024-07-12T21:21:49.485Z"}
{"level":"info","message":"Logger initialized successfully.","timestamp":"2024-07-12T21:25:24.500Z"}
{"level":"info","message":"MQTT client initialized successfully.","timestamp":"2024-07-12T21:25:24.538Z"}
{"level":"info","message":"Server is running on port 3000","timestamp":"2024-07-12T21:25:24.546Z"}
{"level":"info","message":"Logger initialized successfully.","timestamp":"2024-07-12T21:26:17.871Z"}
{"level":"info","message":"MQTT client initialized successfully.","timestamp":"2024-07-12T21:26:17.908Z"}
{"level":"info","message":"Server is running on port 3000","timestamp":"2024-07-12T21:26:17.914Z"}
{"level":"info","message":"Logger initialized successfully.","timestamp":"2024-07-12T21:28:40.736Z"}
{"level":"info","message":"MQTT client initialized successfully.","timestamp":"2024-07-12T21:28:40.775Z"}
{"level":"info","message":"Server is running on port 3000","timestamp":"2024-07-12T21:28:40.782Z"}
{"level":"info","message":"SIGINT signal received: closing HTTP server","timestamp":"2024-07-12T21:28:43.893Z"}
{"level":"info","message":"Logger initialized successfully.","timestamp":"2024-07-12T21:28:47.736Z"}
{"level":"info","message":"MQTT client initialized successfully.","timestamp":"2024-07-12T21:28:47.772Z"}
{"level":"info","message":"Server is running on port 3000","timestamp":"2024-07-12T21:28:47.779Z"}
{"level":"info","message":"SIGINT signal received: closing HTTP server","timestamp":"2024-07-12T21:30:33.450Z"}
{"level":"info","message":"Logger initialized successfully.","timestamp":"2024-07-12T21:30:37.875Z"}
{"level":"info","message":"MQTT client initialized successfully.","timestamp":"2024-07-12T21:30:37.912Z"}
{"level":"info","message":"Server is running on port 3000","timestamp":"2024-07-12T21:30:37.917Z"}
{"level":"info","message":"Logger initialized successfully.","timestamp":"2024-07-12T21:34:31.586Z"}
{"level":"info","message":"MQTT client initialized successfully.","timestamp":"2024-07-12T21:34:31.623Z"}
{"level":"info","message":"Server is running on port 3000","timestamp":"2024-07-12T21:34:31.630Z"}
{"level":"info","message":"SIGINT signal received: closing HTTP server","timestamp":"2024-07-12T21:34:32.971Z"}
{"level":"info","message":"Logger initialized successfully.","timestamp":"2024-07-12T21:34:34.850Z"}
{"level":"info","message":"MQTT client initialized successfully.","timestamp":"2024-07-12T21:34:34.888Z"}
{"level":"info","message":"Server is running on port 3000","timestamp":"2024-07-12T21:34:34.894Z"}
{"level":"info","message":"Logger initialized successfully.","timestamp":"2024-07-12T21:38:33.611Z"}
{"level":"info","message":"MQTT client initialized successfully.","timestamp":"2024-07-12T21:38:33.648Z"}
{"level":"info","message":"Server is running on port 3000","timestamp":"2024-07-12T21:38:33.655Z"}
{"level":"info","message":"Logger initialized successfully.","timestamp":"2024-07-12T21:39:04.798Z"}
{"level":"info","message":"MQTT client initialized successfully.","timestamp":"2024-07-12T21:39:04.840Z"}
{"level":"info","message":"Server is running on port 3000","timestamp":"2024-07-12T21:39:04.846Z"}
{"level":"info","message":"Logger initialized successfully.","timestamp":"2024-07-12T21:40:19.321Z"}
{"level":"info","message":"MQTT client initialized successfully.","timestamp":"2024-07-12T21:40:19.358Z"}
{"level":"info","message":"Server is running on port 3000","timestamp":"2024-07-12T21:40:19.366Z"}
{"level":"info","message":"Logger initialized successfully.","timestamp":"2024-07-12T21:46:06.597Z"}
{"level":"info","message":"MQTT client initialized successfully.","timestamp":"2024-07-12T21:46:06.635Z"}
{"level":"info","message":"Server is running on port 3000","timestamp":"2024-07-12T21:46:06.641Z"}
{"level":"info","message":"Logger initialized successfully.","timestamp":"2024-07-12T21:51:56.154Z"}
{"level":"info","message":"MQTT client initialized successfully.","timestamp":"2024-07-12T21:51:56.193Z"}
{"level":"info","message":"Server is running on port 3000","timestamp":"2024-07-12T21:51:56.199Z"}
{"level":"info","message":"Logger initialized successfully.","timestamp":"2024-07-12T21:52:21.346Z"}
{"level":"info","message":"MQTT client initialized successfully.","timestamp":"2024-07-12T21:52:21.387Z"}
{"level":"info","message":"Server is running on port 3000","timestamp":"2024-07-12T21:52:21.392Z"}
{"level":"info","message":"Logger initialized successfully.","timestamp":"2024-07-12T21:52:45.582Z"}
{"level":"info","message":"MQTT client initialized successfully.","timestamp":"2024-07-12T21:52:45.618Z"}
{"level":"info","message":"Server is running on port 3000","timestamp":"2024-07-12T21:52:45.624Z"}
{"level":"info","message":"Logger initialized successfully.","timestamp":"2024-07-12T21:53:07.573Z"}
{"level":"info","message":"MQTT client initialized successfully.","timestamp":"2024-07-12T21:53:07.610Z"}
{"level":"info","message":"Server is running on port 3000","timestamp":"2024-07-12T21:53:07.616Z"}
{"level":"info","message":"SIGINT signal received: closing HTTP server","timestamp":"2024-07-12T21:53:17.096Z"}
{"level":"info","message":"Logger initialized successfully.","timestamp":"2024-07-12T21:53:30.749Z"}
{"level":"info","message":"MQTT client initialized successfully.","timestamp":"2024-07-12T21:53:30.784Z"}
{"level":"info","message":"Server is running on port 3000","timestamp":"2024-07-12T21:53:30.790Z"}
{"level":"info","message":"SIGINT signal received: closing HTTP server","timestamp":"2024-07-12T21:59:11.430Z"}
